<?xml version="1.0" encoding="UTF-8"?>
<TestRun id="c18ef44e-5ef9-4a4d-a61f-0dbfee1d26be" name="d.demidov@SD-LABA-8 2012-01-30 10:06:01" runUser="ITRANSITION\d.demidov" xmlns="http://microsoft.com/schemas/VisualStudio/TeamTest/2010">
  <TestSettings name="Local" id="744b2588-026e-462a-817a-acbe96aacba9">
    <Description>These are default test settings for a local test run.</Description>
    <Deployment enabled="false" runDeploymentRoot="d.demidov_SD-LABA-8 2012-01-30 10_06_01">
      <DeploymentItem filename="D:\work\Demidov\ProjectWatcher1\ProjectWatcher\Authorization\bin\Debug\Authorization.dll" />
      <DeploymentItem filename="D:\work\Demidov\ProjectWatcher1\ProjectWatcher\Validation\bin\Debug\SystemSettings.dll" />
      <DeploymentItem filename="D:\work\Demidov\ProjectWatcher1\ProjectWatcher\DAL\bin\Debug\DAL.dll" />
      <DeploymentItem filename="D:\work\Demidov\ProjectWatcher1\ProjectWatcher\ProjectWatcher\bin\ProjectWatcher.dll" />
      <DeploymentItem filename="D:\work\Demidov\ProjectWatcher1\ProjectWatcher\TestProject\bin\Debug\anrControls.Markdown.NET.dll" />
      <DeploymentItem filename="D:\work\Demidov\ProjectWatcher1\ProjectWatcher\TestProject\bin\Debug\Rhino.Mocks.dll" />
      <DeploymentItem filename="D:\work\Demidov\ProjectWatcher1\ProjectWatcher\ExternalLibs\NMock2.dll" />
    </Deployment>
    <Execution>
      <TestTypeSpecific />
      <AgentRule name="Execution Agents">
      </AgentRule>
    </Execution>
  </TestSettings>
  <Times creation="2012-01-30T10:06:01.4779939+03:00" queuing="2012-01-30T10:06:03.9812442+03:00" start="2012-01-30T10:06:04.3262787+03:00" finish="2012-01-30T10:06:25.3813840+03:00" />
  <ResultSummary outcome="Error">
    <Counters total="18" executed="1" error="0" failed="0" timeout="0" aborted="1" inconclusive="0" passedButRunAborted="0" notRunnable="0" notExecuted="17" disconnected="0" warning="0" passed="0" completed="0" inProgress="0" pending="0" />
    <RunInfos>
      <RunInfo computerName="SD-LABA-8" outcome="Error" timestamp="2012-01-30T10:06:25.3763835+03:00">
        <Text>Test host process exited unexpectedly.</Text>
      </RunInfo>
    </RunInfos>
  </ResultSummary>
  <TestDefinitions>
    <UnitTest name="DeleteFunctionsTest" storage="d:\work\demidov\projectwatcher1\projectwatcher\testproject\bin\debug\testproject.dll" id="19af2c87-2e28-0ae7-52ee-e6e5a46fbe1b">
      <Execution id="84b16d6d-b3ac-4f55-9d3d-b9f162fea72a" />
      <TestMethod codeBase="D:/work/Demidov/ProjectWatcher1/ProjectWatcher/TestProject/bin/Debug/TestProject.DLL" adapterTypeName="Microsoft.VisualStudio.TestTools.TestTypes.Unit.UnitTestAdapter, Microsoft.VisualStudio.QualityTools.Tips.UnitTest.Adapter, Version=10.0.0.0, Culture=neutral, PublicKeyToken=b03f5f7f11d50a3a" className="TestProject.ProjectsHelperTest, TestProject, Version=1.0.0.0, Culture=neutral, PublicKeyToken=null" name="DeleteFunctionsTest" />
    </UnitTest>
    <UnitTest name="GetPropertiesDefinitionsTest" storage="d:\work\demidov\projectwatcher1\projectwatcher\testproject\bin\debug\testproject.dll" id="3fadbe7c-8122-8645-3fe8-e0598248f416">
      <Execution id="22de1198-8b3e-4304-bd8a-c781f9ddf45f" />
      <TestMethod codeBase="D:/work/Demidov/ProjectWatcher1/ProjectWatcher/TestProject/bin/Debug/TestProject.DLL" adapterTypeName="Microsoft.VisualStudio.TestTools.TestTypes.Unit.UnitTestAdapter, Microsoft.VisualStudio.QualityTools.Tips.UnitTest.Adapter, Version=10.0.0.0, Culture=neutral, PublicKeyToken=b03f5f7f11d50a3a" className="TestProject.ProjectsReaderTest, TestProject, Version=1.0.0.0, Culture=neutral, PublicKeyToken=null" name="GetPropertiesDefinitionsTest" />
    </UnitTest>
    <UnitTest name="CreateFooterModelTest" storage="d:\work\demidov\projectwatcher1\projectwatcher\testproject\bin\debug\testproject.dll" id="b7f7d50f-7580-9f38-5947-a3a34adaf952">
      <Execution id="df97d018-6343-4a0e-8597-afcee5694073" />
      <TestMethod codeBase="D:/work/Demidov/ProjectWatcher1/ProjectWatcher/TestProject/bin/Debug/TestProject.DLL" adapterTypeName="Microsoft.VisualStudio.TestTools.TestTypes.Unit.UnitTestAdapter, Microsoft.VisualStudio.QualityTools.Tips.UnitTest.Adapter, Version=10.0.0.0, Culture=neutral, PublicKeyToken=b03f5f7f11d50a3a" className="TestProject.ProjectsHelperTest, TestProject, Version=1.0.0.0, Culture=neutral, PublicKeyToken=null" name="CreateFooterModelTest" />
    </UnitTest>
    <UnitTest name="SetValuesIntoFormulasTest" storage="d:\work\demidov\projectwatcher1\projectwatcher\testproject\bin\debug\testproject.dll" id="15097f91-037d-e8d1-b5f3-56560dcfdece">
      <Execution id="83e7dd1b-239c-42ce-942c-7cd97d6ab244" />
      <TestMethod codeBase="D:/work/Demidov/ProjectWatcher1/ProjectWatcher/TestProject/bin/Debug/TestProject.DLL" adapterTypeName="Microsoft.VisualStudio.TestTools.TestTypes.Unit.UnitTestAdapter, Microsoft.VisualStudio.QualityTools.Tips.UnitTest.Adapter, Version=10.0.0.0, Culture=neutral, PublicKeyToken=b03f5f7f11d50a3a" className="TestProject.ProjectsHelperTest, TestProject, Version=1.0.0.0, Culture=neutral, PublicKeyToken=null" name="SetValuesIntoFormulasTest" />
    </UnitTest>
    <UnitTest name="CreateNewPropertyTest2" storage="d:\work\demidov\projectwatcher1\projectwatcher\testproject\bin\debug\testproject.dll" id="c6bcfdc2-241a-5176-35fd-177c19f841f3">
      <Execution id="f9d7c4f4-78a8-42b3-8937-935d84d075f5" />
      <TestMethod codeBase="D:/work/Demidov/ProjectWatcher1/ProjectWatcher/TestProject/bin/Debug/TestProject.DLL" adapterTypeName="Microsoft.VisualStudio.TestTools.TestTypes.Unit.UnitTestAdapter, Microsoft.VisualStudio.QualityTools.Tips.UnitTest.Adapter, Version=10.0.0.0, Culture=neutral, PublicKeyToken=b03f5f7f11d50a3a" className="TestProject.ProjectsReaderTest, TestProject, Version=1.0.0.0, Culture=neutral, PublicKeyToken=null" name="CreateNewPropertyTest2" />
    </UnitTest>
    <UnitTest name="StringToColumnTest" storage="d:\work\demidov\projectwatcher1\projectwatcher\testproject\bin\debug\testproject.dll" id="5e6eb382-3c25-c34d-109c-e268ac443ad8">
      <Execution id="e8d02d1f-2409-4ff5-9d55-cd5bf6c5feac" />
      <TestMethod codeBase="D:/work/Demidov/ProjectWatcher1/ProjectWatcher/TestProject/bin/Debug/TestProject.DLL" adapterTypeName="Microsoft.VisualStudio.TestTools.TestTypes.Unit.UnitTestAdapter, Microsoft.VisualStudio.QualityTools.Tips.UnitTest.Adapter, Version=10.0.0.0, Culture=neutral, PublicKeyToken=b03f5f7f11d50a3a" className="TestProject.ProjectsHelperTest, TestProject, Version=1.0.0.0, Culture=neutral, PublicKeyToken=null" name="StringToColumnTest" />
    </UnitTest>
    <UnitTest name="GetFuncAndVarTest" storage="d:\work\demidov\projectwatcher1\projectwatcher\testproject\bin\debug\testproject.dll" id="e4ee5135-d52c-e831-1731-99027035f03a">
      <Execution id="789cd26e-1c15-4630-99bd-b7c1f52b5d39" />
      <TestMethod codeBase="D:/work/Demidov/ProjectWatcher1/ProjectWatcher/TestProject/bin/Debug/TestProject.DLL" adapterTypeName="Microsoft.VisualStudio.TestTools.TestTypes.Unit.UnitTestAdapter, Microsoft.VisualStudio.QualityTools.Tips.UnitTest.Adapter, Version=10.0.0.0, Culture=neutral, PublicKeyToken=b03f5f7f11d50a3a" className="TestProject.ProjectsHelperTest, TestProject, Version=1.0.0.0, Culture=neutral, PublicKeyToken=null" name="GetFuncAndVarTest" />
    </UnitTest>
    <UnitTest name="FormCSVFileTest" storage="d:\work\demidov\projectwatcher1\projectwatcher\testproject\bin\debug\testproject.dll" id="c073fbef-a541-181b-a5d4-d06f138e9cab">
      <Execution id="3bf31230-fa65-4fed-9710-f2371f0bc8bb" />
      <TestMethod codeBase="D:/work/Demidov/ProjectWatcher1/ProjectWatcher/TestProject/bin/Debug/TestProject.DLL" adapterTypeName="Microsoft.VisualStudio.TestTools.TestTypes.Unit.UnitTestAdapter, Microsoft.VisualStudio.QualityTools.Tips.UnitTest.Adapter, Version=10.0.0.0, Culture=neutral, PublicKeyToken=b03f5f7f11d50a3a" className="TestProject.ProjectsHelperTest, TestProject, Version=1.0.0.0, Culture=neutral, PublicKeyToken=null" name="FormCSVFileTest" />
    </UnitTest>
    <UnitTest name="GetFunctionsTest" storage="d:\work\demidov\projectwatcher1\projectwatcher\testproject\bin\debug\testproject.dll" id="067bc254-eb01-e54b-b1b0-617ef6ab44e1">
      <Execution id="906d2784-5835-49f1-8dc0-b71f20508f3b" />
      <TestMethod codeBase="D:/work/Demidov/ProjectWatcher1/ProjectWatcher/TestProject/bin/Debug/TestProject.DLL" adapterTypeName="Microsoft.VisualStudio.TestTools.TestTypes.Unit.UnitTestAdapter, Microsoft.VisualStudio.QualityTools.Tips.UnitTest.Adapter, Version=10.0.0.0, Culture=neutral, PublicKeyToken=b03f5f7f11d50a3a" className="TestProject.ProjectsHelperTest, TestProject, Version=1.0.0.0, Culture=neutral, PublicKeyToken=null" name="GetFunctionsTest" />
    </UnitTest>
    <UnitTest name="GetProjectTest" storage="d:\work\demidov\projectwatcher1\projectwatcher\testproject\bin\debug\testproject.dll" id="3cc554ee-dc1d-1d98-3159-a14f45ff35c7">
      <Execution id="db932cc3-43f1-4fd2-945e-9d8041a2683e" />
      <TestMethod codeBase="D:/work/Demidov/ProjectWatcher1/ProjectWatcher/TestProject/bin/Debug/TestProject.DLL" adapterTypeName="Microsoft.VisualStudio.TestTools.TestTypes.Unit.UnitTestAdapter, Microsoft.VisualStudio.QualityTools.Tips.UnitTest.Adapter, Version=10.0.0.0, Culture=neutral, PublicKeyToken=b03f5f7f11d50a3a" className="TestProject.ProjectsReaderTest, TestProject, Version=1.0.0.0, Culture=neutral, PublicKeyToken=null" name="GetProjectTest" />
    </UnitTest>
    <UnitTest name="GetVariablesTest" storage="d:\work\demidov\projectwatcher1\projectwatcher\testproject\bin\debug\testproject.dll" id="41a1eb7c-2590-e013-66f1-5e5b6213345a">
      <Execution id="ca5fd6bf-dc50-4ff1-879f-a75046a4b09c" />
      <TestMethod codeBase="D:/work/Demidov/ProjectWatcher1/ProjectWatcher/TestProject/bin/Debug/TestProject.DLL" adapterTypeName="Microsoft.VisualStudio.TestTools.TestTypes.Unit.UnitTestAdapter, Microsoft.VisualStudio.QualityTools.Tips.UnitTest.Adapter, Version=10.0.0.0, Culture=neutral, PublicKeyToken=b03f5f7f11d50a3a" className="TestProject.ProjectsHelperTest, TestProject, Version=1.0.0.0, Culture=neutral, PublicKeyToken=null" name="GetVariablesTest" />
    </UnitTest>
    <UnitTest name="GetFunctionsAndVariablesTest" storage="d:\work\demidov\projectwatcher1\projectwatcher\testproject\bin\debug\testproject.dll" id="6b322db4-52bb-b761-35a2-88784156fad4">
      <Execution id="11ba81b0-8551-47c1-ae02-042d4fc796ae" />
      <TestMethod codeBase="D:/work/Demidov/ProjectWatcher1/ProjectWatcher/TestProject/bin/Debug/TestProject.DLL" adapterTypeName="Microsoft.VisualStudio.TestTools.TestTypes.Unit.UnitTestAdapter, Microsoft.VisualStudio.QualityTools.Tips.UnitTest.Adapter, Version=10.0.0.0, Culture=neutral, PublicKeyToken=b03f5f7f11d50a3a" className="TestProject.ProjectsHelperTest, TestProject, Version=1.0.0.0, Culture=neutral, PublicKeyToken=null" name="GetFunctionsAndVariablesTest" />
    </UnitTest>
    <UnitTest name="CreateNewPropertyTest3" storage="d:\work\demidov\projectwatcher1\projectwatcher\testproject\bin\debug\testproject.dll" id="c7536d31-0bc6-a379-5d57-b2fcc3ad9f2c">
      <Execution id="6add14b2-778a-4adb-8183-c9fd7dbee198" />
      <TestMethod codeBase="D:/work/Demidov/ProjectWatcher1/ProjectWatcher/TestProject/bin/Debug/TestProject.DLL" adapterTypeName="Microsoft.VisualStudio.TestTools.TestTypes.Unit.UnitTestAdapter, Microsoft.VisualStudio.QualityTools.Tips.UnitTest.Adapter, Version=10.0.0.0, Culture=neutral, PublicKeyToken=b03f5f7f11d50a3a" className="TestProject.ProjectsReaderTest, TestProject, Version=1.0.0.0, Culture=neutral, PublicKeyToken=null" name="CreateNewPropertyTest3" />
    </UnitTest>
    <UnitTest name="CreateExportDataTest" storage="d:\work\demidov\projectwatcher1\projectwatcher\testproject\bin\debug\testproject.dll" id="4cca512c-3df2-ed2f-b893-3ab183a0f8a1">
      <Execution id="d899b8e0-b54b-4f40-b7f0-e2af7f384ee0" />
      <TestMethod codeBase="D:/work/Demidov/ProjectWatcher1/ProjectWatcher/TestProject/bin/Debug/TestProject.DLL" adapterTypeName="Microsoft.VisualStudio.TestTools.TestTypes.Unit.UnitTestAdapter, Microsoft.VisualStudio.QualityTools.Tips.UnitTest.Adapter, Version=10.0.0.0, Culture=neutral, PublicKeyToken=b03f5f7f11d50a3a" className="TestProject.ProjectsHelperTest, TestProject, Version=1.0.0.0, Culture=neutral, PublicKeyToken=null" name="CreateExportDataTest" />
    </UnitTest>
    <UnitTest name="CreateNewPropertyTest1" storage="d:\work\demidov\projectwatcher1\projectwatcher\testproject\bin\debug\testproject.dll" id="7695b576-139d-70b4-ee1c-475101dc4178">
      <Execution id="c1ac3ad8-3da5-4951-90f1-d4758693229c" />
      <TestMethod codeBase="D:/work/Demidov/ProjectWatcher1/ProjectWatcher/TestProject/bin/Debug/TestProject.DLL" adapterTypeName="Microsoft.VisualStudio.TestTools.TestTypes.Unit.UnitTestAdapter, Microsoft.VisualStudio.QualityTools.Tips.UnitTest.Adapter, Version=10.0.0.0, Culture=neutral, PublicKeyToken=b03f5f7f11d50a3a" className="TestProject.ProjectsReaderTest, TestProject, Version=1.0.0.0, Culture=neutral, PublicKeyToken=null" name="CreateNewPropertyTest1" />
    </UnitTest>
    <UnitTest name="StringToColumnExceptionTest" storage="d:\work\demidov\projectwatcher1\projectwatcher\testproject\bin\debug\testproject.dll" id="f9ef6d41-1239-8f52-3dfb-a0a832532c16">
      <Execution id="54630371-563c-4d15-9968-7ee986fcd99b" />
      <TestMethod codeBase="D:/work/Demidov/ProjectWatcher1/ProjectWatcher/TestProject/bin/Debug/TestProject.DLL" adapterTypeName="Microsoft.VisualStudio.TestTools.TestTypes.Unit.UnitTestAdapter, Microsoft.VisualStudio.QualityTools.Tips.UnitTest.Adapter, Version=10.0.0.0, Culture=neutral, PublicKeyToken=b03f5f7f11d50a3a" className="TestProject.ProjectsHelperTest, TestProject, Version=1.0.0.0, Culture=neutral, PublicKeyToken=null" name="StringToColumnExceptionTest" />
    </UnitTest>
    <UnitTest name="CreateFilterModelTest" storage="d:\work\demidov\projectwatcher1\projectwatcher\testproject\bin\debug\testproject.dll" id="3bf54a8a-3985-7233-1816-155c4f3016be">
      <Execution id="a58b0e9e-a37e-4551-a295-3bb9a769b3d4" />
      <TestMethod codeBase="D:/work/Demidov/ProjectWatcher1/ProjectWatcher/TestProject/bin/Debug/TestProject.DLL" adapterTypeName="Microsoft.VisualStudio.TestTools.TestTypes.Unit.UnitTestAdapter, Microsoft.VisualStudio.QualityTools.Tips.UnitTest.Adapter, Version=10.0.0.0, Culture=neutral, PublicKeyToken=b03f5f7f11d50a3a" className="TestProject.ProjectsHelperTest, TestProject, Version=1.0.0.0, Culture=neutral, PublicKeyToken=null" name="CreateFilterModelTest" />
    </UnitTest>
    <UnitTest name="RequestBuilderTest" storage="d:\work\demidov\projectwatcher1\projectwatcher\testproject\bin\debug\testproject.dll" id="ef00f901-fd6a-b75c-5f01-f2fa43dfda91">
      <Execution id="80cb1194-4c74-4cc1-8ee5-1ba1710c1fca" />
      <TestMethod codeBase="D:/work/Demidov/ProjectWatcher1/ProjectWatcher/TestProject/bin/Debug/TestProject.DLL" adapterTypeName="Microsoft.VisualStudio.TestTools.TestTypes.Unit.UnitTestAdapter, Microsoft.VisualStudio.QualityTools.Tips.UnitTest.Adapter, Version=10.0.0.0, Culture=neutral, PublicKeyToken=b03f5f7f11d50a3a" className="TestProject.ProjectsHelperTest, TestProject, Version=1.0.0.0, Culture=neutral, PublicKeyToken=null" name="RequestBuilderTest" />
    </UnitTest>
  </TestDefinitions>
  <TestLists>
    <TestList name="Results Not in a List" id="8c84fa94-04c1-424b-9868-57a2d4851a1d" />
    <TestList name="All Loaded Results" id="19431567-8539-422a-85d7-44ee4e166bda" />
  </TestLists>
  <TestEntries>
    <TestEntry testId="3fadbe7c-8122-8645-3fe8-e0598248f416" executionId="22de1198-8b3e-4304-bd8a-c781f9ddf45f" testListId="8c84fa94-04c1-424b-9868-57a2d4851a1d" />
    <TestEntry testId="7695b576-139d-70b4-ee1c-475101dc4178" executionId="c1ac3ad8-3da5-4951-90f1-d4758693229c" testListId="8c84fa94-04c1-424b-9868-57a2d4851a1d" />
    <TestEntry testId="c6bcfdc2-241a-5176-35fd-177c19f841f3" executionId="f9d7c4f4-78a8-42b3-8937-935d84d075f5" testListId="8c84fa94-04c1-424b-9868-57a2d4851a1d" />
    <TestEntry testId="c7536d31-0bc6-a379-5d57-b2fcc3ad9f2c" executionId="6add14b2-778a-4adb-8183-c9fd7dbee198" testListId="8c84fa94-04c1-424b-9868-57a2d4851a1d" />
    <TestEntry testId="3cc554ee-dc1d-1d98-3159-a14f45ff35c7" executionId="db932cc3-43f1-4fd2-945e-9d8041a2683e" testListId="8c84fa94-04c1-424b-9868-57a2d4851a1d" />
    <TestEntry testId="f9ef6d41-1239-8f52-3dfb-a0a832532c16" executionId="54630371-563c-4d15-9968-7ee986fcd99b" testListId="8c84fa94-04c1-424b-9868-57a2d4851a1d" />
    <TestEntry testId="e4ee5135-d52c-e831-1731-99027035f03a" executionId="789cd26e-1c15-4630-99bd-b7c1f52b5d39" testListId="8c84fa94-04c1-424b-9868-57a2d4851a1d" />
    <TestEntry testId="ef00f901-fd6a-b75c-5f01-f2fa43dfda91" executionId="80cb1194-4c74-4cc1-8ee5-1ba1710c1fca" testListId="8c84fa94-04c1-424b-9868-57a2d4851a1d" />
    <TestEntry testId="3bf54a8a-3985-7233-1816-155c4f3016be" executionId="a58b0e9e-a37e-4551-a295-3bb9a769b3d4" testListId="8c84fa94-04c1-424b-9868-57a2d4851a1d" />
    <TestEntry testId="b7f7d50f-7580-9f38-5947-a3a34adaf952" executionId="df97d018-6343-4a0e-8597-afcee5694073" testListId="8c84fa94-04c1-424b-9868-57a2d4851a1d" />
    <TestEntry testId="19af2c87-2e28-0ae7-52ee-e6e5a46fbe1b" executionId="84b16d6d-b3ac-4f55-9d3d-b9f162fea72a" testListId="8c84fa94-04c1-424b-9868-57a2d4851a1d" />
    <TestEntry testId="067bc254-eb01-e54b-b1b0-617ef6ab44e1" executionId="906d2784-5835-49f1-8dc0-b71f20508f3b" testListId="8c84fa94-04c1-424b-9868-57a2d4851a1d" />
    <TestEntry testId="6b322db4-52bb-b761-35a2-88784156fad4" executionId="11ba81b0-8551-47c1-ae02-042d4fc796ae" testListId="8c84fa94-04c1-424b-9868-57a2d4851a1d" />
    <TestEntry testId="41a1eb7c-2590-e013-66f1-5e5b6213345a" executionId="ca5fd6bf-dc50-4ff1-879f-a75046a4b09c" testListId="8c84fa94-04c1-424b-9868-57a2d4851a1d" />
    <TestEntry testId="15097f91-037d-e8d1-b5f3-56560dcfdece" executionId="83e7dd1b-239c-42ce-942c-7cd97d6ab244" testListId="8c84fa94-04c1-424b-9868-57a2d4851a1d" />
    <TestEntry testId="5e6eb382-3c25-c34d-109c-e268ac443ad8" executionId="e8d02d1f-2409-4ff5-9d55-cd5bf6c5feac" testListId="8c84fa94-04c1-424b-9868-57a2d4851a1d" />
    <TestEntry testId="4cca512c-3df2-ed2f-b893-3ab183a0f8a1" executionId="d899b8e0-b54b-4f40-b7f0-e2af7f384ee0" testListId="8c84fa94-04c1-424b-9868-57a2d4851a1d" />
    <TestEntry testId="c073fbef-a541-181b-a5d4-d06f138e9cab" executionId="3bf31230-fa65-4fed-9710-f2371f0bc8bb" testListId="8c84fa94-04c1-424b-9868-57a2d4851a1d" />
  </TestEntries>
  <Results>
    <UnitTestResult executionId="22de1198-8b3e-4304-bd8a-c781f9ddf45f" testId="3fadbe7c-8122-8645-3fe8-e0598248f416" testName="GetPropertiesDefinitionsTest" computerName="SD-LABA-8" duration="00:00:20.7360734" startTime="2012-01-30T10:06:04.6413102+03:00" endTime="2012-01-30T10:06:25.3773836+03:00" testType="13cdc9d9-ddb5-4fa4-a97d-d965ccfc6d4b" outcome="Aborted" testListId="8c84fa94-04c1-424b-9868-57a2d4851a1d" relativeResultsDirectory="22de1198-8b3e-4304-bd8a-c781f9ddf45f">
    </UnitTestResult>
    <UnitTestResult executionId="c1ac3ad8-3da5-4951-90f1-d4758693229c" testId="7695b576-139d-70b4-ee1c-475101dc4178" testName="CreateNewPropertyTest1" computerName="SD-LABA-8" testType="13cdc9d9-ddb5-4fa4-a97d-d965ccfc6d4b" outcome="NotExecuted" testListId="8c84fa94-04c1-424b-9868-57a2d4851a1d" relativeResultsDirectory="c1ac3ad8-3da5-4951-90f1-d4758693229c">
    </UnitTestResult>
    <UnitTestResult executionId="f9d7c4f4-78a8-42b3-8937-935d84d075f5" testId="c6bcfdc2-241a-5176-35fd-177c19f841f3" testName="CreateNewPropertyTest2" computerName="SD-LABA-8" testType="13cdc9d9-ddb5-4fa4-a97d-d965ccfc6d4b" outcome="NotExecuted" testListId="8c84fa94-04c1-424b-9868-57a2d4851a1d" relativeResultsDirectory="f9d7c4f4-78a8-42b3-8937-935d84d075f5">
    </UnitTestResult>
    <UnitTestResult executionId="6add14b2-778a-4adb-8183-c9fd7dbee198" testId="c7536d31-0bc6-a379-5d57-b2fcc3ad9f2c" testName="CreateNewPropertyTest3" computerName="SD-LABA-8" testType="13cdc9d9-ddb5-4fa4-a97d-d965ccfc6d4b" outcome="NotExecuted" testListId="8c84fa94-04c1-424b-9868-57a2d4851a1d" relativeResultsDirectory="6add14b2-778a-4adb-8183-c9fd7dbee198">
    </UnitTestResult>
    <UnitTestResult executionId="db932cc3-43f1-4fd2-945e-9d8041a2683e" testId="3cc554ee-dc1d-1d98-3159-a14f45ff35c7" testName="GetProjectTest" computerName="SD-LABA-8" testType="13cdc9d9-ddb5-4fa4-a97d-d965ccfc6d4b" outcome="NotExecuted" testListId="8c84fa94-04c1-424b-9868-57a2d4851a1d" relativeResultsDirectory="db932cc3-43f1-4fd2-945e-9d8041a2683e">
    </UnitTestResult>
    <UnitTestResult executionId="54630371-563c-4d15-9968-7ee986fcd99b" testId="f9ef6d41-1239-8f52-3dfb-a0a832532c16" testName="StringToColumnExceptionTest" computerName="SD-LABA-8" testType="13cdc9d9-ddb5-4fa4-a97d-d965ccfc6d4b" outcome="NotExecuted" testListId="8c84fa94-04c1-424b-9868-57a2d4851a1d" relativeResultsDirectory="54630371-563c-4d15-9968-7ee986fcd99b">
    </UnitTestResult>
    <UnitTestResult executionId="789cd26e-1c15-4630-99bd-b7c1f52b5d39" testId="e4ee5135-d52c-e831-1731-99027035f03a" testName="GetFuncAndVarTest" computerName="SD-LABA-8" testType="13cdc9d9-ddb5-4fa4-a97d-d965ccfc6d4b" outcome="NotExecuted" testListId="8c84fa94-04c1-424b-9868-57a2d4851a1d" relativeResultsDirectory="789cd26e-1c15-4630-99bd-b7c1f52b5d39">
    </UnitTestResult>
    <UnitTestResult executionId="80cb1194-4c74-4cc1-8ee5-1ba1710c1fca" testId="ef00f901-fd6a-b75c-5f01-f2fa43dfda91" testName="RequestBuilderTest" computerName="SD-LABA-8" testType="13cdc9d9-ddb5-4fa4-a97d-d965ccfc6d4b" outcome="NotExecuted" testListId="8c84fa94-04c1-424b-9868-57a2d4851a1d" relativeResultsDirectory="80cb1194-4c74-4cc1-8ee5-1ba1710c1fca">
    </UnitTestResult>
    <UnitTestResult executionId="a58b0e9e-a37e-4551-a295-3bb9a769b3d4" testId="3bf54a8a-3985-7233-1816-155c4f3016be" testName="CreateFilterModelTest" computerName="SD-LABA-8" testType="13cdc9d9-ddb5-4fa4-a97d-d965ccfc6d4b" outcome="NotExecuted" testListId="8c84fa94-04c1-424b-9868-57a2d4851a1d" relativeResultsDirectory="a58b0e9e-a37e-4551-a295-3bb9a769b3d4">
    </UnitTestResult>
    <UnitTestResult executionId="df97d018-6343-4a0e-8597-afcee5694073" testId="b7f7d50f-7580-9f38-5947-a3a34adaf952" testName="CreateFooterModelTest" computerName="SD-LABA-8" testType="13cdc9d9-ddb5-4fa4-a97d-d965ccfc6d4b" outcome="NotExecuted" testListId="8c84fa94-04c1-424b-9868-57a2d4851a1d" relativeResultsDirectory="df97d018-6343-4a0e-8597-afcee5694073">
    </UnitTestResult>
    <UnitTestResult executionId="84b16d6d-b3ac-4f55-9d3d-b9f162fea72a" testId="19af2c87-2e28-0ae7-52ee-e6e5a46fbe1b" testName="DeleteFunctionsTest" computerName="SD-LABA-8" testType="13cdc9d9-ddb5-4fa4-a97d-d965ccfc6d4b" outcome="NotExecuted" testListId="8c84fa94-04c1-424b-9868-57a2d4851a1d" relativeResultsDirectory="84b16d6d-b3ac-4f55-9d3d-b9f162fea72a">
    </UnitTestResult>
    <UnitTestResult executionId="906d2784-5835-49f1-8dc0-b71f20508f3b" testId="067bc254-eb01-e54b-b1b0-617ef6ab44e1" testName="GetFunctionsTest" computerName="SD-LABA-8" testType="13cdc9d9-ddb5-4fa4-a97d-d965ccfc6d4b" outcome="NotExecuted" testListId="8c84fa94-04c1-424b-9868-57a2d4851a1d" relativeResultsDirectory="906d2784-5835-49f1-8dc0-b71f20508f3b">
    </UnitTestResult>
    <UnitTestResult executionId="11ba81b0-8551-47c1-ae02-042d4fc796ae" testId="6b322db4-52bb-b761-35a2-88784156fad4" testName="GetFunctionsAndVariablesTest" computerName="SD-LABA-8" testType="13cdc9d9-ddb5-4fa4-a97d-d965ccfc6d4b" outcome="NotExecuted" testListId="8c84fa94-04c1-424b-9868-57a2d4851a1d" relativeResultsDirectory="11ba81b0-8551-47c1-ae02-042d4fc796ae">
    </UnitTestResult>
    <UnitTestResult executionId="ca5fd6bf-dc50-4ff1-879f-a75046a4b09c" testId="41a1eb7c-2590-e013-66f1-5e5b6213345a" testName="GetVariablesTest" computerName="SD-LABA-8" testType="13cdc9d9-ddb5-4fa4-a97d-d965ccfc6d4b" outcome="NotExecuted" testListId="8c84fa94-04c1-424b-9868-57a2d4851a1d" relativeResultsDirectory="ca5fd6bf-dc50-4ff1-879f-a75046a4b09c">
    </UnitTestResult>
    <UnitTestResult executionId="83e7dd1b-239c-42ce-942c-7cd97d6ab244" testId="15097f91-037d-e8d1-b5f3-56560dcfdece" testName="SetValuesIntoFormulasTest" computerName="SD-LABA-8" testType="13cdc9d9-ddb5-4fa4-a97d-d965ccfc6d4b" outcome="NotExecuted" testListId="8c84fa94-04c1-424b-9868-57a2d4851a1d" relativeResultsDirectory="83e7dd1b-239c-42ce-942c-7cd97d6ab244">
    </UnitTestResult>
    <UnitTestResult executionId="e8d02d1f-2409-4ff5-9d55-cd5bf6c5feac" testId="5e6eb382-3c25-c34d-109c-e268ac443ad8" testName="StringToColumnTest" computerName="SD-LABA-8" testType="13cdc9d9-ddb5-4fa4-a97d-d965ccfc6d4b" outcome="NotExecuted" testListId="8c84fa94-04c1-424b-9868-57a2d4851a1d" relativeResultsDirectory="e8d02d1f-2409-4ff5-9d55-cd5bf6c5feac">
    </UnitTestResult>
    <UnitTestResult executionId="d899b8e0-b54b-4f40-b7f0-e2af7f384ee0" testId="4cca512c-3df2-ed2f-b893-3ab183a0f8a1" testName="CreateExportDataTest" computerName="SD-LABA-8" testType="13cdc9d9-ddb5-4fa4-a97d-d965ccfc6d4b" outcome="NotExecuted" testListId="8c84fa94-04c1-424b-9868-57a2d4851a1d" relativeResultsDirectory="d899b8e0-b54b-4f40-b7f0-e2af7f384ee0">
    </UnitTestResult>
    <UnitTestResult executionId="3bf31230-fa65-4fed-9710-f2371f0bc8bb" testId="c073fbef-a541-181b-a5d4-d06f138e9cab" testName="FormCSVFileTest" computerName="SD-LABA-8" testType="13cdc9d9-ddb5-4fa4-a97d-d965ccfc6d4b" outcome="NotExecuted" testListId="8c84fa94-04c1-424b-9868-57a2d4851a1d" relativeResultsDirectory="3bf31230-fa65-4fed-9710-f2371f0bc8bb">
    </UnitTestResult>
  </Results>
</TestRun>