<?xml version="1.0" encoding="UTF-8"?>
<TestRun id="09344992-e40b-4ef8-a8a7-5e74b81736c7" name="d.demidov@SD-LABA-8 2012-01-30 10:00:38" runUser="ITRANSITION\d.demidov" xmlns="http://microsoft.com/schemas/VisualStudio/TeamTest/2010">
  <TestSettings name="Local" id="744b2588-026e-462a-817a-acbe96aacba9">
    <Description>These are default test settings for a local test run.</Description>
    <Deployment enabled="false" runDeploymentRoot="d.demidov_SD-LABA-8 2012-01-30 10_00_38">
      <DeploymentItem filename="D:\work\Demidov\ProjectWatcher1\ProjectWatcher\Authorization\bin\Debug\Authorization.dll" />
      <DeploymentItem filename="D:\work\Demidov\ProjectWatcher1\ProjectWatcher\Validation\bin\Debug\SystemSettings.dll" />
      <DeploymentItem filename="D:\work\Demidov\ProjectWatcher1\ProjectWatcher\DAL\bin\Debug\DAL.dll" />
      <DeploymentItem filename="D:\work\Demidov\ProjectWatcher1\ProjectWatcher\ProjectWatcher\bin\ProjectWatcher.dll" />
      <DeploymentItem filename="D:\work\Demidov\ProjectWatcher1\ProjectWatcher\TestProject\bin\Debug\anrControls.Markdown.NET.dll" />
      <DeploymentItem filename="D:\work\Demidov\ProjectWatcher1\ProjectWatcher\TestProject\bin\Debug\Rhino.Mocks.dll" />
      <DeploymentItem filename="D:\work\Demidov\ProjectWatcher1\ProjectWatcher\ExternalLibs\NMock2.dll" />
    </Deployment>
    <Execution>
      <TestTypeSpecific />
      <AgentRule name="Execution Agents">
      </AgentRule>
    </Execution>
  </TestSettings>
  <Times creation="2012-01-30T10:00:38.6307124+03:00" queuing="2012-01-30T10:00:40.8589352+03:00" start="2012-01-30T10:00:41.2059699+03:00" finish="2012-01-30T10:00:46.3464839+03:00" />
  <ResultSummary outcome="Error">
    <Counters total="18" executed="1" error="0" failed="0" timeout="0" aborted="1" inconclusive="0" passedButRunAborted="0" notRunnable="0" notExecuted="17" disconnected="0" warning="0" passed="0" completed="0" inProgress="0" pending="0" />
    <RunInfos>
      <RunInfo computerName="SD-LABA-8" outcome="Error" timestamp="2012-01-30T10:00:46.3434836+03:00">
        <Text>Test host process exited unexpectedly.</Text>
      </RunInfo>
    </RunInfos>
  </ResultSummary>
  <TestDefinitions>
    <UnitTest name="DeleteFunctionsTest" storage="d:\work\demidov\projectwatcher1\projectwatcher\testproject\bin\debug\testproject.dll" id="19af2c87-2e28-0ae7-52ee-e6e5a46fbe1b">
      <Execution id="e396fa5e-9f12-4712-be0d-d75a74b8ac31" />
      <TestMethod codeBase="D:/work/Demidov/ProjectWatcher1/ProjectWatcher/TestProject/bin/Debug/TestProject.DLL" adapterTypeName="Microsoft.VisualStudio.TestTools.TestTypes.Unit.UnitTestAdapter, Microsoft.VisualStudio.QualityTools.Tips.UnitTest.Adapter, Version=10.0.0.0, Culture=neutral, PublicKeyToken=b03f5f7f11d50a3a" className="TestProject.ProjectsHelperTest, TestProject, Version=1.0.0.0, Culture=neutral, PublicKeyToken=null" name="DeleteFunctionsTest" />
    </UnitTest>
    <UnitTest name="GetPropertiesDefinitionsTest" storage="d:\work\demidov\projectwatcher1\projectwatcher\testproject\bin\debug\testproject.dll" id="3fadbe7c-8122-8645-3fe8-e0598248f416">
      <Execution id="b03d28ec-2399-4ed6-aee6-4d3c730342de" />
      <TestMethod codeBase="D:/work/Demidov/ProjectWatcher1/ProjectWatcher/TestProject/bin/Debug/TestProject.DLL" adapterTypeName="Microsoft.VisualStudio.TestTools.TestTypes.Unit.UnitTestAdapter, Microsoft.VisualStudio.QualityTools.Tips.UnitTest.Adapter, Version=10.0.0.0, Culture=neutral, PublicKeyToken=b03f5f7f11d50a3a" className="TestProject.ProjectsReaderTest, TestProject, Version=1.0.0.0, Culture=neutral, PublicKeyToken=null" name="GetPropertiesDefinitionsTest" />
    </UnitTest>
    <UnitTest name="CreateFooterModelTest" storage="d:\work\demidov\projectwatcher1\projectwatcher\testproject\bin\debug\testproject.dll" id="b7f7d50f-7580-9f38-5947-a3a34adaf952">
      <Execution id="bb1376e3-caa1-4603-ad8a-dd5f211ca771" />
      <TestMethod codeBase="D:/work/Demidov/ProjectWatcher1/ProjectWatcher/TestProject/bin/Debug/TestProject.DLL" adapterTypeName="Microsoft.VisualStudio.TestTools.TestTypes.Unit.UnitTestAdapter, Microsoft.VisualStudio.QualityTools.Tips.UnitTest.Adapter, Version=10.0.0.0, Culture=neutral, PublicKeyToken=b03f5f7f11d50a3a" className="TestProject.ProjectsHelperTest, TestProject, Version=1.0.0.0, Culture=neutral, PublicKeyToken=null" name="CreateFooterModelTest" />
    </UnitTest>
    <UnitTest name="SetValuesIntoFormulasTest" storage="d:\work\demidov\projectwatcher1\projectwatcher\testproject\bin\debug\testproject.dll" id="15097f91-037d-e8d1-b5f3-56560dcfdece">
      <Execution id="6e7ce571-77a8-4c47-bbc5-47025a00a864" />
      <TestMethod codeBase="D:/work/Demidov/ProjectWatcher1/ProjectWatcher/TestProject/bin/Debug/TestProject.DLL" adapterTypeName="Microsoft.VisualStudio.TestTools.TestTypes.Unit.UnitTestAdapter, Microsoft.VisualStudio.QualityTools.Tips.UnitTest.Adapter, Version=10.0.0.0, Culture=neutral, PublicKeyToken=b03f5f7f11d50a3a" className="TestProject.ProjectsHelperTest, TestProject, Version=1.0.0.0, Culture=neutral, PublicKeyToken=null" name="SetValuesIntoFormulasTest" />
    </UnitTest>
    <UnitTest name="CreateNewPropertyTest2" storage="d:\work\demidov\projectwatcher1\projectwatcher\testproject\bin\debug\testproject.dll" id="c6bcfdc2-241a-5176-35fd-177c19f841f3">
      <Execution id="c9e155e7-e41c-40cf-96df-f36839498bb9" />
      <TestMethod codeBase="D:/work/Demidov/ProjectWatcher1/ProjectWatcher/TestProject/bin/Debug/TestProject.DLL" adapterTypeName="Microsoft.VisualStudio.TestTools.TestTypes.Unit.UnitTestAdapter, Microsoft.VisualStudio.QualityTools.Tips.UnitTest.Adapter, Version=10.0.0.0, Culture=neutral, PublicKeyToken=b03f5f7f11d50a3a" className="TestProject.ProjectsReaderTest, TestProject, Version=1.0.0.0, Culture=neutral, PublicKeyToken=null" name="CreateNewPropertyTest2" />
    </UnitTest>
    <UnitTest name="StringToColumnTest" storage="d:\work\demidov\projectwatcher1\projectwatcher\testproject\bin\debug\testproject.dll" id="5e6eb382-3c25-c34d-109c-e268ac443ad8">
      <Execution id="6cd37706-9502-421c-ba3b-4801e218a11e" />
      <TestMethod codeBase="D:/work/Demidov/ProjectWatcher1/ProjectWatcher/TestProject/bin/Debug/TestProject.DLL" adapterTypeName="Microsoft.VisualStudio.TestTools.TestTypes.Unit.UnitTestAdapter, Microsoft.VisualStudio.QualityTools.Tips.UnitTest.Adapter, Version=10.0.0.0, Culture=neutral, PublicKeyToken=b03f5f7f11d50a3a" className="TestProject.ProjectsHelperTest, TestProject, Version=1.0.0.0, Culture=neutral, PublicKeyToken=null" name="StringToColumnTest" />
    </UnitTest>
    <UnitTest name="GetFuncAndVarTest" storage="d:\work\demidov\projectwatcher1\projectwatcher\testproject\bin\debug\testproject.dll" id="e4ee5135-d52c-e831-1731-99027035f03a">
      <Execution id="d5cee394-814a-4dfc-8dd5-eccb66517248" />
      <TestMethod codeBase="D:/work/Demidov/ProjectWatcher1/ProjectWatcher/TestProject/bin/Debug/TestProject.DLL" adapterTypeName="Microsoft.VisualStudio.TestTools.TestTypes.Unit.UnitTestAdapter, Microsoft.VisualStudio.QualityTools.Tips.UnitTest.Adapter, Version=10.0.0.0, Culture=neutral, PublicKeyToken=b03f5f7f11d50a3a" className="TestProject.ProjectsHelperTest, TestProject, Version=1.0.0.0, Culture=neutral, PublicKeyToken=null" name="GetFuncAndVarTest" />
    </UnitTest>
    <UnitTest name="FormCSVFileTest" storage="d:\work\demidov\projectwatcher1\projectwatcher\testproject\bin\debug\testproject.dll" id="c073fbef-a541-181b-a5d4-d06f138e9cab">
      <Execution id="962c8896-61be-4dd4-9c6d-baeeb6ca48d6" />
      <TestMethod codeBase="D:/work/Demidov/ProjectWatcher1/ProjectWatcher/TestProject/bin/Debug/TestProject.DLL" adapterTypeName="Microsoft.VisualStudio.TestTools.TestTypes.Unit.UnitTestAdapter, Microsoft.VisualStudio.QualityTools.Tips.UnitTest.Adapter, Version=10.0.0.0, Culture=neutral, PublicKeyToken=b03f5f7f11d50a3a" className="TestProject.ProjectsHelperTest, TestProject, Version=1.0.0.0, Culture=neutral, PublicKeyToken=null" name="FormCSVFileTest" />
    </UnitTest>
    <UnitTest name="GetFunctionsTest" storage="d:\work\demidov\projectwatcher1\projectwatcher\testproject\bin\debug\testproject.dll" id="067bc254-eb01-e54b-b1b0-617ef6ab44e1">
      <Execution id="06948a7b-fd5b-4eb4-847b-41bceb16a096" />
      <TestMethod codeBase="D:/work/Demidov/ProjectWatcher1/ProjectWatcher/TestProject/bin/Debug/TestProject.DLL" adapterTypeName="Microsoft.VisualStudio.TestTools.TestTypes.Unit.UnitTestAdapter, Microsoft.VisualStudio.QualityTools.Tips.UnitTest.Adapter, Version=10.0.0.0, Culture=neutral, PublicKeyToken=b03f5f7f11d50a3a" className="TestProject.ProjectsHelperTest, TestProject, Version=1.0.0.0, Culture=neutral, PublicKeyToken=null" name="GetFunctionsTest" />
    </UnitTest>
    <UnitTest name="GetProjectTest" storage="d:\work\demidov\projectwatcher1\projectwatcher\testproject\bin\debug\testproject.dll" id="3cc554ee-dc1d-1d98-3159-a14f45ff35c7">
      <Execution id="7bf42f70-4d13-49aa-963d-0ea74395a7e1" />
      <TestMethod codeBase="D:/work/Demidov/ProjectWatcher1/ProjectWatcher/TestProject/bin/Debug/TestProject.DLL" adapterTypeName="Microsoft.VisualStudio.TestTools.TestTypes.Unit.UnitTestAdapter, Microsoft.VisualStudio.QualityTools.Tips.UnitTest.Adapter, Version=10.0.0.0, Culture=neutral, PublicKeyToken=b03f5f7f11d50a3a" className="TestProject.ProjectsReaderTest, TestProject, Version=1.0.0.0, Culture=neutral, PublicKeyToken=null" name="GetProjectTest" />
    </UnitTest>
    <UnitTest name="GetVariablesTest" storage="d:\work\demidov\projectwatcher1\projectwatcher\testproject\bin\debug\testproject.dll" id="41a1eb7c-2590-e013-66f1-5e5b6213345a">
      <Execution id="4b69dcef-e0a6-4203-993e-b23460c7d6a5" />
      <TestMethod codeBase="D:/work/Demidov/ProjectWatcher1/ProjectWatcher/TestProject/bin/Debug/TestProject.DLL" adapterTypeName="Microsoft.VisualStudio.TestTools.TestTypes.Unit.UnitTestAdapter, Microsoft.VisualStudio.QualityTools.Tips.UnitTest.Adapter, Version=10.0.0.0, Culture=neutral, PublicKeyToken=b03f5f7f11d50a3a" className="TestProject.ProjectsHelperTest, TestProject, Version=1.0.0.0, Culture=neutral, PublicKeyToken=null" name="GetVariablesTest" />
    </UnitTest>
    <UnitTest name="GetFunctionsAndVariablesTest" storage="d:\work\demidov\projectwatcher1\projectwatcher\testproject\bin\debug\testproject.dll" id="6b322db4-52bb-b761-35a2-88784156fad4">
      <Execution id="0bab27a4-4f14-4801-83ea-1a6870d17741" />
      <TestMethod codeBase="D:/work/Demidov/ProjectWatcher1/ProjectWatcher/TestProject/bin/Debug/TestProject.DLL" adapterTypeName="Microsoft.VisualStudio.TestTools.TestTypes.Unit.UnitTestAdapter, Microsoft.VisualStudio.QualityTools.Tips.UnitTest.Adapter, Version=10.0.0.0, Culture=neutral, PublicKeyToken=b03f5f7f11d50a3a" className="TestProject.ProjectsHelperTest, TestProject, Version=1.0.0.0, Culture=neutral, PublicKeyToken=null" name="GetFunctionsAndVariablesTest" />
    </UnitTest>
    <UnitTest name="CreateNewPropertyTest3" storage="d:\work\demidov\projectwatcher1\projectwatcher\testproject\bin\debug\testproject.dll" id="c7536d31-0bc6-a379-5d57-b2fcc3ad9f2c">
      <Execution id="46cbff58-c47f-4b50-9e03-7f21853cda88" />
      <TestMethod codeBase="D:/work/Demidov/ProjectWatcher1/ProjectWatcher/TestProject/bin/Debug/TestProject.DLL" adapterTypeName="Microsoft.VisualStudio.TestTools.TestTypes.Unit.UnitTestAdapter, Microsoft.VisualStudio.QualityTools.Tips.UnitTest.Adapter, Version=10.0.0.0, Culture=neutral, PublicKeyToken=b03f5f7f11d50a3a" className="TestProject.ProjectsReaderTest, TestProject, Version=1.0.0.0, Culture=neutral, PublicKeyToken=null" name="CreateNewPropertyTest3" />
    </UnitTest>
    <UnitTest name="CreateExportDataTest" storage="d:\work\demidov\projectwatcher1\projectwatcher\testproject\bin\debug\testproject.dll" id="4cca512c-3df2-ed2f-b893-3ab183a0f8a1">
      <Execution id="2dd658b1-c2da-446d-9720-f6c4d98f38c4" />
      <TestMethod codeBase="D:/work/Demidov/ProjectWatcher1/ProjectWatcher/TestProject/bin/Debug/TestProject.DLL" adapterTypeName="Microsoft.VisualStudio.TestTools.TestTypes.Unit.UnitTestAdapter, Microsoft.VisualStudio.QualityTools.Tips.UnitTest.Adapter, Version=10.0.0.0, Culture=neutral, PublicKeyToken=b03f5f7f11d50a3a" className="TestProject.ProjectsHelperTest, TestProject, Version=1.0.0.0, Culture=neutral, PublicKeyToken=null" name="CreateExportDataTest" />
    </UnitTest>
    <UnitTest name="CreateNewPropertyTest1" storage="d:\work\demidov\projectwatcher1\projectwatcher\testproject\bin\debug\testproject.dll" id="7695b576-139d-70b4-ee1c-475101dc4178">
      <Execution id="a86a9cd1-7b9b-4745-8640-2a5e9839e350" />
      <TestMethod codeBase="D:/work/Demidov/ProjectWatcher1/ProjectWatcher/TestProject/bin/Debug/TestProject.DLL" adapterTypeName="Microsoft.VisualStudio.TestTools.TestTypes.Unit.UnitTestAdapter, Microsoft.VisualStudio.QualityTools.Tips.UnitTest.Adapter, Version=10.0.0.0, Culture=neutral, PublicKeyToken=b03f5f7f11d50a3a" className="TestProject.ProjectsReaderTest, TestProject, Version=1.0.0.0, Culture=neutral, PublicKeyToken=null" name="CreateNewPropertyTest1" />
    </UnitTest>
    <UnitTest name="StringToColumnExceptionTest" storage="d:\work\demidov\projectwatcher1\projectwatcher\testproject\bin\debug\testproject.dll" id="f9ef6d41-1239-8f52-3dfb-a0a832532c16">
      <Execution id="33bf376d-7704-4676-a03a-46bee4d3f426" />
      <TestMethod codeBase="D:/work/Demidov/ProjectWatcher1/ProjectWatcher/TestProject/bin/Debug/TestProject.DLL" adapterTypeName="Microsoft.VisualStudio.TestTools.TestTypes.Unit.UnitTestAdapter, Microsoft.VisualStudio.QualityTools.Tips.UnitTest.Adapter, Version=10.0.0.0, Culture=neutral, PublicKeyToken=b03f5f7f11d50a3a" className="TestProject.ProjectsHelperTest, TestProject, Version=1.0.0.0, Culture=neutral, PublicKeyToken=null" name="StringToColumnExceptionTest" />
    </UnitTest>
    <UnitTest name="CreateFilterModelTest" storage="d:\work\demidov\projectwatcher1\projectwatcher\testproject\bin\debug\testproject.dll" id="3bf54a8a-3985-7233-1816-155c4f3016be">
      <Execution id="0a69ec22-4c8f-490e-a753-d1a83c1b0932" />
      <TestMethod codeBase="D:/work/Demidov/ProjectWatcher1/ProjectWatcher/TestProject/bin/Debug/TestProject.DLL" adapterTypeName="Microsoft.VisualStudio.TestTools.TestTypes.Unit.UnitTestAdapter, Microsoft.VisualStudio.QualityTools.Tips.UnitTest.Adapter, Version=10.0.0.0, Culture=neutral, PublicKeyToken=b03f5f7f11d50a3a" className="TestProject.ProjectsHelperTest, TestProject, Version=1.0.0.0, Culture=neutral, PublicKeyToken=null" name="CreateFilterModelTest" />
    </UnitTest>
    <UnitTest name="RequestBuilderTest" storage="d:\work\demidov\projectwatcher1\projectwatcher\testproject\bin\debug\testproject.dll" id="ef00f901-fd6a-b75c-5f01-f2fa43dfda91">
      <Execution id="55d370b0-73ef-4e11-8973-ccf74a2cf63a" />
      <TestMethod codeBase="D:/work/Demidov/ProjectWatcher1/ProjectWatcher/TestProject/bin/Debug/TestProject.DLL" adapterTypeName="Microsoft.VisualStudio.TestTools.TestTypes.Unit.UnitTestAdapter, Microsoft.VisualStudio.QualityTools.Tips.UnitTest.Adapter, Version=10.0.0.0, Culture=neutral, PublicKeyToken=b03f5f7f11d50a3a" className="TestProject.ProjectsHelperTest, TestProject, Version=1.0.0.0, Culture=neutral, PublicKeyToken=null" name="RequestBuilderTest" />
    </UnitTest>
  </TestDefinitions>
  <TestLists>
    <TestList name="Results Not in a List" id="8c84fa94-04c1-424b-9868-57a2d4851a1d" />
    <TestList name="All Loaded Results" id="19431567-8539-422a-85d7-44ee4e166bda" />
  </TestLists>
  <TestEntries>
    <TestEntry testId="3fadbe7c-8122-8645-3fe8-e0598248f416" executionId="b03d28ec-2399-4ed6-aee6-4d3c730342de" testListId="8c84fa94-04c1-424b-9868-57a2d4851a1d" />
    <TestEntry testId="7695b576-139d-70b4-ee1c-475101dc4178" executionId="a86a9cd1-7b9b-4745-8640-2a5e9839e350" testListId="8c84fa94-04c1-424b-9868-57a2d4851a1d" />
    <TestEntry testId="c6bcfdc2-241a-5176-35fd-177c19f841f3" executionId="c9e155e7-e41c-40cf-96df-f36839498bb9" testListId="8c84fa94-04c1-424b-9868-57a2d4851a1d" />
    <TestEntry testId="c7536d31-0bc6-a379-5d57-b2fcc3ad9f2c" executionId="46cbff58-c47f-4b50-9e03-7f21853cda88" testListId="8c84fa94-04c1-424b-9868-57a2d4851a1d" />
    <TestEntry testId="3cc554ee-dc1d-1d98-3159-a14f45ff35c7" executionId="7bf42f70-4d13-49aa-963d-0ea74395a7e1" testListId="8c84fa94-04c1-424b-9868-57a2d4851a1d" />
    <TestEntry testId="f9ef6d41-1239-8f52-3dfb-a0a832532c16" executionId="33bf376d-7704-4676-a03a-46bee4d3f426" testListId="8c84fa94-04c1-424b-9868-57a2d4851a1d" />
    <TestEntry testId="e4ee5135-d52c-e831-1731-99027035f03a" executionId="d5cee394-814a-4dfc-8dd5-eccb66517248" testListId="8c84fa94-04c1-424b-9868-57a2d4851a1d" />
    <TestEntry testId="ef00f901-fd6a-b75c-5f01-f2fa43dfda91" executionId="55d370b0-73ef-4e11-8973-ccf74a2cf63a" testListId="8c84fa94-04c1-424b-9868-57a2d4851a1d" />
    <TestEntry testId="3bf54a8a-3985-7233-1816-155c4f3016be" executionId="0a69ec22-4c8f-490e-a753-d1a83c1b0932" testListId="8c84fa94-04c1-424b-9868-57a2d4851a1d" />
    <TestEntry testId="b7f7d50f-7580-9f38-5947-a3a34adaf952" executionId="bb1376e3-caa1-4603-ad8a-dd5f211ca771" testListId="8c84fa94-04c1-424b-9868-57a2d4851a1d" />
    <TestEntry testId="19af2c87-2e28-0ae7-52ee-e6e5a46fbe1b" executionId="e396fa5e-9f12-4712-be0d-d75a74b8ac31" testListId="8c84fa94-04c1-424b-9868-57a2d4851a1d" />
    <TestEntry testId="067bc254-eb01-e54b-b1b0-617ef6ab44e1" executionId="06948a7b-fd5b-4eb4-847b-41bceb16a096" testListId="8c84fa94-04c1-424b-9868-57a2d4851a1d" />
    <TestEntry testId="6b322db4-52bb-b761-35a2-88784156fad4" executionId="0bab27a4-4f14-4801-83ea-1a6870d17741" testListId="8c84fa94-04c1-424b-9868-57a2d4851a1d" />
    <TestEntry testId="41a1eb7c-2590-e013-66f1-5e5b6213345a" executionId="4b69dcef-e0a6-4203-993e-b23460c7d6a5" testListId="8c84fa94-04c1-424b-9868-57a2d4851a1d" />
    <TestEntry testId="15097f91-037d-e8d1-b5f3-56560dcfdece" executionId="6e7ce571-77a8-4c47-bbc5-47025a00a864" testListId="8c84fa94-04c1-424b-9868-57a2d4851a1d" />
    <TestEntry testId="5e6eb382-3c25-c34d-109c-e268ac443ad8" executionId="6cd37706-9502-421c-ba3b-4801e218a11e" testListId="8c84fa94-04c1-424b-9868-57a2d4851a1d" />
    <TestEntry testId="4cca512c-3df2-ed2f-b893-3ab183a0f8a1" executionId="2dd658b1-c2da-446d-9720-f6c4d98f38c4" testListId="8c84fa94-04c1-424b-9868-57a2d4851a1d" />
    <TestEntry testId="c073fbef-a541-181b-a5d4-d06f138e9cab" executionId="962c8896-61be-4dd4-9c6d-baeeb6ca48d6" testListId="8c84fa94-04c1-424b-9868-57a2d4851a1d" />
  </TestEntries>
  <Results>
    <UnitTestResult executionId="b03d28ec-2399-4ed6-aee6-4d3c730342de" testId="3fadbe7c-8122-8645-3fe8-e0598248f416" testName="GetPropertiesDefinitionsTest" computerName="SD-LABA-8" duration="00:00:04.8784878" startTime="2012-01-30T10:00:41.4659959+03:00" endTime="2012-01-30T10:00:46.3444837+03:00" testType="13cdc9d9-ddb5-4fa4-a97d-d965ccfc6d4b" outcome="Aborted" testListId="8c84fa94-04c1-424b-9868-57a2d4851a1d" relativeResultsDirectory="b03d28ec-2399-4ed6-aee6-4d3c730342de">
    </UnitTestResult>
    <UnitTestResult executionId="a86a9cd1-7b9b-4745-8640-2a5e9839e350" testId="7695b576-139d-70b4-ee1c-475101dc4178" testName="CreateNewPropertyTest1" computerName="SD-LABA-8" testType="13cdc9d9-ddb5-4fa4-a97d-d965ccfc6d4b" outcome="NotExecuted" testListId="8c84fa94-04c1-424b-9868-57a2d4851a1d" relativeResultsDirectory="a86a9cd1-7b9b-4745-8640-2a5e9839e350">
    </UnitTestResult>
    <UnitTestResult executionId="c9e155e7-e41c-40cf-96df-f36839498bb9" testId="c6bcfdc2-241a-5176-35fd-177c19f841f3" testName="CreateNewPropertyTest2" computerName="SD-LABA-8" testType="13cdc9d9-ddb5-4fa4-a97d-d965ccfc6d4b" outcome="NotExecuted" testListId="8c84fa94-04c1-424b-9868-57a2d4851a1d" relativeResultsDirectory="c9e155e7-e41c-40cf-96df-f36839498bb9">
    </UnitTestResult>
    <UnitTestResult executionId="46cbff58-c47f-4b50-9e03-7f21853cda88" testId="c7536d31-0bc6-a379-5d57-b2fcc3ad9f2c" testName="CreateNewPropertyTest3" computerName="SD-LABA-8" testType="13cdc9d9-ddb5-4fa4-a97d-d965ccfc6d4b" outcome="NotExecuted" testListId="8c84fa94-04c1-424b-9868-57a2d4851a1d" relativeResultsDirectory="46cbff58-c47f-4b50-9e03-7f21853cda88">
    </UnitTestResult>
    <UnitTestResult executionId="7bf42f70-4d13-49aa-963d-0ea74395a7e1" testId="3cc554ee-dc1d-1d98-3159-a14f45ff35c7" testName="GetProjectTest" computerName="SD-LABA-8" testType="13cdc9d9-ddb5-4fa4-a97d-d965ccfc6d4b" outcome="NotExecuted" testListId="8c84fa94-04c1-424b-9868-57a2d4851a1d" relativeResultsDirectory="7bf42f70-4d13-49aa-963d-0ea74395a7e1">
    </UnitTestResult>
    <UnitTestResult executionId="33bf376d-7704-4676-a03a-46bee4d3f426" testId="f9ef6d41-1239-8f52-3dfb-a0a832532c16" testName="StringToColumnExceptionTest" computerName="SD-LABA-8" testType="13cdc9d9-ddb5-4fa4-a97d-d965ccfc6d4b" outcome="NotExecuted" testListId="8c84fa94-04c1-424b-9868-57a2d4851a1d" relativeResultsDirectory="33bf376d-7704-4676-a03a-46bee4d3f426">
    </UnitTestResult>
    <UnitTestResult executionId="d5cee394-814a-4dfc-8dd5-eccb66517248" testId="e4ee5135-d52c-e831-1731-99027035f03a" testName="GetFuncAndVarTest" computerName="SD-LABA-8" testType="13cdc9d9-ddb5-4fa4-a97d-d965ccfc6d4b" outcome="NotExecuted" testListId="8c84fa94-04c1-424b-9868-57a2d4851a1d" relativeResultsDirectory="d5cee394-814a-4dfc-8dd5-eccb66517248">
    </UnitTestResult>
    <UnitTestResult executionId="55d370b0-73ef-4e11-8973-ccf74a2cf63a" testId="ef00f901-fd6a-b75c-5f01-f2fa43dfda91" testName="RequestBuilderTest" computerName="SD-LABA-8" testType="13cdc9d9-ddb5-4fa4-a97d-d965ccfc6d4b" outcome="NotExecuted" testListId="8c84fa94-04c1-424b-9868-57a2d4851a1d" relativeResultsDirectory="55d370b0-73ef-4e11-8973-ccf74a2cf63a">
    </UnitTestResult>
    <UnitTestResult executionId="0a69ec22-4c8f-490e-a753-d1a83c1b0932" testId="3bf54a8a-3985-7233-1816-155c4f3016be" testName="CreateFilterModelTest" computerName="SD-LABA-8" testType="13cdc9d9-ddb5-4fa4-a97d-d965ccfc6d4b" outcome="NotExecuted" testListId="8c84fa94-04c1-424b-9868-57a2d4851a1d" relativeResultsDirectory="0a69ec22-4c8f-490e-a753-d1a83c1b0932">
    </UnitTestResult>
    <UnitTestResult executionId="bb1376e3-caa1-4603-ad8a-dd5f211ca771" testId="b7f7d50f-7580-9f38-5947-a3a34adaf952" testName="CreateFooterModelTest" computerName="SD-LABA-8" testType="13cdc9d9-ddb5-4fa4-a97d-d965ccfc6d4b" outcome="NotExecuted" testListId="8c84fa94-04c1-424b-9868-57a2d4851a1d" relativeResultsDirectory="bb1376e3-caa1-4603-ad8a-dd5f211ca771">
    </UnitTestResult>
    <UnitTestResult executionId="e396fa5e-9f12-4712-be0d-d75a74b8ac31" testId="19af2c87-2e28-0ae7-52ee-e6e5a46fbe1b" testName="DeleteFunctionsTest" computerName="SD-LABA-8" testType="13cdc9d9-ddb5-4fa4-a97d-d965ccfc6d4b" outcome="NotExecuted" testListId="8c84fa94-04c1-424b-9868-57a2d4851a1d" relativeResultsDirectory="e396fa5e-9f12-4712-be0d-d75a74b8ac31">
    </UnitTestResult>
    <UnitTestResult executionId="06948a7b-fd5b-4eb4-847b-41bceb16a096" testId="067bc254-eb01-e54b-b1b0-617ef6ab44e1" testName="GetFunctionsTest" computerName="SD-LABA-8" testType="13cdc9d9-ddb5-4fa4-a97d-d965ccfc6d4b" outcome="NotExecuted" testListId="8c84fa94-04c1-424b-9868-57a2d4851a1d" relativeResultsDirectory="06948a7b-fd5b-4eb4-847b-41bceb16a096">
    </UnitTestResult>
    <UnitTestResult executionId="0bab27a4-4f14-4801-83ea-1a6870d17741" testId="6b322db4-52bb-b761-35a2-88784156fad4" testName="GetFunctionsAndVariablesTest" computerName="SD-LABA-8" testType="13cdc9d9-ddb5-4fa4-a97d-d965ccfc6d4b" outcome="NotExecuted" testListId="8c84fa94-04c1-424b-9868-57a2d4851a1d" relativeResultsDirectory="0bab27a4-4f14-4801-83ea-1a6870d17741">
    </UnitTestResult>
    <UnitTestResult executionId="4b69dcef-e0a6-4203-993e-b23460c7d6a5" testId="41a1eb7c-2590-e013-66f1-5e5b6213345a" testName="GetVariablesTest" computerName="SD-LABA-8" testType="13cdc9d9-ddb5-4fa4-a97d-d965ccfc6d4b" outcome="NotExecuted" testListId="8c84fa94-04c1-424b-9868-57a2d4851a1d" relativeResultsDirectory="4b69dcef-e0a6-4203-993e-b23460c7d6a5">
    </UnitTestResult>
    <UnitTestResult executionId="6e7ce571-77a8-4c47-bbc5-47025a00a864" testId="15097f91-037d-e8d1-b5f3-56560dcfdece" testName="SetValuesIntoFormulasTest" computerName="SD-LABA-8" testType="13cdc9d9-ddb5-4fa4-a97d-d965ccfc6d4b" outcome="NotExecuted" testListId="8c84fa94-04c1-424b-9868-57a2d4851a1d" relativeResultsDirectory="6e7ce571-77a8-4c47-bbc5-47025a00a864">
    </UnitTestResult>
    <UnitTestResult executionId="6cd37706-9502-421c-ba3b-4801e218a11e" testId="5e6eb382-3c25-c34d-109c-e268ac443ad8" testName="StringToColumnTest" computerName="SD-LABA-8" testType="13cdc9d9-ddb5-4fa4-a97d-d965ccfc6d4b" outcome="NotExecuted" testListId="8c84fa94-04c1-424b-9868-57a2d4851a1d" relativeResultsDirectory="6cd37706-9502-421c-ba3b-4801e218a11e">
    </UnitTestResult>
    <UnitTestResult executionId="2dd658b1-c2da-446d-9720-f6c4d98f38c4" testId="4cca512c-3df2-ed2f-b893-3ab183a0f8a1" testName="CreateExportDataTest" computerName="SD-LABA-8" testType="13cdc9d9-ddb5-4fa4-a97d-d965ccfc6d4b" outcome="NotExecuted" testListId="8c84fa94-04c1-424b-9868-57a2d4851a1d" relativeResultsDirectory="2dd658b1-c2da-446d-9720-f6c4d98f38c4">
    </UnitTestResult>
    <UnitTestResult executionId="962c8896-61be-4dd4-9c6d-baeeb6ca48d6" testId="c073fbef-a541-181b-a5d4-d06f138e9cab" testName="FormCSVFileTest" computerName="SD-LABA-8" testType="13cdc9d9-ddb5-4fa4-a97d-d965ccfc6d4b" outcome="NotExecuted" testListId="8c84fa94-04c1-424b-9868-57a2d4851a1d" relativeResultsDirectory="962c8896-61be-4dd4-9c6d-baeeb6ca48d6">
    </UnitTestResult>
  </Results>
</TestRun>