<?xml version="1.0" encoding="UTF-8"?>
<TestRun id="df091b95-9a81-4fa3-9d46-f7a16ba1d63b" name="d.demidov@SD-LABA-8 2012-01-30 10:00:52" runUser="ITRANSITION\d.demidov" xmlns="http://microsoft.com/schemas/VisualStudio/TeamTest/2010">
  <TestSettings name="Local" id="744b2588-026e-462a-817a-acbe96aacba9">
    <Description>These are default test settings for a local test run.</Description>
    <Deployment enabled="false" runDeploymentRoot="d.demidov_SD-LABA-8 2012-01-30 10_00_52">
      <DeploymentItem filename="D:\work\Demidov\ProjectWatcher1\ProjectWatcher\Authorization\bin\Debug\Authorization.dll" />
      <DeploymentItem filename="D:\work\Demidov\ProjectWatcher1\ProjectWatcher\Validation\bin\Debug\SystemSettings.dll" />
      <DeploymentItem filename="D:\work\Demidov\ProjectWatcher1\ProjectWatcher\DAL\bin\Debug\DAL.dll" />
      <DeploymentItem filename="D:\work\Demidov\ProjectWatcher1\ProjectWatcher\ProjectWatcher\bin\ProjectWatcher.dll" />
      <DeploymentItem filename="D:\work\Demidov\ProjectWatcher1\ProjectWatcher\TestProject\bin\Debug\anrControls.Markdown.NET.dll" />
      <DeploymentItem filename="D:\work\Demidov\ProjectWatcher1\ProjectWatcher\TestProject\bin\Debug\Rhino.Mocks.dll" />
      <DeploymentItem filename="D:\work\Demidov\ProjectWatcher1\ProjectWatcher\ExternalLibs\NMock2.dll" />
    </Deployment>
    <Execution>
      <TestTypeSpecific />
      <AgentRule name="Execution Agents">
      </AgentRule>
    </Execution>
  </TestSettings>
  <Times creation="2012-01-30T10:00:52.7701262+03:00" queuing="2012-01-30T10:00:54.8173309+03:00" start="2012-01-30T10:00:55.0703562+03:00" finish="2012-01-30T10:01:00.7729264+03:00" />
  <ResultSummary outcome="Error">
    <Counters total="18" executed="1" error="0" failed="0" timeout="0" aborted="1" inconclusive="0" passedButRunAborted="0" notRunnable="0" notExecuted="17" disconnected="0" warning="0" passed="0" completed="0" inProgress="0" pending="0" />
    <RunInfos>
      <RunInfo computerName="SD-LABA-8" outcome="Error" timestamp="2012-01-30T10:01:00.7689260+03:00">
        <Text>Test host process exited unexpectedly.</Text>
      </RunInfo>
    </RunInfos>
  </ResultSummary>
  <TestDefinitions>
    <UnitTest name="DeleteFunctionsTest" storage="d:\work\demidov\projectwatcher1\projectwatcher\testproject\bin\debug\testproject.dll" id="19af2c87-2e28-0ae7-52ee-e6e5a46fbe1b">
      <Execution id="3cc62c8f-6a21-498e-b987-f7d753148130" />
      <TestMethod codeBase="D:/work/Demidov/ProjectWatcher1/ProjectWatcher/TestProject/bin/Debug/TestProject.DLL" adapterTypeName="Microsoft.VisualStudio.TestTools.TestTypes.Unit.UnitTestAdapter, Microsoft.VisualStudio.QualityTools.Tips.UnitTest.Adapter, Version=10.0.0.0, Culture=neutral, PublicKeyToken=b03f5f7f11d50a3a" className="TestProject.ProjectsHelperTest, TestProject, Version=1.0.0.0, Culture=neutral, PublicKeyToken=null" name="DeleteFunctionsTest" />
    </UnitTest>
    <UnitTest name="GetPropertiesDefinitionsTest" storage="d:\work\demidov\projectwatcher1\projectwatcher\testproject\bin\debug\testproject.dll" id="3fadbe7c-8122-8645-3fe8-e0598248f416">
      <Execution id="8b81d11f-dea5-4f28-9c84-011b404ec759" />
      <TestMethod codeBase="D:/work/Demidov/ProjectWatcher1/ProjectWatcher/TestProject/bin/Debug/TestProject.DLL" adapterTypeName="Microsoft.VisualStudio.TestTools.TestTypes.Unit.UnitTestAdapter, Microsoft.VisualStudio.QualityTools.Tips.UnitTest.Adapter, Version=10.0.0.0, Culture=neutral, PublicKeyToken=b03f5f7f11d50a3a" className="TestProject.ProjectsReaderTest, TestProject, Version=1.0.0.0, Culture=neutral, PublicKeyToken=null" name="GetPropertiesDefinitionsTest" />
    </UnitTest>
    <UnitTest name="CreateFooterModelTest" storage="d:\work\demidov\projectwatcher1\projectwatcher\testproject\bin\debug\testproject.dll" id="b7f7d50f-7580-9f38-5947-a3a34adaf952">
      <Execution id="a30c9bdd-8b4b-4369-8acc-c7f58e47a65b" />
      <TestMethod codeBase="D:/work/Demidov/ProjectWatcher1/ProjectWatcher/TestProject/bin/Debug/TestProject.DLL" adapterTypeName="Microsoft.VisualStudio.TestTools.TestTypes.Unit.UnitTestAdapter, Microsoft.VisualStudio.QualityTools.Tips.UnitTest.Adapter, Version=10.0.0.0, Culture=neutral, PublicKeyToken=b03f5f7f11d50a3a" className="TestProject.ProjectsHelperTest, TestProject, Version=1.0.0.0, Culture=neutral, PublicKeyToken=null" name="CreateFooterModelTest" />
    </UnitTest>
    <UnitTest name="SetValuesIntoFormulasTest" storage="d:\work\demidov\projectwatcher1\projectwatcher\testproject\bin\debug\testproject.dll" id="15097f91-037d-e8d1-b5f3-56560dcfdece">
      <Execution id="da5b53b2-c01a-4f9f-a454-7f259ed19314" />
      <TestMethod codeBase="D:/work/Demidov/ProjectWatcher1/ProjectWatcher/TestProject/bin/Debug/TestProject.DLL" adapterTypeName="Microsoft.VisualStudio.TestTools.TestTypes.Unit.UnitTestAdapter, Microsoft.VisualStudio.QualityTools.Tips.UnitTest.Adapter, Version=10.0.0.0, Culture=neutral, PublicKeyToken=b03f5f7f11d50a3a" className="TestProject.ProjectsHelperTest, TestProject, Version=1.0.0.0, Culture=neutral, PublicKeyToken=null" name="SetValuesIntoFormulasTest" />
    </UnitTest>
    <UnitTest name="CreateNewPropertyTest2" storage="d:\work\demidov\projectwatcher1\projectwatcher\testproject\bin\debug\testproject.dll" id="c6bcfdc2-241a-5176-35fd-177c19f841f3">
      <Execution id="25915c01-c4b0-4eb7-9653-c9935086ad15" />
      <TestMethod codeBase="D:/work/Demidov/ProjectWatcher1/ProjectWatcher/TestProject/bin/Debug/TestProject.DLL" adapterTypeName="Microsoft.VisualStudio.TestTools.TestTypes.Unit.UnitTestAdapter, Microsoft.VisualStudio.QualityTools.Tips.UnitTest.Adapter, Version=10.0.0.0, Culture=neutral, PublicKeyToken=b03f5f7f11d50a3a" className="TestProject.ProjectsReaderTest, TestProject, Version=1.0.0.0, Culture=neutral, PublicKeyToken=null" name="CreateNewPropertyTest2" />
    </UnitTest>
    <UnitTest name="StringToColumnTest" storage="d:\work\demidov\projectwatcher1\projectwatcher\testproject\bin\debug\testproject.dll" id="5e6eb382-3c25-c34d-109c-e268ac443ad8">
      <Execution id="ba68cf2a-a634-4a47-ab76-5cd9fd9749b9" />
      <TestMethod codeBase="D:/work/Demidov/ProjectWatcher1/ProjectWatcher/TestProject/bin/Debug/TestProject.DLL" adapterTypeName="Microsoft.VisualStudio.TestTools.TestTypes.Unit.UnitTestAdapter, Microsoft.VisualStudio.QualityTools.Tips.UnitTest.Adapter, Version=10.0.0.0, Culture=neutral, PublicKeyToken=b03f5f7f11d50a3a" className="TestProject.ProjectsHelperTest, TestProject, Version=1.0.0.0, Culture=neutral, PublicKeyToken=null" name="StringToColumnTest" />
    </UnitTest>
    <UnitTest name="GetFuncAndVarTest" storage="d:\work\demidov\projectwatcher1\projectwatcher\testproject\bin\debug\testproject.dll" id="e4ee5135-d52c-e831-1731-99027035f03a">
      <Execution id="d82bc832-bceb-4869-ab04-55f9c954c402" />
      <TestMethod codeBase="D:/work/Demidov/ProjectWatcher1/ProjectWatcher/TestProject/bin/Debug/TestProject.DLL" adapterTypeName="Microsoft.VisualStudio.TestTools.TestTypes.Unit.UnitTestAdapter, Microsoft.VisualStudio.QualityTools.Tips.UnitTest.Adapter, Version=10.0.0.0, Culture=neutral, PublicKeyToken=b03f5f7f11d50a3a" className="TestProject.ProjectsHelperTest, TestProject, Version=1.0.0.0, Culture=neutral, PublicKeyToken=null" name="GetFuncAndVarTest" />
    </UnitTest>
    <UnitTest name="FormCSVFileTest" storage="d:\work\demidov\projectwatcher1\projectwatcher\testproject\bin\debug\testproject.dll" id="c073fbef-a541-181b-a5d4-d06f138e9cab">
      <Execution id="82865153-a673-4381-8297-8edc4c0a0895" />
      <TestMethod codeBase="D:/work/Demidov/ProjectWatcher1/ProjectWatcher/TestProject/bin/Debug/TestProject.DLL" adapterTypeName="Microsoft.VisualStudio.TestTools.TestTypes.Unit.UnitTestAdapter, Microsoft.VisualStudio.QualityTools.Tips.UnitTest.Adapter, Version=10.0.0.0, Culture=neutral, PublicKeyToken=b03f5f7f11d50a3a" className="TestProject.ProjectsHelperTest, TestProject, Version=1.0.0.0, Culture=neutral, PublicKeyToken=null" name="FormCSVFileTest" />
    </UnitTest>
    <UnitTest name="GetFunctionsTest" storage="d:\work\demidov\projectwatcher1\projectwatcher\testproject\bin\debug\testproject.dll" id="067bc254-eb01-e54b-b1b0-617ef6ab44e1">
      <Execution id="7e81d564-5d45-4bcf-b077-36fe41a119ff" />
      <TestMethod codeBase="D:/work/Demidov/ProjectWatcher1/ProjectWatcher/TestProject/bin/Debug/TestProject.DLL" adapterTypeName="Microsoft.VisualStudio.TestTools.TestTypes.Unit.UnitTestAdapter, Microsoft.VisualStudio.QualityTools.Tips.UnitTest.Adapter, Version=10.0.0.0, Culture=neutral, PublicKeyToken=b03f5f7f11d50a3a" className="TestProject.ProjectsHelperTest, TestProject, Version=1.0.0.0, Culture=neutral, PublicKeyToken=null" name="GetFunctionsTest" />
    </UnitTest>
    <UnitTest name="GetProjectTest" storage="d:\work\demidov\projectwatcher1\projectwatcher\testproject\bin\debug\testproject.dll" id="3cc554ee-dc1d-1d98-3159-a14f45ff35c7">
      <Execution id="4efffa8f-74b4-4fd0-b4ce-1c1e2e3892dc" />
      <TestMethod codeBase="D:/work/Demidov/ProjectWatcher1/ProjectWatcher/TestProject/bin/Debug/TestProject.DLL" adapterTypeName="Microsoft.VisualStudio.TestTools.TestTypes.Unit.UnitTestAdapter, Microsoft.VisualStudio.QualityTools.Tips.UnitTest.Adapter, Version=10.0.0.0, Culture=neutral, PublicKeyToken=b03f5f7f11d50a3a" className="TestProject.ProjectsReaderTest, TestProject, Version=1.0.0.0, Culture=neutral, PublicKeyToken=null" name="GetProjectTest" />
    </UnitTest>
    <UnitTest name="GetVariablesTest" storage="d:\work\demidov\projectwatcher1\projectwatcher\testproject\bin\debug\testproject.dll" id="41a1eb7c-2590-e013-66f1-5e5b6213345a">
      <Execution id="f163cfa4-4cd7-4823-a8a8-583931864b05" />
      <TestMethod codeBase="D:/work/Demidov/ProjectWatcher1/ProjectWatcher/TestProject/bin/Debug/TestProject.DLL" adapterTypeName="Microsoft.VisualStudio.TestTools.TestTypes.Unit.UnitTestAdapter, Microsoft.VisualStudio.QualityTools.Tips.UnitTest.Adapter, Version=10.0.0.0, Culture=neutral, PublicKeyToken=b03f5f7f11d50a3a" className="TestProject.ProjectsHelperTest, TestProject, Version=1.0.0.0, Culture=neutral, PublicKeyToken=null" name="GetVariablesTest" />
    </UnitTest>
    <UnitTest name="GetFunctionsAndVariablesTest" storage="d:\work\demidov\projectwatcher1\projectwatcher\testproject\bin\debug\testproject.dll" id="6b322db4-52bb-b761-35a2-88784156fad4">
      <Execution id="e51181af-e33a-4eb4-b973-bd34b61dce73" />
      <TestMethod codeBase="D:/work/Demidov/ProjectWatcher1/ProjectWatcher/TestProject/bin/Debug/TestProject.DLL" adapterTypeName="Microsoft.VisualStudio.TestTools.TestTypes.Unit.UnitTestAdapter, Microsoft.VisualStudio.QualityTools.Tips.UnitTest.Adapter, Version=10.0.0.0, Culture=neutral, PublicKeyToken=b03f5f7f11d50a3a" className="TestProject.ProjectsHelperTest, TestProject, Version=1.0.0.0, Culture=neutral, PublicKeyToken=null" name="GetFunctionsAndVariablesTest" />
    </UnitTest>
    <UnitTest name="CreateNewPropertyTest3" storage="d:\work\demidov\projectwatcher1\projectwatcher\testproject\bin\debug\testproject.dll" id="c7536d31-0bc6-a379-5d57-b2fcc3ad9f2c">
      <Execution id="12e33985-1c23-4869-a681-a7bde3dc35db" />
      <TestMethod codeBase="D:/work/Demidov/ProjectWatcher1/ProjectWatcher/TestProject/bin/Debug/TestProject.DLL" adapterTypeName="Microsoft.VisualStudio.TestTools.TestTypes.Unit.UnitTestAdapter, Microsoft.VisualStudio.QualityTools.Tips.UnitTest.Adapter, Version=10.0.0.0, Culture=neutral, PublicKeyToken=b03f5f7f11d50a3a" className="TestProject.ProjectsReaderTest, TestProject, Version=1.0.0.0, Culture=neutral, PublicKeyToken=null" name="CreateNewPropertyTest3" />
    </UnitTest>
    <UnitTest name="CreateExportDataTest" storage="d:\work\demidov\projectwatcher1\projectwatcher\testproject\bin\debug\testproject.dll" id="4cca512c-3df2-ed2f-b893-3ab183a0f8a1">
      <Execution id="5c02e83f-c218-42c0-8842-f77d2c6d534e" />
      <TestMethod codeBase="D:/work/Demidov/ProjectWatcher1/ProjectWatcher/TestProject/bin/Debug/TestProject.DLL" adapterTypeName="Microsoft.VisualStudio.TestTools.TestTypes.Unit.UnitTestAdapter, Microsoft.VisualStudio.QualityTools.Tips.UnitTest.Adapter, Version=10.0.0.0, Culture=neutral, PublicKeyToken=b03f5f7f11d50a3a" className="TestProject.ProjectsHelperTest, TestProject, Version=1.0.0.0, Culture=neutral, PublicKeyToken=null" name="CreateExportDataTest" />
    </UnitTest>
    <UnitTest name="CreateNewPropertyTest1" storage="d:\work\demidov\projectwatcher1\projectwatcher\testproject\bin\debug\testproject.dll" id="7695b576-139d-70b4-ee1c-475101dc4178">
      <Execution id="98768544-6028-43ba-9d8c-d4ce8520bf6d" />
      <TestMethod codeBase="D:/work/Demidov/ProjectWatcher1/ProjectWatcher/TestProject/bin/Debug/TestProject.DLL" adapterTypeName="Microsoft.VisualStudio.TestTools.TestTypes.Unit.UnitTestAdapter, Microsoft.VisualStudio.QualityTools.Tips.UnitTest.Adapter, Version=10.0.0.0, Culture=neutral, PublicKeyToken=b03f5f7f11d50a3a" className="TestProject.ProjectsReaderTest, TestProject, Version=1.0.0.0, Culture=neutral, PublicKeyToken=null" name="CreateNewPropertyTest1" />
    </UnitTest>
    <UnitTest name="StringToColumnExceptionTest" storage="d:\work\demidov\projectwatcher1\projectwatcher\testproject\bin\debug\testproject.dll" id="f9ef6d41-1239-8f52-3dfb-a0a832532c16">
      <Execution id="eb055aa7-e25d-427f-9f65-cbbc35f18b6f" />
      <TestMethod codeBase="D:/work/Demidov/ProjectWatcher1/ProjectWatcher/TestProject/bin/Debug/TestProject.DLL" adapterTypeName="Microsoft.VisualStudio.TestTools.TestTypes.Unit.UnitTestAdapter, Microsoft.VisualStudio.QualityTools.Tips.UnitTest.Adapter, Version=10.0.0.0, Culture=neutral, PublicKeyToken=b03f5f7f11d50a3a" className="TestProject.ProjectsHelperTest, TestProject, Version=1.0.0.0, Culture=neutral, PublicKeyToken=null" name="StringToColumnExceptionTest" />
    </UnitTest>
    <UnitTest name="CreateFilterModelTest" storage="d:\work\demidov\projectwatcher1\projectwatcher\testproject\bin\debug\testproject.dll" id="3bf54a8a-3985-7233-1816-155c4f3016be">
      <Execution id="0f9ecf41-471c-46e2-91e2-0387d7fb432d" />
      <TestMethod codeBase="D:/work/Demidov/ProjectWatcher1/ProjectWatcher/TestProject/bin/Debug/TestProject.DLL" adapterTypeName="Microsoft.VisualStudio.TestTools.TestTypes.Unit.UnitTestAdapter, Microsoft.VisualStudio.QualityTools.Tips.UnitTest.Adapter, Version=10.0.0.0, Culture=neutral, PublicKeyToken=b03f5f7f11d50a3a" className="TestProject.ProjectsHelperTest, TestProject, Version=1.0.0.0, Culture=neutral, PublicKeyToken=null" name="CreateFilterModelTest" />
    </UnitTest>
    <UnitTest name="RequestBuilderTest" storage="d:\work\demidov\projectwatcher1\projectwatcher\testproject\bin\debug\testproject.dll" id="ef00f901-fd6a-b75c-5f01-f2fa43dfda91">
      <Execution id="fdb151a8-49ca-4cac-8416-d3546c75b169" />
      <TestMethod codeBase="D:/work/Demidov/ProjectWatcher1/ProjectWatcher/TestProject/bin/Debug/TestProject.DLL" adapterTypeName="Microsoft.VisualStudio.TestTools.TestTypes.Unit.UnitTestAdapter, Microsoft.VisualStudio.QualityTools.Tips.UnitTest.Adapter, Version=10.0.0.0, Culture=neutral, PublicKeyToken=b03f5f7f11d50a3a" className="TestProject.ProjectsHelperTest, TestProject, Version=1.0.0.0, Culture=neutral, PublicKeyToken=null" name="RequestBuilderTest" />
    </UnitTest>
  </TestDefinitions>
  <TestLists>
    <TestList name="Results Not in a List" id="8c84fa94-04c1-424b-9868-57a2d4851a1d" />
    <TestList name="All Loaded Results" id="19431567-8539-422a-85d7-44ee4e166bda" />
  </TestLists>
  <TestEntries>
    <TestEntry testId="3fadbe7c-8122-8645-3fe8-e0598248f416" executionId="8b81d11f-dea5-4f28-9c84-011b404ec759" testListId="8c84fa94-04c1-424b-9868-57a2d4851a1d" />
    <TestEntry testId="7695b576-139d-70b4-ee1c-475101dc4178" executionId="98768544-6028-43ba-9d8c-d4ce8520bf6d" testListId="8c84fa94-04c1-424b-9868-57a2d4851a1d" />
    <TestEntry testId="c6bcfdc2-241a-5176-35fd-177c19f841f3" executionId="25915c01-c4b0-4eb7-9653-c9935086ad15" testListId="8c84fa94-04c1-424b-9868-57a2d4851a1d" />
    <TestEntry testId="c7536d31-0bc6-a379-5d57-b2fcc3ad9f2c" executionId="12e33985-1c23-4869-a681-a7bde3dc35db" testListId="8c84fa94-04c1-424b-9868-57a2d4851a1d" />
    <TestEntry testId="3cc554ee-dc1d-1d98-3159-a14f45ff35c7" executionId="4efffa8f-74b4-4fd0-b4ce-1c1e2e3892dc" testListId="8c84fa94-04c1-424b-9868-57a2d4851a1d" />
    <TestEntry testId="f9ef6d41-1239-8f52-3dfb-a0a832532c16" executionId="eb055aa7-e25d-427f-9f65-cbbc35f18b6f" testListId="8c84fa94-04c1-424b-9868-57a2d4851a1d" />
    <TestEntry testId="e4ee5135-d52c-e831-1731-99027035f03a" executionId="d82bc832-bceb-4869-ab04-55f9c954c402" testListId="8c84fa94-04c1-424b-9868-57a2d4851a1d" />
    <TestEntry testId="ef00f901-fd6a-b75c-5f01-f2fa43dfda91" executionId="fdb151a8-49ca-4cac-8416-d3546c75b169" testListId="8c84fa94-04c1-424b-9868-57a2d4851a1d" />
    <TestEntry testId="3bf54a8a-3985-7233-1816-155c4f3016be" executionId="0f9ecf41-471c-46e2-91e2-0387d7fb432d" testListId="8c84fa94-04c1-424b-9868-57a2d4851a1d" />
    <TestEntry testId="b7f7d50f-7580-9f38-5947-a3a34adaf952" executionId="a30c9bdd-8b4b-4369-8acc-c7f58e47a65b" testListId="8c84fa94-04c1-424b-9868-57a2d4851a1d" />
    <TestEntry testId="19af2c87-2e28-0ae7-52ee-e6e5a46fbe1b" executionId="3cc62c8f-6a21-498e-b987-f7d753148130" testListId="8c84fa94-04c1-424b-9868-57a2d4851a1d" />
    <TestEntry testId="067bc254-eb01-e54b-b1b0-617ef6ab44e1" executionId="7e81d564-5d45-4bcf-b077-36fe41a119ff" testListId="8c84fa94-04c1-424b-9868-57a2d4851a1d" />
    <TestEntry testId="6b322db4-52bb-b761-35a2-88784156fad4" executionId="e51181af-e33a-4eb4-b973-bd34b61dce73" testListId="8c84fa94-04c1-424b-9868-57a2d4851a1d" />
    <TestEntry testId="41a1eb7c-2590-e013-66f1-5e5b6213345a" executionId="f163cfa4-4cd7-4823-a8a8-583931864b05" testListId="8c84fa94-04c1-424b-9868-57a2d4851a1d" />
    <TestEntry testId="15097f91-037d-e8d1-b5f3-56560dcfdece" executionId="da5b53b2-c01a-4f9f-a454-7f259ed19314" testListId="8c84fa94-04c1-424b-9868-57a2d4851a1d" />
    <TestEntry testId="5e6eb382-3c25-c34d-109c-e268ac443ad8" executionId="ba68cf2a-a634-4a47-ab76-5cd9fd9749b9" testListId="8c84fa94-04c1-424b-9868-57a2d4851a1d" />
    <TestEntry testId="4cca512c-3df2-ed2f-b893-3ab183a0f8a1" executionId="5c02e83f-c218-42c0-8842-f77d2c6d534e" testListId="8c84fa94-04c1-424b-9868-57a2d4851a1d" />
    <TestEntry testId="c073fbef-a541-181b-a5d4-d06f138e9cab" executionId="82865153-a673-4381-8297-8edc4c0a0895" testListId="8c84fa94-04c1-424b-9868-57a2d4851a1d" />
  </TestEntries>
  <Results>
    <UnitTestResult executionId="8b81d11f-dea5-4f28-9c84-011b404ec759" testId="3fadbe7c-8122-8645-3fe8-e0598248f416" testName="GetPropertiesDefinitionsTest" computerName="SD-LABA-8" duration="00:00:05.4835483" startTime="2012-01-30T10:00:55.2863778+03:00" endTime="2012-01-30T10:01:00.7699261+03:00" testType="13cdc9d9-ddb5-4fa4-a97d-d965ccfc6d4b" outcome="Aborted" testListId="8c84fa94-04c1-424b-9868-57a2d4851a1d" relativeResultsDirectory="8b81d11f-dea5-4f28-9c84-011b404ec759">
    </UnitTestResult>
    <UnitTestResult executionId="98768544-6028-43ba-9d8c-d4ce8520bf6d" testId="7695b576-139d-70b4-ee1c-475101dc4178" testName="CreateNewPropertyTest1" computerName="SD-LABA-8" testType="13cdc9d9-ddb5-4fa4-a97d-d965ccfc6d4b" outcome="NotExecuted" testListId="8c84fa94-04c1-424b-9868-57a2d4851a1d" relativeResultsDirectory="98768544-6028-43ba-9d8c-d4ce8520bf6d">
    </UnitTestResult>
    <UnitTestResult executionId="25915c01-c4b0-4eb7-9653-c9935086ad15" testId="c6bcfdc2-241a-5176-35fd-177c19f841f3" testName="CreateNewPropertyTest2" computerName="SD-LABA-8" testType="13cdc9d9-ddb5-4fa4-a97d-d965ccfc6d4b" outcome="NotExecuted" testListId="8c84fa94-04c1-424b-9868-57a2d4851a1d" relativeResultsDirectory="25915c01-c4b0-4eb7-9653-c9935086ad15">
    </UnitTestResult>
    <UnitTestResult executionId="12e33985-1c23-4869-a681-a7bde3dc35db" testId="c7536d31-0bc6-a379-5d57-b2fcc3ad9f2c" testName="CreateNewPropertyTest3" computerName="SD-LABA-8" testType="13cdc9d9-ddb5-4fa4-a97d-d965ccfc6d4b" outcome="NotExecuted" testListId="8c84fa94-04c1-424b-9868-57a2d4851a1d" relativeResultsDirectory="12e33985-1c23-4869-a681-a7bde3dc35db">
    </UnitTestResult>
    <UnitTestResult executionId="4efffa8f-74b4-4fd0-b4ce-1c1e2e3892dc" testId="3cc554ee-dc1d-1d98-3159-a14f45ff35c7" testName="GetProjectTest" computerName="SD-LABA-8" testType="13cdc9d9-ddb5-4fa4-a97d-d965ccfc6d4b" outcome="NotExecuted" testListId="8c84fa94-04c1-424b-9868-57a2d4851a1d" relativeResultsDirectory="4efffa8f-74b4-4fd0-b4ce-1c1e2e3892dc">
    </UnitTestResult>
    <UnitTestResult executionId="eb055aa7-e25d-427f-9f65-cbbc35f18b6f" testId="f9ef6d41-1239-8f52-3dfb-a0a832532c16" testName="StringToColumnExceptionTest" computerName="SD-LABA-8" testType="13cdc9d9-ddb5-4fa4-a97d-d965ccfc6d4b" outcome="NotExecuted" testListId="8c84fa94-04c1-424b-9868-57a2d4851a1d" relativeResultsDirectory="eb055aa7-e25d-427f-9f65-cbbc35f18b6f">
    </UnitTestResult>
    <UnitTestResult executionId="d82bc832-bceb-4869-ab04-55f9c954c402" testId="e4ee5135-d52c-e831-1731-99027035f03a" testName="GetFuncAndVarTest" computerName="SD-LABA-8" testType="13cdc9d9-ddb5-4fa4-a97d-d965ccfc6d4b" outcome="NotExecuted" testListId="8c84fa94-04c1-424b-9868-57a2d4851a1d" relativeResultsDirectory="d82bc832-bceb-4869-ab04-55f9c954c402">
    </UnitTestResult>
    <UnitTestResult executionId="fdb151a8-49ca-4cac-8416-d3546c75b169" testId="ef00f901-fd6a-b75c-5f01-f2fa43dfda91" testName="RequestBuilderTest" computerName="SD-LABA-8" testType="13cdc9d9-ddb5-4fa4-a97d-d965ccfc6d4b" outcome="NotExecuted" testListId="8c84fa94-04c1-424b-9868-57a2d4851a1d" relativeResultsDirectory="fdb151a8-49ca-4cac-8416-d3546c75b169">
    </UnitTestResult>
    <UnitTestResult executionId="0f9ecf41-471c-46e2-91e2-0387d7fb432d" testId="3bf54a8a-3985-7233-1816-155c4f3016be" testName="CreateFilterModelTest" computerName="SD-LABA-8" testType="13cdc9d9-ddb5-4fa4-a97d-d965ccfc6d4b" outcome="NotExecuted" testListId="8c84fa94-04c1-424b-9868-57a2d4851a1d" relativeResultsDirectory="0f9ecf41-471c-46e2-91e2-0387d7fb432d">
    </UnitTestResult>
    <UnitTestResult executionId="a30c9bdd-8b4b-4369-8acc-c7f58e47a65b" testId="b7f7d50f-7580-9f38-5947-a3a34adaf952" testName="CreateFooterModelTest" computerName="SD-LABA-8" testType="13cdc9d9-ddb5-4fa4-a97d-d965ccfc6d4b" outcome="NotExecuted" testListId="8c84fa94-04c1-424b-9868-57a2d4851a1d" relativeResultsDirectory="a30c9bdd-8b4b-4369-8acc-c7f58e47a65b">
    </UnitTestResult>
    <UnitTestResult executionId="3cc62c8f-6a21-498e-b987-f7d753148130" testId="19af2c87-2e28-0ae7-52ee-e6e5a46fbe1b" testName="DeleteFunctionsTest" computerName="SD-LABA-8" testType="13cdc9d9-ddb5-4fa4-a97d-d965ccfc6d4b" outcome="NotExecuted" testListId="8c84fa94-04c1-424b-9868-57a2d4851a1d" relativeResultsDirectory="3cc62c8f-6a21-498e-b987-f7d753148130">
    </UnitTestResult>
    <UnitTestResult executionId="7e81d564-5d45-4bcf-b077-36fe41a119ff" testId="067bc254-eb01-e54b-b1b0-617ef6ab44e1" testName="GetFunctionsTest" computerName="SD-LABA-8" testType="13cdc9d9-ddb5-4fa4-a97d-d965ccfc6d4b" outcome="NotExecuted" testListId="8c84fa94-04c1-424b-9868-57a2d4851a1d" relativeResultsDirectory="7e81d564-5d45-4bcf-b077-36fe41a119ff">
    </UnitTestResult>
    <UnitTestResult executionId="e51181af-e33a-4eb4-b973-bd34b61dce73" testId="6b322db4-52bb-b761-35a2-88784156fad4" testName="GetFunctionsAndVariablesTest" computerName="SD-LABA-8" testType="13cdc9d9-ddb5-4fa4-a97d-d965ccfc6d4b" outcome="NotExecuted" testListId="8c84fa94-04c1-424b-9868-57a2d4851a1d" relativeResultsDirectory="e51181af-e33a-4eb4-b973-bd34b61dce73">
    </UnitTestResult>
    <UnitTestResult executionId="f163cfa4-4cd7-4823-a8a8-583931864b05" testId="41a1eb7c-2590-e013-66f1-5e5b6213345a" testName="GetVariablesTest" computerName="SD-LABA-8" testType="13cdc9d9-ddb5-4fa4-a97d-d965ccfc6d4b" outcome="NotExecuted" testListId="8c84fa94-04c1-424b-9868-57a2d4851a1d" relativeResultsDirectory="f163cfa4-4cd7-4823-a8a8-583931864b05">
    </UnitTestResult>
    <UnitTestResult executionId="da5b53b2-c01a-4f9f-a454-7f259ed19314" testId="15097f91-037d-e8d1-b5f3-56560dcfdece" testName="SetValuesIntoFormulasTest" computerName="SD-LABA-8" testType="13cdc9d9-ddb5-4fa4-a97d-d965ccfc6d4b" outcome="NotExecuted" testListId="8c84fa94-04c1-424b-9868-57a2d4851a1d" relativeResultsDirectory="da5b53b2-c01a-4f9f-a454-7f259ed19314">
    </UnitTestResult>
    <UnitTestResult executionId="ba68cf2a-a634-4a47-ab76-5cd9fd9749b9" testId="5e6eb382-3c25-c34d-109c-e268ac443ad8" testName="StringToColumnTest" computerName="SD-LABA-8" testType="13cdc9d9-ddb5-4fa4-a97d-d965ccfc6d4b" outcome="NotExecuted" testListId="8c84fa94-04c1-424b-9868-57a2d4851a1d" relativeResultsDirectory="ba68cf2a-a634-4a47-ab76-5cd9fd9749b9">
    </UnitTestResult>
    <UnitTestResult executionId="5c02e83f-c218-42c0-8842-f77d2c6d534e" testId="4cca512c-3df2-ed2f-b893-3ab183a0f8a1" testName="CreateExportDataTest" computerName="SD-LABA-8" testType="13cdc9d9-ddb5-4fa4-a97d-d965ccfc6d4b" outcome="NotExecuted" testListId="8c84fa94-04c1-424b-9868-57a2d4851a1d" relativeResultsDirectory="5c02e83f-c218-42c0-8842-f77d2c6d534e">
    </UnitTestResult>
    <UnitTestResult executionId="82865153-a673-4381-8297-8edc4c0a0895" testId="c073fbef-a541-181b-a5d4-d06f138e9cab" testName="FormCSVFileTest" computerName="SD-LABA-8" testType="13cdc9d9-ddb5-4fa4-a97d-d965ccfc6d4b" outcome="NotExecuted" testListId="8c84fa94-04c1-424b-9868-57a2d4851a1d" relativeResultsDirectory="82865153-a673-4381-8297-8edc4c0a0895">
    </UnitTestResult>
  </Results>
</TestRun>