<?xml version="1.0" encoding="UTF-8"?>
<TestRun id="35e6fb16-5334-455c-a739-ca9f74ca7bf1" name="d.demidov@SD-LABA-8 2012-01-30 10:46:58" runUser="ITRANSITION\d.demidov" xmlns="http://microsoft.com/schemas/VisualStudio/TeamTest/2010">
  <TestSettings name="Local" id="744b2588-026e-462a-817a-acbe96aacba9">
    <Description>These are default test settings for a local test run.</Description>
    <Deployment enabled="false" runDeploymentRoot="d.demidov_SD-LABA-8 2012-01-30 10_46_58">
      <DeploymentItem filename="D:\work\Demidov\ProjectWatcher1\ProjectWatcher\Authorization\bin\Debug\Authorization.dll" />
      <DeploymentItem filename="D:\work\Demidov\ProjectWatcher1\ProjectWatcher\Validation\bin\Debug\SystemSettings.dll" />
      <DeploymentItem filename="D:\work\Demidov\ProjectWatcher1\ProjectWatcher\DAL\bin\Debug\DAL.dll" />
      <DeploymentItem filename="D:\work\Demidov\ProjectWatcher1\ProjectWatcher\ProjectWatcher\bin\ProjectWatcher.dll" />
      <DeploymentItem filename="D:\work\Demidov\ProjectWatcher1\ProjectWatcher\TestProject\bin\Debug\anrControls.Markdown.NET.dll" />
      <DeploymentItem filename="D:\work\Demidov\ProjectWatcher1\ProjectWatcher\TestProject\bin\Debug\Rhino.Mocks.dll" />
      <DeploymentItem filename="D:\work\Demidov\ProjectWatcher1\ProjectWatcher\ExternalLibs\NMock2.dll" />
    </Deployment>
    <Execution>
      <TestTypeSpecific />
      <AgentRule name="Execution Agents">
      </AgentRule>
    </Execution>
  </TestSettings>
  <Times creation="2012-01-30T10:46:58.1126328+03:00" queuing="2012-01-30T10:46:58.2826498+03:00" start="2012-01-30T10:46:58.3306546+03:00" finish="2012-01-30T10:46:58.7686984+03:00" />
  <ResultSummary outcome="Completed">
    <Counters total="9" executed="9" passed="9" error="0" failed="0" timeout="0" aborted="0" inconclusive="0" passedButRunAborted="0" notRunnable="0" notExecuted="0" disconnected="0" warning="0" completed="0" inProgress="0" pending="0" />
  </ResultSummary>
  <TestDefinitions>
    <UnitTest name="SetValuesIntoFormulasTest" storage="d:\work\demidov\projectwatcher1\projectwatcher\testproject\bin\debug\testproject.dll" id="15097f91-037d-e8d1-b5f3-56560dcfdece">
      <Execution id="57a6e20f-87f1-4f86-a8a9-a3bc81539eb4" />
      <TestMethod codeBase="D:/work/Demidov/ProjectWatcher1/ProjectWatcher/TestProject/bin/Debug/TestProject.DLL" adapterTypeName="Microsoft.VisualStudio.TestTools.TestTypes.Unit.UnitTestAdapter, Microsoft.VisualStudio.QualityTools.Tips.UnitTest.Adapter, Version=10.0.0.0, Culture=neutral, PublicKeyToken=b03f5f7f11d50a3a" className="TestProject.ProjectsHelperTest, TestProject, Version=1.0.0.0, Culture=neutral, PublicKeyToken=null" name="SetValuesIntoFormulasTest" />
    </UnitTest>
    <UnitTest name="GetVariablesTest" storage="d:\work\demidov\projectwatcher1\projectwatcher\testproject\bin\debug\testproject.dll" id="41a1eb7c-2590-e013-66f1-5e5b6213345a">
      <Execution id="031adc2b-f1f3-467d-b058-d07a14196627" />
      <TestMethod codeBase="D:/work/Demidov/ProjectWatcher1/ProjectWatcher/TestProject/bin/Debug/TestProject.DLL" adapterTypeName="Microsoft.VisualStudio.TestTools.TestTypes.Unit.UnitTestAdapter, Microsoft.VisualStudio.QualityTools.Tips.UnitTest.Adapter, Version=10.0.0.0, Culture=neutral, PublicKeyToken=b03f5f7f11d50a3a" className="TestProject.ProjectsHelperTest, TestProject, Version=1.0.0.0, Culture=neutral, PublicKeyToken=null" name="GetVariablesTest" />
    </UnitTest>
    <UnitTest name="CreateExportDataTest" storage="d:\work\demidov\projectwatcher1\projectwatcher\testproject\bin\debug\testproject.dll" id="4cca512c-3df2-ed2f-b893-3ab183a0f8a1">
      <Execution id="ec7c6dcc-c444-4591-a7b4-16eb4da8b540" />
      <TestMethod codeBase="D:/work/Demidov/ProjectWatcher1/ProjectWatcher/TestProject/bin/Debug/TestProject.DLL" adapterTypeName="Microsoft.VisualStudio.TestTools.TestTypes.Unit.UnitTestAdapter, Microsoft.VisualStudio.QualityTools.Tips.UnitTest.Adapter, Version=10.0.0.0, Culture=neutral, PublicKeyToken=b03f5f7f11d50a3a" className="TestProject.ProjectsHelperTest, TestProject, Version=1.0.0.0, Culture=neutral, PublicKeyToken=null" name="CreateExportDataTest" />
    </UnitTest>
    <UnitTest name="StringToColumnTest" storage="d:\work\demidov\projectwatcher1\projectwatcher\testproject\bin\debug\testproject.dll" id="5e6eb382-3c25-c34d-109c-e268ac443ad8">
      <Execution id="12d29364-6ab1-4f72-9f8d-29d158932cf6" />
      <TestMethod codeBase="D:/work/Demidov/ProjectWatcher1/ProjectWatcher/TestProject/bin/Debug/TestProject.DLL" adapterTypeName="Microsoft.VisualStudio.TestTools.TestTypes.Unit.UnitTestAdapter, Microsoft.VisualStudio.QualityTools.Tips.UnitTest.Adapter, Version=10.0.0.0, Culture=neutral, PublicKeyToken=b03f5f7f11d50a3a" className="TestProject.ProjectsHelperTest, TestProject, Version=1.0.0.0, Culture=neutral, PublicKeyToken=null" name="StringToColumnTest" />
    </UnitTest>
    <UnitTest name="GetFuncAndVarTest" storage="d:\work\demidov\projectwatcher1\projectwatcher\testproject\bin\debug\testproject.dll" id="e4ee5135-d52c-e831-1731-99027035f03a">
      <Execution id="71e8ab7f-613a-4f59-8c05-5f37d4c04b04" />
      <TestMethod codeBase="D:/work/Demidov/ProjectWatcher1/ProjectWatcher/TestProject/bin/Debug/TestProject.DLL" adapterTypeName="Microsoft.VisualStudio.TestTools.TestTypes.Unit.UnitTestAdapter, Microsoft.VisualStudio.QualityTools.Tips.UnitTest.Adapter, Version=10.0.0.0, Culture=neutral, PublicKeyToken=b03f5f7f11d50a3a" className="TestProject.ProjectsHelperTest, TestProject, Version=1.0.0.0, Culture=neutral, PublicKeyToken=null" name="GetFuncAndVarTest" />
    </UnitTest>
    <UnitTest name="DeleteFunctionsTest" storage="d:\work\demidov\projectwatcher1\projectwatcher\testproject\bin\debug\testproject.dll" id="19af2c87-2e28-0ae7-52ee-e6e5a46fbe1b">
      <Execution id="50f49046-2bb2-4872-8a24-1c7e2d2e18f4" />
      <TestMethod codeBase="D:/work/Demidov/ProjectWatcher1/ProjectWatcher/TestProject/bin/Debug/TestProject.DLL" adapterTypeName="Microsoft.VisualStudio.TestTools.TestTypes.Unit.UnitTestAdapter, Microsoft.VisualStudio.QualityTools.Tips.UnitTest.Adapter, Version=10.0.0.0, Culture=neutral, PublicKeyToken=b03f5f7f11d50a3a" className="TestProject.ProjectsHelperTest, TestProject, Version=1.0.0.0, Culture=neutral, PublicKeyToken=null" name="DeleteFunctionsTest" />
    </UnitTest>
    <UnitTest name="GetFunctionsTest" storage="d:\work\demidov\projectwatcher1\projectwatcher\testproject\bin\debug\testproject.dll" id="067bc254-eb01-e54b-b1b0-617ef6ab44e1">
      <Execution id="9e7aa52f-4461-4c84-b0f7-9a331681a69e" />
      <TestMethod codeBase="D:/work/Demidov/ProjectWatcher1/ProjectWatcher/TestProject/bin/Debug/TestProject.DLL" adapterTypeName="Microsoft.VisualStudio.TestTools.TestTypes.Unit.UnitTestAdapter, Microsoft.VisualStudio.QualityTools.Tips.UnitTest.Adapter, Version=10.0.0.0, Culture=neutral, PublicKeyToken=b03f5f7f11d50a3a" className="TestProject.ProjectsHelperTest, TestProject, Version=1.0.0.0, Culture=neutral, PublicKeyToken=null" name="GetFunctionsTest" />
    </UnitTest>
    <UnitTest name="GetFunctionsAndVariablesTest" storage="d:\work\demidov\projectwatcher1\projectwatcher\testproject\bin\debug\testproject.dll" id="6b322db4-52bb-b761-35a2-88784156fad4">
      <Execution id="bce59770-263f-4faa-b290-5324a2275c6f" />
      <TestMethod codeBase="D:/work/Demidov/ProjectWatcher1/ProjectWatcher/TestProject/bin/Debug/TestProject.DLL" adapterTypeName="Microsoft.VisualStudio.TestTools.TestTypes.Unit.UnitTestAdapter, Microsoft.VisualStudio.QualityTools.Tips.UnitTest.Adapter, Version=10.0.0.0, Culture=neutral, PublicKeyToken=b03f5f7f11d50a3a" className="TestProject.ProjectsHelperTest, TestProject, Version=1.0.0.0, Culture=neutral, PublicKeyToken=null" name="GetFunctionsAndVariablesTest" />
    </UnitTest>
    <UnitTest name="FormCSVFileTest" storage="d:\work\demidov\projectwatcher1\projectwatcher\testproject\bin\debug\testproject.dll" id="c073fbef-a541-181b-a5d4-d06f138e9cab">
      <Execution id="4573b6fd-7c63-4e1b-8bad-01722b594b8a" />
      <TestMethod codeBase="D:/work/Demidov/ProjectWatcher1/ProjectWatcher/TestProject/bin/Debug/TestProject.DLL" adapterTypeName="Microsoft.VisualStudio.TestTools.TestTypes.Unit.UnitTestAdapter, Microsoft.VisualStudio.QualityTools.Tips.UnitTest.Adapter, Version=10.0.0.0, Culture=neutral, PublicKeyToken=b03f5f7f11d50a3a" className="TestProject.ProjectsHelperTest, TestProject, Version=1.0.0.0, Culture=neutral, PublicKeyToken=null" name="FormCSVFileTest" />
    </UnitTest>
  </TestDefinitions>
  <TestLists>
    <TestList name="Results Not in a List" id="8c84fa94-04c1-424b-9868-57a2d4851a1d" />
    <TestList name="All Loaded Results" id="19431567-8539-422a-85d7-44ee4e166bda" />
  </TestLists>
  <TestEntries>
    <TestEntry testId="e4ee5135-d52c-e831-1731-99027035f03a" executionId="71e8ab7f-613a-4f59-8c05-5f37d4c04b04" testListId="8c84fa94-04c1-424b-9868-57a2d4851a1d" />
    <TestEntry testId="19af2c87-2e28-0ae7-52ee-e6e5a46fbe1b" executionId="50f49046-2bb2-4872-8a24-1c7e2d2e18f4" testListId="8c84fa94-04c1-424b-9868-57a2d4851a1d" />
    <TestEntry testId="067bc254-eb01-e54b-b1b0-617ef6ab44e1" executionId="9e7aa52f-4461-4c84-b0f7-9a331681a69e" testListId="8c84fa94-04c1-424b-9868-57a2d4851a1d" />
    <TestEntry testId="6b322db4-52bb-b761-35a2-88784156fad4" executionId="bce59770-263f-4faa-b290-5324a2275c6f" testListId="8c84fa94-04c1-424b-9868-57a2d4851a1d" />
    <TestEntry testId="41a1eb7c-2590-e013-66f1-5e5b6213345a" executionId="031adc2b-f1f3-467d-b058-d07a14196627" testListId="8c84fa94-04c1-424b-9868-57a2d4851a1d" />
    <TestEntry testId="15097f91-037d-e8d1-b5f3-56560dcfdece" executionId="57a6e20f-87f1-4f86-a8a9-a3bc81539eb4" testListId="8c84fa94-04c1-424b-9868-57a2d4851a1d" />
    <TestEntry testId="5e6eb382-3c25-c34d-109c-e268ac443ad8" executionId="12d29364-6ab1-4f72-9f8d-29d158932cf6" testListId="8c84fa94-04c1-424b-9868-57a2d4851a1d" />
    <TestEntry testId="4cca512c-3df2-ed2f-b893-3ab183a0f8a1" executionId="ec7c6dcc-c444-4591-a7b4-16eb4da8b540" testListId="8c84fa94-04c1-424b-9868-57a2d4851a1d" />
    <TestEntry testId="c073fbef-a541-181b-a5d4-d06f138e9cab" executionId="4573b6fd-7c63-4e1b-8bad-01722b594b8a" testListId="8c84fa94-04c1-424b-9868-57a2d4851a1d" />
  </TestEntries>
  <Results>
    <UnitTestResult executionId="71e8ab7f-613a-4f59-8c05-5f37d4c04b04" testId="e4ee5135-d52c-e831-1731-99027035f03a" testName="GetFuncAndVarTest" computerName="SD-LABA-8" duration="00:00:00.0196146" startTime="2012-01-30T10:46:58.3396555+03:00" endTime="2012-01-30T10:46:58.6436859+03:00" testType="13cdc9d9-ddb5-4fa4-a97d-d965ccfc6d4b" outcome="Passed" testListId="8c84fa94-04c1-424b-9868-57a2d4851a1d" relativeResultsDirectory="71e8ab7f-613a-4f59-8c05-5f37d4c04b04">
    </UnitTestResult>
    <UnitTestResult executionId="50f49046-2bb2-4872-8a24-1c7e2d2e18f4" testId="19af2c87-2e28-0ae7-52ee-e6e5a46fbe1b" testName="DeleteFunctionsTest" computerName="SD-LABA-8" duration="00:00:00.0006463" startTime="2012-01-30T10:46:58.6446860+03:00" endTime="2012-01-30T10:46:58.6506866+03:00" testType="13cdc9d9-ddb5-4fa4-a97d-d965ccfc6d4b" outcome="Passed" testListId="8c84fa94-04c1-424b-9868-57a2d4851a1d" relativeResultsDirectory="50f49046-2bb2-4872-8a24-1c7e2d2e18f4">
    </UnitTestResult>
    <UnitTestResult executionId="9e7aa52f-4461-4c84-b0f7-9a331681a69e" testId="067bc254-eb01-e54b-b1b0-617ef6ab44e1" testName="GetFunctionsTest" computerName="SD-LABA-8" duration="00:00:00.0005667" startTime="2012-01-30T10:46:58.6526868+03:00" endTime="2012-01-30T10:46:58.6566872+03:00" testType="13cdc9d9-ddb5-4fa4-a97d-d965ccfc6d4b" outcome="Passed" testListId="8c84fa94-04c1-424b-9868-57a2d4851a1d" relativeResultsDirectory="9e7aa52f-4461-4c84-b0f7-9a331681a69e">
    </UnitTestResult>
    <UnitTestResult executionId="bce59770-263f-4faa-b290-5324a2275c6f" testId="6b322db4-52bb-b761-35a2-88784156fad4" testName="GetFunctionsAndVariablesTest" computerName="SD-LABA-8" duration="00:00:00.0003487" startTime="2012-01-30T10:46:58.6586874+03:00" endTime="2012-01-30T10:46:58.6626878+03:00" testType="13cdc9d9-ddb5-4fa4-a97d-d965ccfc6d4b" outcome="Passed" testListId="8c84fa94-04c1-424b-9868-57a2d4851a1d" relativeResultsDirectory="bce59770-263f-4faa-b290-5324a2275c6f">
    </UnitTestResult>
    <UnitTestResult executionId="031adc2b-f1f3-467d-b058-d07a14196627" testId="41a1eb7c-2590-e013-66f1-5e5b6213345a" testName="GetVariablesTest" computerName="SD-LABA-8" duration="00:00:00.0007439" startTime="2012-01-30T10:46:58.6646880+03:00" endTime="2012-01-30T10:46:58.6706886+03:00" testType="13cdc9d9-ddb5-4fa4-a97d-d965ccfc6d4b" outcome="Passed" testListId="8c84fa94-04c1-424b-9868-57a2d4851a1d" relativeResultsDirectory="031adc2b-f1f3-467d-b058-d07a14196627">
    </UnitTestResult>
    <UnitTestResult executionId="57a6e20f-87f1-4f86-a8a9-a3bc81539eb4" testId="15097f91-037d-e8d1-b5f3-56560dcfdece" testName="SetValuesIntoFormulasTest" computerName="SD-LABA-8" duration="00:00:00.0041260" startTime="2012-01-30T10:46:58.6726888+03:00" endTime="2012-01-30T10:46:58.6796895+03:00" testType="13cdc9d9-ddb5-4fa4-a97d-d965ccfc6d4b" outcome="Passed" testListId="8c84fa94-04c1-424b-9868-57a2d4851a1d" relativeResultsDirectory="57a6e20f-87f1-4f86-a8a9-a3bc81539eb4">
    </UnitTestResult>
    <UnitTestResult executionId="12d29364-6ab1-4f72-9f8d-29d158932cf6" testId="5e6eb382-3c25-c34d-109c-e268ac443ad8" testName="StringToColumnTest" computerName="SD-LABA-8" duration="00:00:00.0045685" startTime="2012-01-30T10:46:58.6816897+03:00" endTime="2012-01-30T10:46:58.6906906+03:00" testType="13cdc9d9-ddb5-4fa4-a97d-d965ccfc6d4b" outcome="Passed" testListId="8c84fa94-04c1-424b-9868-57a2d4851a1d" relativeResultsDirectory="12d29364-6ab1-4f72-9f8d-29d158932cf6">
    </UnitTestResult>
    <UnitTestResult executionId="ec7c6dcc-c444-4591-a7b4-16eb4da8b540" testId="4cca512c-3df2-ed2f-b893-3ab183a0f8a1" testName="CreateExportDataTest" computerName="SD-LABA-8" duration="00:00:00.0021922" startTime="2012-01-30T10:46:58.6926908+03:00" endTime="2012-01-30T10:46:58.6996915+03:00" testType="13cdc9d9-ddb5-4fa4-a97d-d965ccfc6d4b" outcome="Passed" testListId="8c84fa94-04c1-424b-9868-57a2d4851a1d" relativeResultsDirectory="ec7c6dcc-c444-4591-a7b4-16eb4da8b540">
    </UnitTestResult>
    <UnitTestResult executionId="4573b6fd-7c63-4e1b-8bad-01722b594b8a" testId="c073fbef-a541-181b-a5d4-d06f138e9cab" testName="FormCSVFileTest" computerName="SD-LABA-8" duration="00:00:00.0005295" startTime="2012-01-30T10:46:58.7016917+03:00" endTime="2012-01-30T10:46:58.7056921+03:00" testType="13cdc9d9-ddb5-4fa4-a97d-d965ccfc6d4b" outcome="Passed" testListId="8c84fa94-04c1-424b-9868-57a2d4851a1d" relativeResultsDirectory="4573b6fd-7c63-4e1b-8bad-01722b594b8a">
    </UnitTestResult>
  </Results>
</TestRun>