<?xml version="1.0" encoding="UTF-8"?>
<TestRun id="f08c8e78-92ce-44ae-8b1f-9e1d0b68ebe1" name="Dmitry@ХП 2012-01-18 18:05:04" runUser="ХП\Dmitry" xmlns="http://microsoft.com/schemas/VisualStudio/TeamTest/2010">
  <TestSettings name="Local" id="744b2588-026e-462a-817a-acbe96aacba9">
    <Description>These are default test settings for a local test run.</Description>
    <Deployment enabled="false" runDeploymentRoot="Dmitry_ХП 2012-01-18 18_05_04">
      <DeploymentItem filename="E:\информация\Проекты\поиск работы\itransition\ProjectsWatcher\ProjectWatcher\ExternalLibs\Rhino.Mocks.dll" />
      <DeploymentItem filename="E:\информация\Проекты\поиск работы\itransition\ProjectsWatcher\ProjectWatcher\ExternalLibs\NMock2.dll" />
      <DeploymentItem filename="E:\информация\Проекты\поиск работы\itransition\ProjectsWatcher\ProjectWatcher\packages\EntityFramework.4.1.10331.0\lib\EntityFramework.dll" />
      <DeploymentItem filename="E:\информация\Проекты\поиск работы\itransition\ProjectsWatcher\ProjectWatcher\Authorization\bin\Debug\Authorization.dll" />
      <DeploymentItem filename="E:\информация\Проекты\поиск работы\itransition\ProjectsWatcher\ProjectWatcher\ProjectWatcher\bin\ProjectWatcher.dll" />
      <DeploymentItem filename="E:\информация\Проекты\поиск работы\itransition\ProjectsWatcher\ProjectWatcher\TestProject\bin\Debug\anrControls.Markdown.NET.dll" />
      <DeploymentItem filename="E:\информация\Проекты\поиск работы\itransition\ProjectsWatcher\ProjectWatcher\DAL\bin\Debug\DAL.dll" />
    </Deployment>
    <Execution>
      <TestTypeSpecific />
      <AgentRule name="Execution Agents">
      </AgentRule>
    </Execution>
  </TestSettings>
  <Times creation="2012-01-18T18:05:04.9421147+02:00" queuing="2012-01-18T18:05:10.2124161+02:00" start="2012-01-18T18:05:10.6364404+02:00" finish="2012-01-18T18:05:23.0561507+02:00" />
  <ResultSummary outcome="Error">
    <Counters total="13" executed="13" passed="12" error="0" failed="0" timeout="0" aborted="1" inconclusive="0" passedButRunAborted="0" notRunnable="0" notExecuted="0" disconnected="0" warning="0" completed="0" inProgress="0" pending="0" />
    <RunInfos>
      <RunInfo computerName="ХП" outcome="Error" timestamp="2012-01-18T18:05:23.0501504+02:00">
        <Text>Test host process exited unexpectedly.</Text>
      </RunInfo>
    </RunInfos>
  </ResultSummary>
  <TestDefinitions>
    <UnitTest name="DeleteFunctionsTest" storage="e:\информация\проекты\поиск работы\itransition\projectswatcher\projectwatcher\testproject\bin\debug\testproject.dll" id="19af2c87-2e28-0ae7-52ee-e6e5a46fbe1b">
      <Execution id="c34080a2-daf6-4f0d-ba8e-4ac2c527a24b" />
      <TestMethod codeBase="E:/информация/Проекты/поиск работы/itransition/ProjectsWatcher/ProjectWatcher/TestProject/bin/Debug/TestProject.DLL" adapterTypeName="Microsoft.VisualStudio.TestTools.TestTypes.Unit.UnitTestAdapter, Microsoft.VisualStudio.QualityTools.Tips.UnitTest.Adapter, Version=10.0.0.0, Culture=neutral, PublicKeyToken=b03f5f7f11d50a3a" className="TestProject.ProjectsHelperTest, TestProject, Version=1.0.0.0, Culture=neutral, PublicKeyToken=null" name="DeleteFunctionsTest" />
    </UnitTest>
    <UnitTest name="RequestBuilderTest" storage="e:\информация\проекты\поиск работы\itransition\projectswatcher\projectwatcher\testproject\bin\debug\testproject.dll" id="ef00f901-fd6a-b75c-5f01-f2fa43dfda91">
      <Execution id="a40eb026-cb91-4ac9-8531-a4d60c0d45ad" />
      <TestMethod codeBase="E:/информация/Проекты/поиск работы/itransition/ProjectsWatcher/ProjectWatcher/TestProject/bin/Debug/TestProject.DLL" adapterTypeName="Microsoft.VisualStudio.TestTools.TestTypes.Unit.UnitTestAdapter, Microsoft.VisualStudio.QualityTools.Tips.UnitTest.Adapter, Version=10.0.0.0, Culture=neutral, PublicKeyToken=b03f5f7f11d50a3a" className="TestProject.ProjectsHelperTest, TestProject, Version=1.0.0.0, Culture=neutral, PublicKeyToken=null" name="RequestBuilderTest" />
    </UnitTest>
    <UnitTest name="CreateFooterModelTest" storage="e:\информация\проекты\поиск работы\itransition\projectswatcher\projectwatcher\testproject\bin\debug\testproject.dll" id="b7f7d50f-7580-9f38-5947-a3a34adaf952">
      <Execution id="148377d1-179c-4f76-9660-495cbc87bab1" />
      <TestMethod codeBase="E:/информация/Проекты/поиск работы/itransition/ProjectsWatcher/ProjectWatcher/TestProject/bin/Debug/TestProject.DLL" adapterTypeName="Microsoft.VisualStudio.TestTools.TestTypes.Unit.UnitTestAdapter, Microsoft.VisualStudio.QualityTools.Tips.UnitTest.Adapter, Version=10.0.0.0, Culture=neutral, PublicKeyToken=b03f5f7f11d50a3a" className="TestProject.ProjectsHelperTest, TestProject, Version=1.0.0.0, Culture=neutral, PublicKeyToken=null" name="CreateFooterModelTest" />
    </UnitTest>
    <UnitTest name="StringToColumnTest" storage="e:\информация\проекты\поиск работы\itransition\projectswatcher\projectwatcher\testproject\bin\debug\testproject.dll" id="5e6eb382-3c25-c34d-109c-e268ac443ad8">
      <Execution id="eb23ce5b-4814-4ef9-8def-38bdb64be501" />
      <TestMethod codeBase="E:/информация/Проекты/поиск работы/itransition/ProjectsWatcher/ProjectWatcher/TestProject/bin/Debug/TestProject.DLL" adapterTypeName="Microsoft.VisualStudio.TestTools.TestTypes.Unit.UnitTestAdapter, Microsoft.VisualStudio.QualityTools.Tips.UnitTest.Adapter, Version=10.0.0.0, Culture=neutral, PublicKeyToken=b03f5f7f11d50a3a" className="TestProject.ProjectsHelperTest, TestProject, Version=1.0.0.0, Culture=neutral, PublicKeyToken=null" name="StringToColumnTest" />
    </UnitTest>
    <UnitTest name="CreateFilterModelTest" storage="e:\информация\проекты\поиск работы\itransition\projectswatcher\projectwatcher\testproject\bin\debug\testproject.dll" id="3bf54a8a-3985-7233-1816-155c4f3016be">
      <Execution id="7254d0fb-83c8-4a81-ae5b-66dd7e5bd301" />
      <TestMethod codeBase="E:/информация/Проекты/поиск работы/itransition/ProjectsWatcher/ProjectWatcher/TestProject/bin/Debug/TestProject.DLL" adapterTypeName="Microsoft.VisualStudio.TestTools.TestTypes.Unit.UnitTestAdapter, Microsoft.VisualStudio.QualityTools.Tips.UnitTest.Adapter, Version=10.0.0.0, Culture=neutral, PublicKeyToken=b03f5f7f11d50a3a" className="TestProject.ProjectsHelperTest, TestProject, Version=1.0.0.0, Culture=neutral, PublicKeyToken=null" name="CreateFilterModelTest" />
    </UnitTest>
    <UnitTest name="GetFuncAndVarTest" storage="e:\информация\проекты\поиск работы\itransition\projectswatcher\projectwatcher\testproject\bin\debug\testproject.dll" id="e4ee5135-d52c-e831-1731-99027035f03a">
      <Execution id="01c599eb-c650-437a-af19-94e15ac08a2b" />
      <TestMethod codeBase="E:/информация/Проекты/поиск работы/itransition/ProjectsWatcher/ProjectWatcher/TestProject/bin/Debug/TestProject.DLL" adapterTypeName="Microsoft.VisualStudio.TestTools.TestTypes.Unit.UnitTestAdapter, Microsoft.VisualStudio.QualityTools.Tips.UnitTest.Adapter, Version=10.0.0.0, Culture=neutral, PublicKeyToken=b03f5f7f11d50a3a" className="TestProject.ProjectsHelperTest, TestProject, Version=1.0.0.0, Culture=neutral, PublicKeyToken=null" name="GetFuncAndVarTest" />
    </UnitTest>
    <UnitTest name="GetFunctionsTest" storage="e:\информация\проекты\поиск работы\itransition\projectswatcher\projectwatcher\testproject\bin\debug\testproject.dll" id="067bc254-eb01-e54b-b1b0-617ef6ab44e1">
      <Execution id="d1783dcd-67f9-47ca-92b9-5f334730c31f" />
      <TestMethod codeBase="E:/информация/Проекты/поиск работы/itransition/ProjectsWatcher/ProjectWatcher/TestProject/bin/Debug/TestProject.DLL" adapterTypeName="Microsoft.VisualStudio.TestTools.TestTypes.Unit.UnitTestAdapter, Microsoft.VisualStudio.QualityTools.Tips.UnitTest.Adapter, Version=10.0.0.0, Culture=neutral, PublicKeyToken=b03f5f7f11d50a3a" className="TestProject.ProjectsHelperTest, TestProject, Version=1.0.0.0, Culture=neutral, PublicKeyToken=null" name="GetFunctionsTest" />
    </UnitTest>
    <UnitTest name="SetValuesIntoFormulasTest" storage="e:\информация\проекты\поиск работы\itransition\projectswatcher\projectwatcher\testproject\bin\debug\testproject.dll" id="15097f91-037d-e8d1-b5f3-56560dcfdece">
      <Execution id="8fbe6f63-5c0d-46fc-91a5-a73398d3d089" />
      <TestMethod codeBase="E:/информация/Проекты/поиск работы/itransition/ProjectsWatcher/ProjectWatcher/TestProject/bin/Debug/TestProject.DLL" adapterTypeName="Microsoft.VisualStudio.TestTools.TestTypes.Unit.UnitTestAdapter, Microsoft.VisualStudio.QualityTools.Tips.UnitTest.Adapter, Version=10.0.0.0, Culture=neutral, PublicKeyToken=b03f5f7f11d50a3a" className="TestProject.ProjectsHelperTest, TestProject, Version=1.0.0.0, Culture=neutral, PublicKeyToken=null" name="SetValuesIntoFormulasTest" />
    </UnitTest>
    <UnitTest name="GetVariablesTest" storage="e:\информация\проекты\поиск работы\itransition\projectswatcher\projectwatcher\testproject\bin\debug\testproject.dll" id="41a1eb7c-2590-e013-66f1-5e5b6213345a">
      <Execution id="b3c44053-225a-4a42-ae78-de09318be6e8" />
      <TestMethod codeBase="E:/информация/Проекты/поиск работы/itransition/ProjectsWatcher/ProjectWatcher/TestProject/bin/Debug/TestProject.DLL" adapterTypeName="Microsoft.VisualStudio.TestTools.TestTypes.Unit.UnitTestAdapter, Microsoft.VisualStudio.QualityTools.Tips.UnitTest.Adapter, Version=10.0.0.0, Culture=neutral, PublicKeyToken=b03f5f7f11d50a3a" className="TestProject.ProjectsHelperTest, TestProject, Version=1.0.0.0, Culture=neutral, PublicKeyToken=null" name="GetVariablesTest" />
    </UnitTest>
    <UnitTest name="WriteTableToStreamTest" storage="e:\информация\проекты\поиск работы\itransition\projectswatcher\projectwatcher\testproject\bin\debug\testproject.dll" id="cc9b992a-8382-3e35-026c-2aae599a2f3c">
      <Execution id="af5279d5-2b84-4a21-8be0-d20522c953c5" />
      <TestMethod codeBase="E:/информация/Проекты/поиск работы/itransition/ProjectsWatcher/ProjectWatcher/TestProject/bin/Debug/TestProject.DLL" adapterTypeName="Microsoft.VisualStudio.TestTools.TestTypes.Unit.UnitTestAdapter, Microsoft.VisualStudio.QualityTools.Tips.UnitTest.Adapter, Version=10.0.0.0, Culture=neutral, PublicKeyToken=b03f5f7f11d50a3a" className="TestProject.ProjectsHelperTest, TestProject, Version=1.0.0.0, Culture=neutral, PublicKeyToken=null" name="WriteTableToStreamTest" />
    </UnitTest>
    <UnitTest name="GetRequestBuilderTest" storage="e:\информация\проекты\поиск работы\itransition\projectswatcher\projectwatcher\testproject\bin\debug\testproject.dll" id="1e142c3d-c55c-6d86-e41b-fc3cedd943ea">
      <Execution id="e81fdcb8-2c5f-4d09-a946-478562e75645" />
      <TestMethod codeBase="E:/информация/Проекты/поиск работы/itransition/ProjectsWatcher/ProjectWatcher/TestProject/bin/Debug/TestProject.DLL" adapterTypeName="Microsoft.VisualStudio.TestTools.TestTypes.Unit.UnitTestAdapter, Microsoft.VisualStudio.QualityTools.Tips.UnitTest.Adapter, Version=10.0.0.0, Culture=neutral, PublicKeyToken=b03f5f7f11d50a3a" className="TestProject.ProjectsHelperTest, TestProject, Version=1.0.0.0, Culture=neutral, PublicKeyToken=null" name="GetRequestBuilderTest" />
    </UnitTest>
    <UnitTest name="StringToColumnExceptionTest" storage="e:\информация\проекты\поиск работы\itransition\projectswatcher\projectwatcher\testproject\bin\debug\testproject.dll" id="f9ef6d41-1239-8f52-3dfb-a0a832532c16">
      <Execution id="19c584b4-73ed-4677-be98-fb3429beb379" />
      <TestMethod codeBase="E:/информация/Проекты/поиск работы/itransition/ProjectsWatcher/ProjectWatcher/TestProject/bin/Debug/TestProject.DLL" adapterTypeName="Microsoft.VisualStudio.TestTools.TestTypes.Unit.UnitTestAdapter, Microsoft.VisualStudio.QualityTools.Tips.UnitTest.Adapter, Version=10.0.0.0, Culture=neutral, PublicKeyToken=b03f5f7f11d50a3a" className="TestProject.ProjectsHelperTest, TestProject, Version=1.0.0.0, Culture=neutral, PublicKeyToken=null" name="StringToColumnExceptionTest" />
    </UnitTest>
    <UnitTest name="GetFunctionsAndVariablesTest" storage="e:\информация\проекты\поиск работы\itransition\projectswatcher\projectwatcher\testproject\bin\debug\testproject.dll" id="6b322db4-52bb-b761-35a2-88784156fad4">
      <Execution id="0f14db08-436f-4994-ac4d-ec2453b00f23" />
      <TestMethod codeBase="E:/информация/Проекты/поиск работы/itransition/ProjectsWatcher/ProjectWatcher/TestProject/bin/Debug/TestProject.DLL" adapterTypeName="Microsoft.VisualStudio.TestTools.TestTypes.Unit.UnitTestAdapter, Microsoft.VisualStudio.QualityTools.Tips.UnitTest.Adapter, Version=10.0.0.0, Culture=neutral, PublicKeyToken=b03f5f7f11d50a3a" className="TestProject.ProjectsHelperTest, TestProject, Version=1.0.0.0, Culture=neutral, PublicKeyToken=null" name="GetFunctionsAndVariablesTest" />
    </UnitTest>
  </TestDefinitions>
  <TestLists>
    <TestList name="Results Not in a List" id="8c84fa94-04c1-424b-9868-57a2d4851a1d" />
    <TestList name="All Loaded Results" id="19431567-8539-422a-85d7-44ee4e166bda" />
  </TestLists>
  <TestEntries>
    <TestEntry testId="f9ef6d41-1239-8f52-3dfb-a0a832532c16" executionId="19c584b4-73ed-4677-be98-fb3429beb379" testListId="8c84fa94-04c1-424b-9868-57a2d4851a1d" />
    <TestEntry testId="e4ee5135-d52c-e831-1731-99027035f03a" executionId="01c599eb-c650-437a-af19-94e15ac08a2b" testListId="8c84fa94-04c1-424b-9868-57a2d4851a1d" />
    <TestEntry testId="ef00f901-fd6a-b75c-5f01-f2fa43dfda91" executionId="a40eb026-cb91-4ac9-8531-a4d60c0d45ad" testListId="8c84fa94-04c1-424b-9868-57a2d4851a1d" />
    <TestEntry testId="3bf54a8a-3985-7233-1816-155c4f3016be" executionId="7254d0fb-83c8-4a81-ae5b-66dd7e5bd301" testListId="8c84fa94-04c1-424b-9868-57a2d4851a1d" />
    <TestEntry testId="b7f7d50f-7580-9f38-5947-a3a34adaf952" executionId="148377d1-179c-4f76-9660-495cbc87bab1" testListId="8c84fa94-04c1-424b-9868-57a2d4851a1d" />
    <TestEntry testId="19af2c87-2e28-0ae7-52ee-e6e5a46fbe1b" executionId="c34080a2-daf6-4f0d-ba8e-4ac2c527a24b" testListId="8c84fa94-04c1-424b-9868-57a2d4851a1d" />
    <TestEntry testId="067bc254-eb01-e54b-b1b0-617ef6ab44e1" executionId="d1783dcd-67f9-47ca-92b9-5f334730c31f" testListId="8c84fa94-04c1-424b-9868-57a2d4851a1d" />
    <TestEntry testId="6b322db4-52bb-b761-35a2-88784156fad4" executionId="0f14db08-436f-4994-ac4d-ec2453b00f23" testListId="8c84fa94-04c1-424b-9868-57a2d4851a1d" />
    <TestEntry testId="1e142c3d-c55c-6d86-e41b-fc3cedd943ea" executionId="e81fdcb8-2c5f-4d09-a946-478562e75645" testListId="8c84fa94-04c1-424b-9868-57a2d4851a1d" />
    <TestEntry testId="41a1eb7c-2590-e013-66f1-5e5b6213345a" executionId="b3c44053-225a-4a42-ae78-de09318be6e8" testListId="8c84fa94-04c1-424b-9868-57a2d4851a1d" />
    <TestEntry testId="15097f91-037d-e8d1-b5f3-56560dcfdece" executionId="8fbe6f63-5c0d-46fc-91a5-a73398d3d089" testListId="8c84fa94-04c1-424b-9868-57a2d4851a1d" />
    <TestEntry testId="5e6eb382-3c25-c34d-109c-e268ac443ad8" executionId="eb23ce5b-4814-4ef9-8def-38bdb64be501" testListId="8c84fa94-04c1-424b-9868-57a2d4851a1d" />
    <TestEntry testId="cc9b992a-8382-3e35-026c-2aae599a2f3c" executionId="af5279d5-2b84-4a21-8be0-d20522c953c5" testListId="8c84fa94-04c1-424b-9868-57a2d4851a1d" />
  </TestEntries>
  <Results>
    <UnitTestResult executionId="19c584b4-73ed-4677-be98-fb3429beb379" testId="f9ef6d41-1239-8f52-3dfb-a0a832532c16" testName="StringToColumnExceptionTest" computerName="ХП" duration="00:00:02.1575050" startTime="2012-01-18T18:05:10.9414578+02:00" endTime="2012-01-18T18:05:14.5406637+02:00" testType="13cdc9d9-ddb5-4fa4-a97d-d965ccfc6d4b" outcome="Passed" testListId="8c84fa94-04c1-424b-9868-57a2d4851a1d" relativeResultsDirectory="19c584b4-73ed-4677-be98-fb3429beb379">
    </UnitTestResult>
    <UnitTestResult executionId="01c599eb-c650-437a-af19-94e15ac08a2b" testId="e4ee5135-d52c-e831-1731-99027035f03a" testName="GetFuncAndVarTest" computerName="ХП" duration="00:00:00.0028690" startTime="2012-01-18T18:05:14.5646650+02:00" endTime="2012-01-18T18:05:14.5876664+02:00" testType="13cdc9d9-ddb5-4fa4-a97d-d965ccfc6d4b" outcome="Passed" testListId="8c84fa94-04c1-424b-9868-57a2d4851a1d" relativeResultsDirectory="01c599eb-c650-437a-af19-94e15ac08a2b">
    </UnitTestResult>
    <UnitTestResult executionId="a40eb026-cb91-4ac9-8531-a4d60c0d45ad" testId="ef00f901-fd6a-b75c-5f01-f2fa43dfda91" testName="RequestBuilderTest" computerName="ХП" duration="00:00:00.0265995" startTime="2012-01-18T18:05:14.6016672+02:00" endTime="2012-01-18T18:05:14.6476698+02:00" testType="13cdc9d9-ddb5-4fa4-a97d-d965ccfc6d4b" outcome="Passed" testListId="8c84fa94-04c1-424b-9868-57a2d4851a1d" relativeResultsDirectory="a40eb026-cb91-4ac9-8531-a4d60c0d45ad">
    </UnitTestResult>
    <UnitTestResult executionId="7254d0fb-83c8-4a81-ae5b-66dd7e5bd301" testId="3bf54a8a-3985-7233-1816-155c4f3016be" testName="CreateFilterModelTest" computerName="ХП" duration="00:00:00.0249197" startTime="2012-01-18T18:05:14.6626707+02:00" endTime="2012-01-18T18:05:14.7046731+02:00" testType="13cdc9d9-ddb5-4fa4-a97d-d965ccfc6d4b" outcome="Passed" testListId="8c84fa94-04c1-424b-9868-57a2d4851a1d" relativeResultsDirectory="7254d0fb-83c8-4a81-ae5b-66dd7e5bd301">
    </UnitTestResult>
    <UnitTestResult executionId="148377d1-179c-4f76-9660-495cbc87bab1" testId="b7f7d50f-7580-9f38-5947-a3a34adaf952" testName="CreateFooterModelTest" computerName="ХП" duration="00:00:00.0017755" startTime="2012-01-18T18:05:14.7326747+02:00" endTime="2012-01-18T18:05:14.7586761+02:00" testType="13cdc9d9-ddb5-4fa4-a97d-d965ccfc6d4b" outcome="Passed" testListId="8c84fa94-04c1-424b-9868-57a2d4851a1d" relativeResultsDirectory="148377d1-179c-4f76-9660-495cbc87bab1">
    </UnitTestResult>
    <UnitTestResult executionId="c34080a2-daf6-4f0d-ba8e-4ac2c527a24b" testId="19af2c87-2e28-0ae7-52ee-e6e5a46fbe1b" testName="DeleteFunctionsTest" computerName="ХП" duration="00:00:00.0019275" startTime="2012-01-18T18:05:14.7846776+02:00" endTime="2012-01-18T18:05:14.8096791+02:00" testType="13cdc9d9-ddb5-4fa4-a97d-d965ccfc6d4b" outcome="Passed" testListId="8c84fa94-04c1-424b-9868-57a2d4851a1d" relativeResultsDirectory="c34080a2-daf6-4f0d-ba8e-4ac2c527a24b">
    </UnitTestResult>
    <UnitTestResult executionId="d1783dcd-67f9-47ca-92b9-5f334730c31f" testId="067bc254-eb01-e54b-b1b0-617ef6ab44e1" testName="GetFunctionsTest" computerName="ХП" duration="00:00:00.0011242" startTime="2012-01-18T18:05:14.8306803+02:00" endTime="2012-01-18T18:05:14.8496814+02:00" testType="13cdc9d9-ddb5-4fa4-a97d-d965ccfc6d4b" outcome="Passed" testListId="8c84fa94-04c1-424b-9868-57a2d4851a1d" relativeResultsDirectory="d1783dcd-67f9-47ca-92b9-5f334730c31f">
    </UnitTestResult>
    <UnitTestResult executionId="0f14db08-436f-4994-ac4d-ec2453b00f23" testId="6b322db4-52bb-b761-35a2-88784156fad4" testName="GetFunctionsAndVariablesTest" computerName="ХП" duration="00:00:00.0007807" startTime="2012-01-18T18:05:14.8776830+02:00" endTime="2012-01-18T18:05:14.9016843+02:00" testType="13cdc9d9-ddb5-4fa4-a97d-d965ccfc6d4b" outcome="Passed" testListId="8c84fa94-04c1-424b-9868-57a2d4851a1d" relativeResultsDirectory="0f14db08-436f-4994-ac4d-ec2453b00f23">
    </UnitTestResult>
    <UnitTestResult executionId="e81fdcb8-2c5f-4d09-a946-478562e75645" testId="1e142c3d-c55c-6d86-e41b-fc3cedd943ea" testName="GetRequestBuilderTest" computerName="ХП" duration="00:00:00.0799838" startTime="2012-01-18T18:05:14.9226855+02:00" endTime="2012-01-18T18:05:15.0286916+02:00" testType="13cdc9d9-ddb5-4fa4-a97d-d965ccfc6d4b" outcome="Passed" testListId="8c84fa94-04c1-424b-9868-57a2d4851a1d" relativeResultsDirectory="e81fdcb8-2c5f-4d09-a946-478562e75645">
    </UnitTestResult>
    <UnitTestResult executionId="b3c44053-225a-4a42-ae78-de09318be6e8" testId="41a1eb7c-2590-e013-66f1-5e5b6213345a" testName="GetVariablesTest" computerName="ХП" duration="00:00:00.0011857" startTime="2012-01-18T18:05:15.0416923+02:00" endTime="2012-01-18T18:05:15.0616935+02:00" testType="13cdc9d9-ddb5-4fa4-a97d-d965ccfc6d4b" outcome="Passed" testListId="8c84fa94-04c1-424b-9868-57a2d4851a1d" relativeResultsDirectory="b3c44053-225a-4a42-ae78-de09318be6e8">
    </UnitTestResult>
    <UnitTestResult executionId="8fbe6f63-5c0d-46fc-91a5-a73398d3d089" testId="15097f91-037d-e8d1-b5f3-56560dcfdece" testName="SetValuesIntoFormulasTest" computerName="ХП" duration="00:00:03.4844764" startTime="2012-01-18T18:05:15.0756943+02:00" endTime="2012-01-18T18:05:18.5848950+02:00" testType="13cdc9d9-ddb5-4fa4-a97d-d965ccfc6d4b" outcome="Passed" testListId="8c84fa94-04c1-424b-9868-57a2d4851a1d" relativeResultsDirectory="8fbe6f63-5c0d-46fc-91a5-a73398d3d089">
    </UnitTestResult>
    <UnitTestResult executionId="eb23ce5b-4814-4ef9-8def-38bdb64be501" testId="5e6eb382-3c25-c34d-109c-e268ac443ad8" testName="StringToColumnTest" computerName="ХП" duration="00:00:01.7313826" startTime="2012-01-18T18:05:18.5978957+02:00" endTime="2012-01-18T18:05:20.3479958+02:00" testType="13cdc9d9-ddb5-4fa4-a97d-d965ccfc6d4b" outcome="Passed" testListId="8c84fa94-04c1-424b-9868-57a2d4851a1d" relativeResultsDirectory="eb23ce5b-4814-4ef9-8def-38bdb64be501">
    </UnitTestResult>
    <UnitTestResult executionId="af5279d5-2b84-4a21-8be0-d20522c953c5" testId="cc9b992a-8382-3e35-026c-2aae599a2f3c" testName="WriteTableToStreamTest" computerName="ХП" duration="00:00:02.6881537" startTime="2012-01-18T18:05:20.3679970+02:00" endTime="2012-01-18T18:05:23.0561507+02:00" testType="13cdc9d9-ddb5-4fa4-a97d-d965ccfc6d4b" outcome="Aborted" testListId="8c84fa94-04c1-424b-9868-57a2d4851a1d" relativeResultsDirectory="af5279d5-2b84-4a21-8be0-d20522c953c5">
    </UnitTestResult>
  </Results>
</TestRun>