<?xml version="1.0" encoding="UTF-8"?>
<TestRun id="d201d8f1-53d3-4766-9f85-2ee3e598d037" name="Dmitry@ХП 2012-01-20 19:37:55" runUser="ХП\Dmitry" xmlns="http://microsoft.com/schemas/VisualStudio/TeamTest/2010">
  <TestSettings name="Local" id="744b2588-026e-462a-817a-acbe96aacba9">
    <Description>These are default test settings for a local test run.</Description>
    <Deployment enabled="false" runDeploymentRoot="Dmitry_ХП 2012-01-20 19_37_55">
      <DeploymentItem filename="E:\информация\Проекты\поиск работы\itransition\ProjectsWatcher\ProjectWatcher\packages\EntityFramework.4.1.10331.0\lib\EntityFramework.dll" />
      <DeploymentItem filename="E:\информация\Проекты\поиск работы\itransition\ProjectsWatcher\ProjectWatcher\DAL\bin\Debug\DAL.dll" />
      <DeploymentItem filename="E:\информация\Проекты\поиск работы\itransition\ProjectsWatcher\ProjectWatcher\TestProject\bin\Debug\anrControls.Markdown.NET.dll" />
      <DeploymentItem filename="E:\информация\Проекты\поиск работы\itransition\ProjectsWatcher\ProjectWatcher\ExternalLibs\NMock2.dll" />
      <DeploymentItem filename="E:\информация\Проекты\поиск работы\itransition\ProjectsWatcher\ProjectWatcher\Validation\bin\Debug\Validation.dll" />
      <DeploymentItem filename="E:\информация\Проекты\поиск работы\itransition\ProjectsWatcher\ProjectWatcher\ProjectWatcher\bin\ProjectWatcher.dll" />
      <DeploymentItem filename="E:\информация\Проекты\поиск работы\itransition\ProjectsWatcher\ProjectWatcher\Authorization\bin\Debug\Authorization.dll" />
      <DeploymentItem filename="E:\информация\Проекты\поиск работы\itransition\ProjectsWatcher\ProjectWatcher\ExternalLibs\Rhino.Mocks.dll" />
    </Deployment>
    <Execution>
      <TestTypeSpecific />
      <AgentRule name="Execution Agents">
      </AgentRule>
    </Execution>
  </TestSettings>
  <Times creation="2012-01-20T19:37:55.7446554+02:00" queuing="2012-01-20T19:37:57.5976719+02:00" start="2012-01-20T19:37:57.7616734+02:00" finish="2012-01-20T19:38:03.1397213+02:00" />
  <ResultSummary outcome="Failed">
    <Counters total="19" executed="19" passed="17" error="0" failed="2" timeout="0" aborted="0" inconclusive="0" passedButRunAborted="0" notRunnable="0" notExecuted="0" disconnected="0" warning="0" completed="0" inProgress="0" pending="0" />
  </ResultSummary>
  <TestDefinitions>
    <UnitTest name="DeleteFunctionsTest" storage="e:\информация\проекты\поиск работы\itransition\projectswatcher\projectwatcher\testproject\bin\debug\testproject.dll" id="19af2c87-2e28-0ae7-52ee-e6e5a46fbe1b">
      <Execution id="1b93d9ee-3c35-44df-973d-e9330f318f4e" />
      <TestMethod codeBase="E:/информация/Проекты/поиск работы/itransition/ProjectsWatcher/ProjectWatcher/TestProject/bin/Debug/TestProject.DLL" adapterTypeName="Microsoft.VisualStudio.TestTools.TestTypes.Unit.UnitTestAdapter, Microsoft.VisualStudio.QualityTools.Tips.UnitTest.Adapter, Version=10.0.0.0, Culture=neutral, PublicKeyToken=b03f5f7f11d50a3a" className="TestProject.ProjectsHelperTest, TestProject, Version=1.0.0.0, Culture=neutral, PublicKeyToken=null" name="DeleteFunctionsTest" />
    </UnitTest>
    <UnitTest name="RequestBuilderTest" storage="e:\информация\проекты\поиск работы\itransition\projectswatcher\projectwatcher\testproject\bin\debug\testproject.dll" id="ef00f901-fd6a-b75c-5f01-f2fa43dfda91">
      <Execution id="5b9a3f9e-c0f8-4270-ab0a-e816b4147a20" />
      <TestMethod codeBase="E:/информация/Проекты/поиск работы/itransition/ProjectsWatcher/ProjectWatcher/TestProject/bin/Debug/TestProject.DLL" adapterTypeName="Microsoft.VisualStudio.TestTools.TestTypes.Unit.UnitTestAdapter, Microsoft.VisualStudio.QualityTools.Tips.UnitTest.Adapter, Version=10.0.0.0, Culture=neutral, PublicKeyToken=b03f5f7f11d50a3a" className="TestProject.ProjectsHelperTest, TestProject, Version=1.0.0.0, Culture=neutral, PublicKeyToken=null" name="RequestBuilderTest" />
    </UnitTest>
    <UnitTest name="CreateFooterModelTest" storage="e:\информация\проекты\поиск работы\itransition\projectswatcher\projectwatcher\testproject\bin\debug\testproject.dll" id="b7f7d50f-7580-9f38-5947-a3a34adaf952">
      <Execution id="ca0949f0-539e-41a5-a480-1cb1a1c50fab" />
      <TestMethod codeBase="E:/информация/Проекты/поиск работы/itransition/ProjectsWatcher/ProjectWatcher/TestProject/bin/Debug/TestProject.DLL" adapterTypeName="Microsoft.VisualStudio.TestTools.TestTypes.Unit.UnitTestAdapter, Microsoft.VisualStudio.QualityTools.Tips.UnitTest.Adapter, Version=10.0.0.0, Culture=neutral, PublicKeyToken=b03f5f7f11d50a3a" className="TestProject.ProjectsHelperTest, TestProject, Version=1.0.0.0, Culture=neutral, PublicKeyToken=null" name="CreateFooterModelTest" />
    </UnitTest>
    <UnitTest name="CreateNewPropertyTest2" storage="e:\информация\проекты\поиск работы\itransition\projectswatcher\projectwatcher\testproject\bin\debug\testproject.dll" id="c6bcfdc2-241a-5176-35fd-177c19f841f3">
      <Execution id="1ed77d39-2f70-43ee-a090-4a7471d7ce56" />
      <TestMethod codeBase="E:/информация/Проекты/поиск работы/itransition/ProjectsWatcher/ProjectWatcher/TestProject/bin/Debug/TestProject.DLL" adapterTypeName="Microsoft.VisualStudio.TestTools.TestTypes.Unit.UnitTestAdapter, Microsoft.VisualStudio.QualityTools.Tips.UnitTest.Adapter, Version=10.0.0.0, Culture=neutral, PublicKeyToken=b03f5f7f11d50a3a" className="TestProject.ProjectsReaderTest, TestProject, Version=1.0.0.0, Culture=neutral, PublicKeyToken=null" name="CreateNewPropertyTest2" />
    </UnitTest>
    <UnitTest name="StringToColumnTest" storage="e:\информация\проекты\поиск работы\itransition\projectswatcher\projectwatcher\testproject\bin\debug\testproject.dll" id="5e6eb382-3c25-c34d-109c-e268ac443ad8">
      <Execution id="2239a220-dc97-4b80-8976-cba48dc8f408" />
      <TestMethod codeBase="E:/информация/Проекты/поиск работы/itransition/ProjectsWatcher/ProjectWatcher/TestProject/bin/Debug/TestProject.DLL" adapterTypeName="Microsoft.VisualStudio.TestTools.TestTypes.Unit.UnitTestAdapter, Microsoft.VisualStudio.QualityTools.Tips.UnitTest.Adapter, Version=10.0.0.0, Culture=neutral, PublicKeyToken=b03f5f7f11d50a3a" className="TestProject.ProjectsHelperTest, TestProject, Version=1.0.0.0, Culture=neutral, PublicKeyToken=null" name="StringToColumnTest" />
    </UnitTest>
    <UnitTest name="GetPropertiesDefinitionsTest" storage="e:\информация\проекты\поиск работы\itransition\projectswatcher\projectwatcher\testproject\bin\debug\testproject.dll" id="3fadbe7c-8122-8645-3fe8-e0598248f416">
      <Execution id="3a041775-cc3a-49da-a415-7482b9fb093b" />
      <TestMethod codeBase="E:/информация/Проекты/поиск работы/itransition/ProjectsWatcher/ProjectWatcher/TestProject/bin/Debug/TestProject.DLL" adapterTypeName="Microsoft.VisualStudio.TestTools.TestTypes.Unit.UnitTestAdapter, Microsoft.VisualStudio.QualityTools.Tips.UnitTest.Adapter, Version=10.0.0.0, Culture=neutral, PublicKeyToken=b03f5f7f11d50a3a" className="TestProject.ProjectsReaderTest, TestProject, Version=1.0.0.0, Culture=neutral, PublicKeyToken=null" name="GetPropertiesDefinitionsTest" />
    </UnitTest>
    <UnitTest name="CreateFilterModelTest" storage="e:\информация\проекты\поиск работы\itransition\projectswatcher\projectwatcher\testproject\bin\debug\testproject.dll" id="3bf54a8a-3985-7233-1816-155c4f3016be">
      <Execution id="62e104b2-27ed-459a-8a43-2555ffe65824" />
      <TestMethod codeBase="E:/информация/Проекты/поиск работы/itransition/ProjectsWatcher/ProjectWatcher/TestProject/bin/Debug/TestProject.DLL" adapterTypeName="Microsoft.VisualStudio.TestTools.TestTypes.Unit.UnitTestAdapter, Microsoft.VisualStudio.QualityTools.Tips.UnitTest.Adapter, Version=10.0.0.0, Culture=neutral, PublicKeyToken=b03f5f7f11d50a3a" className="TestProject.ProjectsHelperTest, TestProject, Version=1.0.0.0, Culture=neutral, PublicKeyToken=null" name="CreateFilterModelTest" />
    </UnitTest>
    <UnitTest name="GetFuncAndVarTest" storage="e:\информация\проекты\поиск работы\itransition\projectswatcher\projectwatcher\testproject\bin\debug\testproject.dll" id="e4ee5135-d52c-e831-1731-99027035f03a">
      <Execution id="aee478ce-5407-4dd9-b478-d4854a09c796" />
      <TestMethod codeBase="E:/информация/Проекты/поиск работы/itransition/ProjectsWatcher/ProjectWatcher/TestProject/bin/Debug/TestProject.DLL" adapterTypeName="Microsoft.VisualStudio.TestTools.TestTypes.Unit.UnitTestAdapter, Microsoft.VisualStudio.QualityTools.Tips.UnitTest.Adapter, Version=10.0.0.0, Culture=neutral, PublicKeyToken=b03f5f7f11d50a3a" className="TestProject.ProjectsHelperTest, TestProject, Version=1.0.0.0, Culture=neutral, PublicKeyToken=null" name="GetFuncAndVarTest" />
    </UnitTest>
    <UnitTest name="FormCSVFileTest" storage="e:\информация\проекты\поиск работы\itransition\projectswatcher\projectwatcher\testproject\bin\debug\testproject.dll" id="c073fbef-a541-181b-a5d4-d06f138e9cab">
      <Execution id="dbcc8a55-d31c-4d08-8638-4c815d56b9b4" />
      <TestMethod codeBase="E:/информация/Проекты/поиск работы/itransition/ProjectsWatcher/ProjectWatcher/TestProject/bin/Debug/TestProject.DLL" adapterTypeName="Microsoft.VisualStudio.TestTools.TestTypes.Unit.UnitTestAdapter, Microsoft.VisualStudio.QualityTools.Tips.UnitTest.Adapter, Version=10.0.0.0, Culture=neutral, PublicKeyToken=b03f5f7f11d50a3a" className="TestProject.ProjectsHelperTest, TestProject, Version=1.0.0.0, Culture=neutral, PublicKeyToken=null" name="FormCSVFileTest" />
    </UnitTest>
    <UnitTest name="GetFunctionsTest" storage="e:\информация\проекты\поиск работы\itransition\projectswatcher\projectwatcher\testproject\bin\debug\testproject.dll" id="067bc254-eb01-e54b-b1b0-617ef6ab44e1">
      <Execution id="271b3712-0b00-4845-a076-2c9648e54006" />
      <TestMethod codeBase="E:/информация/Проекты/поиск работы/itransition/ProjectsWatcher/ProjectWatcher/TestProject/bin/Debug/TestProject.DLL" adapterTypeName="Microsoft.VisualStudio.TestTools.TestTypes.Unit.UnitTestAdapter, Microsoft.VisualStudio.QualityTools.Tips.UnitTest.Adapter, Version=10.0.0.0, Culture=neutral, PublicKeyToken=b03f5f7f11d50a3a" className="TestProject.ProjectsHelperTest, TestProject, Version=1.0.0.0, Culture=neutral, PublicKeyToken=null" name="GetFunctionsTest" />
    </UnitTest>
    <UnitTest name="SetValuesIntoFormulasTest" storage="e:\информация\проекты\поиск работы\itransition\projectswatcher\projectwatcher\testproject\bin\debug\testproject.dll" id="15097f91-037d-e8d1-b5f3-56560dcfdece">
      <Execution id="c40fdc4e-18c4-4ffe-a742-9c9163f7bd54" />
      <TestMethod codeBase="E:/информация/Проекты/поиск работы/itransition/ProjectsWatcher/ProjectWatcher/TestProject/bin/Debug/TestProject.DLL" adapterTypeName="Microsoft.VisualStudio.TestTools.TestTypes.Unit.UnitTestAdapter, Microsoft.VisualStudio.QualityTools.Tips.UnitTest.Adapter, Version=10.0.0.0, Culture=neutral, PublicKeyToken=b03f5f7f11d50a3a" className="TestProject.ProjectsHelperTest, TestProject, Version=1.0.0.0, Culture=neutral, PublicKeyToken=null" name="SetValuesIntoFormulasTest" />
    </UnitTest>
    <UnitTest name="GetVariablesTest" storage="e:\информация\проекты\поиск работы\itransition\projectswatcher\projectwatcher\testproject\bin\debug\testproject.dll" id="41a1eb7c-2590-e013-66f1-5e5b6213345a">
      <Execution id="e1bd00d0-dbc3-40fc-8b6e-ed83ceff3d5a" />
      <TestMethod codeBase="E:/информация/Проекты/поиск работы/itransition/ProjectsWatcher/ProjectWatcher/TestProject/bin/Debug/TestProject.DLL" adapterTypeName="Microsoft.VisualStudio.TestTools.TestTypes.Unit.UnitTestAdapter, Microsoft.VisualStudio.QualityTools.Tips.UnitTest.Adapter, Version=10.0.0.0, Culture=neutral, PublicKeyToken=b03f5f7f11d50a3a" className="TestProject.ProjectsHelperTest, TestProject, Version=1.0.0.0, Culture=neutral, PublicKeyToken=null" name="GetVariablesTest" />
    </UnitTest>
    <UnitTest name="CreateNewPropertyTest3" storage="e:\информация\проекты\поиск работы\itransition\projectswatcher\projectwatcher\testproject\bin\debug\testproject.dll" id="c7536d31-0bc6-a379-5d57-b2fcc3ad9f2c">
      <Execution id="d77804d5-2b84-4436-9364-c51ff7e92e11" />
      <TestMethod codeBase="E:/информация/Проекты/поиск работы/itransition/ProjectsWatcher/ProjectWatcher/TestProject/bin/Debug/TestProject.DLL" adapterTypeName="Microsoft.VisualStudio.TestTools.TestTypes.Unit.UnitTestAdapter, Microsoft.VisualStudio.QualityTools.Tips.UnitTest.Adapter, Version=10.0.0.0, Culture=neutral, PublicKeyToken=b03f5f7f11d50a3a" className="TestProject.ProjectsReaderTest, TestProject, Version=1.0.0.0, Culture=neutral, PublicKeyToken=null" name="CreateNewPropertyTest3" />
    </UnitTest>
    <UnitTest name="GetRequestBuilderTest" storage="e:\информация\проекты\поиск работы\itransition\projectswatcher\projectwatcher\testproject\bin\debug\testproject.dll" id="1e142c3d-c55c-6d86-e41b-fc3cedd943ea">
      <Execution id="14906a68-a80b-48e0-8485-7a98bfaca532" />
      <TestMethod codeBase="E:/информация/Проекты/поиск работы/itransition/ProjectsWatcher/ProjectWatcher/TestProject/bin/Debug/TestProject.DLL" adapterTypeName="Microsoft.VisualStudio.TestTools.TestTypes.Unit.UnitTestAdapter, Microsoft.VisualStudio.QualityTools.Tips.UnitTest.Adapter, Version=10.0.0.0, Culture=neutral, PublicKeyToken=b03f5f7f11d50a3a" className="TestProject.ProjectsHelperTest, TestProject, Version=1.0.0.0, Culture=neutral, PublicKeyToken=null" name="GetRequestBuilderTest" />
    </UnitTest>
    <UnitTest name="StringToColumnExceptionTest" storage="e:\информация\проекты\поиск работы\itransition\projectswatcher\projectwatcher\testproject\bin\debug\testproject.dll" id="f9ef6d41-1239-8f52-3dfb-a0a832532c16">
      <Execution id="82e715c8-bf52-4824-8674-e5f6f50c4c6c" />
      <TestMethod codeBase="E:/информация/Проекты/поиск работы/itransition/ProjectsWatcher/ProjectWatcher/TestProject/bin/Debug/TestProject.DLL" adapterTypeName="Microsoft.VisualStudio.TestTools.TestTypes.Unit.UnitTestAdapter, Microsoft.VisualStudio.QualityTools.Tips.UnitTest.Adapter, Version=10.0.0.0, Culture=neutral, PublicKeyToken=b03f5f7f11d50a3a" className="TestProject.ProjectsHelperTest, TestProject, Version=1.0.0.0, Culture=neutral, PublicKeyToken=null" name="StringToColumnExceptionTest" />
    </UnitTest>
    <UnitTest name="GetFunctionsAndVariablesTest" storage="e:\информация\проекты\поиск работы\itransition\projectswatcher\projectwatcher\testproject\bin\debug\testproject.dll" id="6b322db4-52bb-b761-35a2-88784156fad4">
      <Execution id="fbb9b825-3357-45dd-b75d-a08233a6ec2a" />
      <TestMethod codeBase="E:/информация/Проекты/поиск работы/itransition/ProjectsWatcher/ProjectWatcher/TestProject/bin/Debug/TestProject.DLL" adapterTypeName="Microsoft.VisualStudio.TestTools.TestTypes.Unit.UnitTestAdapter, Microsoft.VisualStudio.QualityTools.Tips.UnitTest.Adapter, Version=10.0.0.0, Culture=neutral, PublicKeyToken=b03f5f7f11d50a3a" className="TestProject.ProjectsHelperTest, TestProject, Version=1.0.0.0, Culture=neutral, PublicKeyToken=null" name="GetFunctionsAndVariablesTest" />
    </UnitTest>
    <UnitTest name="CreateNewPropertyTest1" storage="e:\информация\проекты\поиск работы\itransition\projectswatcher\projectwatcher\testproject\bin\debug\testproject.dll" id="7695b576-139d-70b4-ee1c-475101dc4178">
      <Execution id="78b78ed8-de19-440e-98b1-6e67a89df459" />
      <TestMethod codeBase="E:/информация/Проекты/поиск работы/itransition/ProjectsWatcher/ProjectWatcher/TestProject/bin/Debug/TestProject.DLL" adapterTypeName="Microsoft.VisualStudio.TestTools.TestTypes.Unit.UnitTestAdapter, Microsoft.VisualStudio.QualityTools.Tips.UnitTest.Adapter, Version=10.0.0.0, Culture=neutral, PublicKeyToken=b03f5f7f11d50a3a" className="TestProject.ProjectsReaderTest, TestProject, Version=1.0.0.0, Culture=neutral, PublicKeyToken=null" name="CreateNewPropertyTest1" />
    </UnitTest>
    <UnitTest name="CreateExportDataTest" storage="e:\информация\проекты\поиск работы\itransition\projectswatcher\projectwatcher\testproject\bin\debug\testproject.dll" id="4cca512c-3df2-ed2f-b893-3ab183a0f8a1">
      <Execution id="f859d45c-564b-4dbb-b145-e6e81eb80a45" />
      <TestMethod codeBase="E:/информация/Проекты/поиск работы/itransition/ProjectsWatcher/ProjectWatcher/TestProject/bin/Debug/TestProject.DLL" adapterTypeName="Microsoft.VisualStudio.TestTools.TestTypes.Unit.UnitTestAdapter, Microsoft.VisualStudio.QualityTools.Tips.UnitTest.Adapter, Version=10.0.0.0, Culture=neutral, PublicKeyToken=b03f5f7f11d50a3a" className="TestProject.ProjectsHelperTest, TestProject, Version=1.0.0.0, Culture=neutral, PublicKeyToken=null" name="CreateExportDataTest" />
    </UnitTest>
    <UnitTest name="GetProjectTest" storage="e:\информация\проекты\поиск работы\itransition\projectswatcher\projectwatcher\testproject\bin\debug\testproject.dll" id="3cc554ee-dc1d-1d98-3159-a14f45ff35c7">
      <Execution id="8917ec49-ddc7-44bb-a863-8954d60f7189" />
      <TestMethod codeBase="E:/информация/Проекты/поиск работы/itransition/ProjectsWatcher/ProjectWatcher/TestProject/bin/Debug/TestProject.DLL" adapterTypeName="Microsoft.VisualStudio.TestTools.TestTypes.Unit.UnitTestAdapter, Microsoft.VisualStudio.QualityTools.Tips.UnitTest.Adapter, Version=10.0.0.0, Culture=neutral, PublicKeyToken=b03f5f7f11d50a3a" className="TestProject.ProjectsReaderTest, TestProject, Version=1.0.0.0, Culture=neutral, PublicKeyToken=null" name="GetProjectTest" />
    </UnitTest>
  </TestDefinitions>
  <TestLists>
    <TestList name="Results Not in a List" id="8c84fa94-04c1-424b-9868-57a2d4851a1d" />
    <TestList name="All Loaded Results" id="19431567-8539-422a-85d7-44ee4e166bda" />
  </TestLists>
  <TestEntries>
    <TestEntry testId="f9ef6d41-1239-8f52-3dfb-a0a832532c16" executionId="82e715c8-bf52-4824-8674-e5f6f50c4c6c" testListId="8c84fa94-04c1-424b-9868-57a2d4851a1d" />
    <TestEntry testId="e4ee5135-d52c-e831-1731-99027035f03a" executionId="aee478ce-5407-4dd9-b478-d4854a09c796" testListId="8c84fa94-04c1-424b-9868-57a2d4851a1d" />
    <TestEntry testId="ef00f901-fd6a-b75c-5f01-f2fa43dfda91" executionId="5b9a3f9e-c0f8-4270-ab0a-e816b4147a20" testListId="8c84fa94-04c1-424b-9868-57a2d4851a1d" />
    <TestEntry testId="3bf54a8a-3985-7233-1816-155c4f3016be" executionId="62e104b2-27ed-459a-8a43-2555ffe65824" testListId="8c84fa94-04c1-424b-9868-57a2d4851a1d" />
    <TestEntry testId="b7f7d50f-7580-9f38-5947-a3a34adaf952" executionId="ca0949f0-539e-41a5-a480-1cb1a1c50fab" testListId="8c84fa94-04c1-424b-9868-57a2d4851a1d" />
    <TestEntry testId="19af2c87-2e28-0ae7-52ee-e6e5a46fbe1b" executionId="1b93d9ee-3c35-44df-973d-e9330f318f4e" testListId="8c84fa94-04c1-424b-9868-57a2d4851a1d" />
    <TestEntry testId="067bc254-eb01-e54b-b1b0-617ef6ab44e1" executionId="271b3712-0b00-4845-a076-2c9648e54006" testListId="8c84fa94-04c1-424b-9868-57a2d4851a1d" />
    <TestEntry testId="6b322db4-52bb-b761-35a2-88784156fad4" executionId="fbb9b825-3357-45dd-b75d-a08233a6ec2a" testListId="8c84fa94-04c1-424b-9868-57a2d4851a1d" />
    <TestEntry testId="1e142c3d-c55c-6d86-e41b-fc3cedd943ea" executionId="14906a68-a80b-48e0-8485-7a98bfaca532" testListId="8c84fa94-04c1-424b-9868-57a2d4851a1d" />
    <TestEntry testId="41a1eb7c-2590-e013-66f1-5e5b6213345a" executionId="e1bd00d0-dbc3-40fc-8b6e-ed83ceff3d5a" testListId="8c84fa94-04c1-424b-9868-57a2d4851a1d" />
    <TestEntry testId="15097f91-037d-e8d1-b5f3-56560dcfdece" executionId="c40fdc4e-18c4-4ffe-a742-9c9163f7bd54" testListId="8c84fa94-04c1-424b-9868-57a2d4851a1d" />
    <TestEntry testId="5e6eb382-3c25-c34d-109c-e268ac443ad8" executionId="2239a220-dc97-4b80-8976-cba48dc8f408" testListId="8c84fa94-04c1-424b-9868-57a2d4851a1d" />
    <TestEntry testId="4cca512c-3df2-ed2f-b893-3ab183a0f8a1" executionId="f859d45c-564b-4dbb-b145-e6e81eb80a45" testListId="8c84fa94-04c1-424b-9868-57a2d4851a1d" />
    <TestEntry testId="c073fbef-a541-181b-a5d4-d06f138e9cab" executionId="dbcc8a55-d31c-4d08-8638-4c815d56b9b4" testListId="8c84fa94-04c1-424b-9868-57a2d4851a1d" />
    <TestEntry testId="3fadbe7c-8122-8645-3fe8-e0598248f416" executionId="3a041775-cc3a-49da-a415-7482b9fb093b" testListId="8c84fa94-04c1-424b-9868-57a2d4851a1d" />
    <TestEntry testId="7695b576-139d-70b4-ee1c-475101dc4178" executionId="78b78ed8-de19-440e-98b1-6e67a89df459" testListId="8c84fa94-04c1-424b-9868-57a2d4851a1d" />
    <TestEntry testId="c6bcfdc2-241a-5176-35fd-177c19f841f3" executionId="1ed77d39-2f70-43ee-a090-4a7471d7ce56" testListId="8c84fa94-04c1-424b-9868-57a2d4851a1d" />
    <TestEntry testId="c7536d31-0bc6-a379-5d57-b2fcc3ad9f2c" executionId="d77804d5-2b84-4436-9364-c51ff7e92e11" testListId="8c84fa94-04c1-424b-9868-57a2d4851a1d" />
    <TestEntry testId="3cc554ee-dc1d-1d98-3159-a14f45ff35c7" executionId="8917ec49-ddc7-44bb-a863-8954d60f7189" testListId="8c84fa94-04c1-424b-9868-57a2d4851a1d" />
  </TestEntries>
  <Results>
    <UnitTestResult executionId="82e715c8-bf52-4824-8674-e5f6f50c4c6c" testId="f9ef6d41-1239-8f52-3dfb-a0a832532c16" testName="StringToColumnExceptionTest" computerName="ХП" duration="00:00:00.0522137" startTime="2012-01-20T19:37:57.8426741+02:00" endTime="2012-01-20T19:37:58.5226802+02:00" testType="13cdc9d9-ddb5-4fa4-a97d-d965ccfc6d4b" outcome="Passed" testListId="8c84fa94-04c1-424b-9868-57a2d4851a1d" relativeResultsDirectory="82e715c8-bf52-4824-8674-e5f6f50c4c6c">
    </UnitTestResult>
    <UnitTestResult executionId="aee478ce-5407-4dd9-b478-d4854a09c796" testId="e4ee5135-d52c-e831-1731-99027035f03a" testName="GetFuncAndVarTest" computerName="ХП" duration="00:00:00.0049200" startTime="2012-01-20T19:37:58.5306802+02:00" endTime="2012-01-20T19:37:58.5546805+02:00" testType="13cdc9d9-ddb5-4fa4-a97d-d965ccfc6d4b" outcome="Passed" testListId="8c84fa94-04c1-424b-9868-57a2d4851a1d" relativeResultsDirectory="aee478ce-5407-4dd9-b478-d4854a09c796">
    </UnitTestResult>
    <UnitTestResult executionId="5b9a3f9e-c0f8-4270-ab0a-e816b4147a20" testId="ef00f901-fd6a-b75c-5f01-f2fa43dfda91" testName="RequestBuilderTest" computerName="ХП" duration="00:00:00.0080174" startTime="2012-01-20T19:37:58.5606805+02:00" endTime="2012-01-20T19:37:58.5816807+02:00" testType="13cdc9d9-ddb5-4fa4-a97d-d965ccfc6d4b" outcome="Passed" testListId="8c84fa94-04c1-424b-9868-57a2d4851a1d" relativeResultsDirectory="5b9a3f9e-c0f8-4270-ab0a-e816b4147a20">
    </UnitTestResult>
    <UnitTestResult executionId="62e104b2-27ed-459a-8a43-2555ffe65824" testId="3bf54a8a-3985-7233-1816-155c4f3016be" testName="CreateFilterModelTest" computerName="ХП" duration="00:00:00.0123932" startTime="2012-01-20T19:37:58.5856807+02:00" endTime="2012-01-20T19:37:58.6076809+02:00" testType="13cdc9d9-ddb5-4fa4-a97d-d965ccfc6d4b" outcome="Passed" testListId="8c84fa94-04c1-424b-9868-57a2d4851a1d" relativeResultsDirectory="62e104b2-27ed-459a-8a43-2555ffe65824">
    </UnitTestResult>
    <UnitTestResult executionId="ca0949f0-539e-41a5-a480-1cb1a1c50fab" testId="b7f7d50f-7580-9f38-5947-a3a34adaf952" testName="CreateFooterModelTest" computerName="ХП" duration="00:00:00.0019265" startTime="2012-01-20T19:37:58.6126810+02:00" endTime="2012-01-20T19:37:58.6256811+02:00" testType="13cdc9d9-ddb5-4fa4-a97d-d965ccfc6d4b" outcome="Passed" testListId="8c84fa94-04c1-424b-9868-57a2d4851a1d" relativeResultsDirectory="ca0949f0-539e-41a5-a480-1cb1a1c50fab">
    </UnitTestResult>
    <UnitTestResult executionId="1b93d9ee-3c35-44df-973d-e9330f318f4e" testId="19af2c87-2e28-0ae7-52ee-e6e5a46fbe1b" testName="DeleteFunctionsTest" computerName="ХП" duration="00:00:00.0019915" startTime="2012-01-20T19:37:58.6296811+02:00" endTime="2012-01-20T19:37:58.6436812+02:00" testType="13cdc9d9-ddb5-4fa4-a97d-d965ccfc6d4b" outcome="Passed" testListId="8c84fa94-04c1-424b-9868-57a2d4851a1d" relativeResultsDirectory="1b93d9ee-3c35-44df-973d-e9330f318f4e">
    </UnitTestResult>
    <UnitTestResult executionId="271b3712-0b00-4845-a076-2c9648e54006" testId="067bc254-eb01-e54b-b1b0-617ef6ab44e1" testName="GetFunctionsTest" computerName="ХП" duration="00:00:00.0010234" startTime="2012-01-20T19:37:58.6496813+02:00" endTime="2012-01-20T19:37:58.6606814+02:00" testType="13cdc9d9-ddb5-4fa4-a97d-d965ccfc6d4b" outcome="Passed" testListId="8c84fa94-04c1-424b-9868-57a2d4851a1d" relativeResultsDirectory="271b3712-0b00-4845-a076-2c9648e54006">
    </UnitTestResult>
    <UnitTestResult executionId="fbb9b825-3357-45dd-b75d-a08233a6ec2a" testId="6b322db4-52bb-b761-35a2-88784156fad4" testName="GetFunctionsAndVariablesTest" computerName="ХП" duration="00:00:00.0007828" startTime="2012-01-20T19:37:58.6656814+02:00" endTime="2012-01-20T19:37:58.6766815+02:00" testType="13cdc9d9-ddb5-4fa4-a97d-d965ccfc6d4b" outcome="Passed" testListId="8c84fa94-04c1-424b-9868-57a2d4851a1d" relativeResultsDirectory="fbb9b825-3357-45dd-b75d-a08233a6ec2a">
    </UnitTestResult>
    <UnitTestResult executionId="14906a68-a80b-48e0-8485-7a98bfaca532" testId="1e142c3d-c55c-6d86-e41b-fc3cedd943ea" testName="GetRequestBuilderTest" computerName="ХП" duration="00:00:00.0371254" startTime="2012-01-20T19:37:58.6826816+02:00" endTime="2012-01-20T19:37:58.7276820+02:00" testType="13cdc9d9-ddb5-4fa4-a97d-d965ccfc6d4b" outcome="Passed" testListId="8c84fa94-04c1-424b-9868-57a2d4851a1d" relativeResultsDirectory="14906a68-a80b-48e0-8485-7a98bfaca532">
    </UnitTestResult>
    <UnitTestResult executionId="e1bd00d0-dbc3-40fc-8b6e-ed83ceff3d5a" testId="41a1eb7c-2590-e013-66f1-5e5b6213345a" testName="GetVariablesTest" computerName="ХП" duration="00:00:00.0011104" startTime="2012-01-20T19:37:58.7326820+02:00" endTime="2012-01-20T19:37:58.7436821+02:00" testType="13cdc9d9-ddb5-4fa4-a97d-d965ccfc6d4b" outcome="Passed" testListId="8c84fa94-04c1-424b-9868-57a2d4851a1d" relativeResultsDirectory="e1bd00d0-dbc3-40fc-8b6e-ed83ceff3d5a">
    </UnitTestResult>
    <UnitTestResult executionId="c40fdc4e-18c4-4ffe-a742-9c9163f7bd54" testId="15097f91-037d-e8d1-b5f3-56560dcfdece" testName="SetValuesIntoFormulasTest" computerName="ХП" duration="00:00:00.0082155" startTime="2012-01-20T19:37:58.7496822+02:00" endTime="2012-01-20T19:37:58.7646823+02:00" testType="13cdc9d9-ddb5-4fa4-a97d-d965ccfc6d4b" outcome="Passed" testListId="8c84fa94-04c1-424b-9868-57a2d4851a1d" relativeResultsDirectory="c40fdc4e-18c4-4ffe-a742-9c9163f7bd54">
    </UnitTestResult>
    <UnitTestResult executionId="2239a220-dc97-4b80-8976-cba48dc8f408" testId="5e6eb382-3c25-c34d-109c-e268ac443ad8" testName="StringToColumnTest" computerName="ХП" duration="00:00:00.0024973" startTime="2012-01-20T19:37:58.7686824+02:00" endTime="2012-01-20T19:37:58.7856825+02:00" testType="13cdc9d9-ddb5-4fa4-a97d-d965ccfc6d4b" outcome="Passed" testListId="8c84fa94-04c1-424b-9868-57a2d4851a1d" relativeResultsDirectory="2239a220-dc97-4b80-8976-cba48dc8f408">
    </UnitTestResult>
    <UnitTestResult executionId="f859d45c-564b-4dbb-b145-e6e81eb80a45" testId="4cca512c-3df2-ed2f-b893-3ab183a0f8a1" testName="CreateExportDataTest" computerName="ХП" duration="00:00:00.0045099" startTime="2012-01-20T19:37:58.7966826+02:00" endTime="2012-01-20T19:37:58.8116827+02:00" testType="13cdc9d9-ddb5-4fa4-a97d-d965ccfc6d4b" outcome="Passed" testListId="8c84fa94-04c1-424b-9868-57a2d4851a1d" relativeResultsDirectory="f859d45c-564b-4dbb-b145-e6e81eb80a45">
    </UnitTestResult>
    <UnitTestResult executionId="dbcc8a55-d31c-4d08-8638-4c815d56b9b4" testId="c073fbef-a541-181b-a5d4-d06f138e9cab" testName="FormCSVFileTest" computerName="ХП" duration="00:00:00.0049620" startTime="2012-01-20T19:37:58.8256829+02:00" endTime="2012-01-20T19:37:58.8386830+02:00" testType="13cdc9d9-ddb5-4fa4-a97d-d965ccfc6d4b" outcome="Passed" testListId="8c84fa94-04c1-424b-9868-57a2d4851a1d" relativeResultsDirectory="dbcc8a55-d31c-4d08-8638-4c815d56b9b4">
    </UnitTestResult>
    <UnitTestResult executionId="3a041775-cc3a-49da-a415-7482b9fb093b" testId="3fadbe7c-8122-8645-3fe8-e0598248f416" testName="GetPropertiesDefinitionsTest" computerName="ХП" duration="00:00:00.0016766" startTime="2012-01-20T19:37:58.8526831+02:00" endTime="2012-01-20T19:38:01.0867030+02:00" testType="13cdc9d9-ddb5-4fa4-a97d-d965ccfc6d4b" outcome="Passed" testListId="8c84fa94-04c1-424b-9868-57a2d4851a1d" relativeResultsDirectory="3a041775-cc3a-49da-a415-7482b9fb093b">
    </UnitTestResult>
    <UnitTestResult executionId="78b78ed8-de19-440e-98b1-6e67a89df459" testId="7695b576-139d-70b4-ee1c-475101dc4178" testName="CreateNewPropertyTest1" computerName="ХП" duration="00:00:00.2759826" startTime="2012-01-20T19:38:01.0967031+02:00" endTime="2012-01-20T19:38:01.3827056+02:00" testType="13cdc9d9-ddb5-4fa4-a97d-d965ccfc6d4b" outcome="Failed" testListId="8c84fa94-04c1-424b-9868-57a2d4851a1d" relativeResultsDirectory="78b78ed8-de19-440e-98b1-6e67a89df459">
      <Output>
        <StdOut>NHibernate: INSERT INTO Properties (SystemName, DisplayName, Type) VALUES (@p0, @p1, @p2);@p0 = 'latin_only' [Type: String (4000)], @p1 = 'Можно даже кирилическое название' [Type: String (4000)], @p2 = 'Percentage' [Type: String (4000)]
NHibernate: select @@IDENTITY</StdOut>
        <ErrorInfo>
          <Message>Test method TestProject.ProjectsReaderTest.CreateNewPropertyTest1 threw exception: 
DAL.BadSystemNameException: Выдано исключение типа "DAL.BadSystemNameException".</Message>
          <StackTrace>    в DAL.ProjectsReader.CreateNewProperty(String name, String systemName, String type, String[] availableValues) в E:\информация\Проекты\поиск работы\itransition\ProjectsWatcher\ProjectWatcher\DAL\ProjectsReader.cs:строка 109
   в TestProject.ProjectsReaderTest.CreateNewPropertyTest1() в E:\информация\Проекты\поиск работы\itransition\ProjectsWatcher\ProjectWatcher\TestProject\ProjectsReaderTest.cs:строка 95
</StackTrace>
        </ErrorInfo>
      </Output>
    </UnitTestResult>
    <UnitTestResult executionId="1ed77d39-2f70-43ee-a090-4a7471d7ce56" testId="c6bcfdc2-241a-5176-35fd-177c19f841f3" testName="CreateNewPropertyTest2" computerName="ХП" duration="00:00:00.0090941" startTime="2012-01-20T19:38:01.3867057+02:00" endTime="2012-01-20T19:38:01.4147059+02:00" testType="13cdc9d9-ddb5-4fa4-a97d-d965ccfc6d4b" outcome="Passed" testListId="8c84fa94-04c1-424b-9868-57a2d4851a1d" relativeResultsDirectory="1ed77d39-2f70-43ee-a090-4a7471d7ce56">
    </UnitTestResult>
    <UnitTestResult executionId="d77804d5-2b84-4436-9364-c51ff7e92e11" testId="c7536d31-0bc6-a379-5d57-b2fcc3ad9f2c" testName="CreateNewPropertyTest3" computerName="ХП" duration="00:00:00.0005805" startTime="2012-01-20T19:38:01.4207060+02:00" endTime="2012-01-20T19:38:01.4297060+02:00" testType="13cdc9d9-ddb5-4fa4-a97d-d965ccfc6d4b" outcome="Passed" testListId="8c84fa94-04c1-424b-9868-57a2d4851a1d" relativeResultsDirectory="d77804d5-2b84-4436-9364-c51ff7e92e11">
    </UnitTestResult>
    <UnitTestResult executionId="8917ec49-ddc7-44bb-a863-8954d60f7189" testId="3cc554ee-dc1d-1d98-3159-a14f45ff35c7" testName="GetProjectTest" computerName="ХП" duration="00:00:00.0230862" startTime="2012-01-20T19:38:01.4347061+02:00" endTime="2012-01-20T19:38:01.4687064+02:00" testType="13cdc9d9-ddb5-4fa4-a97d-d965ccfc6d4b" outcome="Failed" testListId="8c84fa94-04c1-424b-9868-57a2d4851a1d" relativeResultsDirectory="8917ec49-ddc7-44bb-a863-8954d60f7189">
      <Output>
        <ErrorInfo>
          <Message>Assert.IsNotNull failed. </Message>
          <StackTrace>   в TestProject.ProjectsReaderTest.GetProjectTest() в E:\информация\Проекты\поиск работы\itransition\ProjectsWatcher\ProjectWatcher\TestProject\ProjectsReaderTest.cs:строка 145
</StackTrace>
        </ErrorInfo>
      </Output>
    </UnitTestResult>
  </Results>
</TestRun>