<?xml version="1.0" encoding="UTF-8"?>
<TestRun id="a7086af4-d7fb-4e7c-8a5e-1ffcc20471b6" name="Dmitry@ХП 2012-01-18 18:06:51" runUser="ХП\Dmitry" xmlns="http://microsoft.com/schemas/VisualStudio/TeamTest/2010">
  <TestSettings name="Local" id="744b2588-026e-462a-817a-acbe96aacba9">
    <Description>These are default test settings for a local test run.</Description>
    <Deployment enabled="false" runDeploymentRoot="Dmitry_ХП 2012-01-18 18_06_51">
      <DeploymentItem filename="E:\информация\Проекты\поиск работы\itransition\ProjectsWatcher\ProjectWatcher\ExternalLibs\Rhino.Mocks.dll" />
      <DeploymentItem filename="E:\информация\Проекты\поиск работы\itransition\ProjectsWatcher\ProjectWatcher\ExternalLibs\NMock2.dll" />
      <DeploymentItem filename="E:\информация\Проекты\поиск работы\itransition\ProjectsWatcher\ProjectWatcher\packages\EntityFramework.4.1.10331.0\lib\EntityFramework.dll" />
      <DeploymentItem filename="E:\информация\Проекты\поиск работы\itransition\ProjectsWatcher\ProjectWatcher\Authorization\bin\Debug\Authorization.dll" />
      <DeploymentItem filename="E:\информация\Проекты\поиск работы\itransition\ProjectsWatcher\ProjectWatcher\ProjectWatcher\bin\ProjectWatcher.dll" />
      <DeploymentItem filename="E:\информация\Проекты\поиск работы\itransition\ProjectsWatcher\ProjectWatcher\TestProject\bin\Debug\anrControls.Markdown.NET.dll" />
      <DeploymentItem filename="E:\информация\Проекты\поиск работы\itransition\ProjectsWatcher\ProjectWatcher\DAL\bin\Debug\DAL.dll" />
    </Deployment>
    <Execution>
      <TestTypeSpecific />
      <AgentRule name="Execution Agents">
      </AgentRule>
    </Execution>
  </TestSettings>
  <Times creation="2012-01-18T18:06:51.0381830+02:00" queuing="2012-01-18T18:06:57.3085417+02:00" start="2012-01-18T18:06:57.7435665+02:00" finish="2012-01-18T18:07:42.3711191+02:00" />
  <ResultSummary outcome="Error">
    <Counters total="13" executed="11" passed="10" error="0" failed="0" timeout="0" aborted="1" inconclusive="0" passedButRunAborted="0" notRunnable="0" notExecuted="2" disconnected="0" warning="0" completed="0" inProgress="0" pending="0" />
    <RunInfos>
      <RunInfo computerName="ХП" outcome="Error" timestamp="2012-01-18T18:07:42.3471177+02:00">
        <Text>Test host process exited unexpectedly.</Text>
      </RunInfo>
    </RunInfos>
  </ResultSummary>
  <TestDefinitions>
    <UnitTest name="DeleteFunctionsTest" storage="e:\информация\проекты\поиск работы\itransition\projectswatcher\projectwatcher\testproject\bin\debug\testproject.dll" id="19af2c87-2e28-0ae7-52ee-e6e5a46fbe1b">
      <Execution id="2fc9251b-38cf-41ba-bf0a-941f181d87ec" />
      <TestMethod codeBase="E:/информация/Проекты/поиск работы/itransition/ProjectsWatcher/ProjectWatcher/TestProject/bin/Debug/TestProject.DLL" adapterTypeName="Microsoft.VisualStudio.TestTools.TestTypes.Unit.UnitTestAdapter, Microsoft.VisualStudio.QualityTools.Tips.UnitTest.Adapter, Version=10.0.0.0, Culture=neutral, PublicKeyToken=b03f5f7f11d50a3a" className="TestProject.ProjectsHelperTest, TestProject, Version=1.0.0.0, Culture=neutral, PublicKeyToken=null" name="DeleteFunctionsTest" />
    </UnitTest>
    <UnitTest name="RequestBuilderTest" storage="e:\информация\проекты\поиск работы\itransition\projectswatcher\projectwatcher\testproject\bin\debug\testproject.dll" id="ef00f901-fd6a-b75c-5f01-f2fa43dfda91">
      <Execution id="9d280633-9e3e-42ce-a41f-31b04286c21b" />
      <TestMethod codeBase="E:/информация/Проекты/поиск работы/itransition/ProjectsWatcher/ProjectWatcher/TestProject/bin/Debug/TestProject.DLL" adapterTypeName="Microsoft.VisualStudio.TestTools.TestTypes.Unit.UnitTestAdapter, Microsoft.VisualStudio.QualityTools.Tips.UnitTest.Adapter, Version=10.0.0.0, Culture=neutral, PublicKeyToken=b03f5f7f11d50a3a" className="TestProject.ProjectsHelperTest, TestProject, Version=1.0.0.0, Culture=neutral, PublicKeyToken=null" name="RequestBuilderTest" />
    </UnitTest>
    <UnitTest name="CreateFooterModelTest" storage="e:\информация\проекты\поиск работы\itransition\projectswatcher\projectwatcher\testproject\bin\debug\testproject.dll" id="b7f7d50f-7580-9f38-5947-a3a34adaf952">
      <Execution id="bd7fd3f9-adcc-4ab2-bfff-157683a01b6a" />
      <TestMethod codeBase="E:/информация/Проекты/поиск работы/itransition/ProjectsWatcher/ProjectWatcher/TestProject/bin/Debug/TestProject.DLL" adapterTypeName="Microsoft.VisualStudio.TestTools.TestTypes.Unit.UnitTestAdapter, Microsoft.VisualStudio.QualityTools.Tips.UnitTest.Adapter, Version=10.0.0.0, Culture=neutral, PublicKeyToken=b03f5f7f11d50a3a" className="TestProject.ProjectsHelperTest, TestProject, Version=1.0.0.0, Culture=neutral, PublicKeyToken=null" name="CreateFooterModelTest" />
    </UnitTest>
    <UnitTest name="StringToColumnTest" storage="e:\информация\проекты\поиск работы\itransition\projectswatcher\projectwatcher\testproject\bin\debug\testproject.dll" id="5e6eb382-3c25-c34d-109c-e268ac443ad8">
      <Execution id="1c19be6c-df6a-4439-8701-c510ec1c5b4b" />
      <TestMethod codeBase="E:/информация/Проекты/поиск работы/itransition/ProjectsWatcher/ProjectWatcher/TestProject/bin/Debug/TestProject.DLL" adapterTypeName="Microsoft.VisualStudio.TestTools.TestTypes.Unit.UnitTestAdapter, Microsoft.VisualStudio.QualityTools.Tips.UnitTest.Adapter, Version=10.0.0.0, Culture=neutral, PublicKeyToken=b03f5f7f11d50a3a" className="TestProject.ProjectsHelperTest, TestProject, Version=1.0.0.0, Culture=neutral, PublicKeyToken=null" name="StringToColumnTest" />
    </UnitTest>
    <UnitTest name="CreateFilterModelTest" storage="e:\информация\проекты\поиск работы\itransition\projectswatcher\projectwatcher\testproject\bin\debug\testproject.dll" id="3bf54a8a-3985-7233-1816-155c4f3016be">
      <Execution id="d5b48fc5-dfae-4dfc-a045-e70f64972f4c" />
      <TestMethod codeBase="E:/информация/Проекты/поиск работы/itransition/ProjectsWatcher/ProjectWatcher/TestProject/bin/Debug/TestProject.DLL" adapterTypeName="Microsoft.VisualStudio.TestTools.TestTypes.Unit.UnitTestAdapter, Microsoft.VisualStudio.QualityTools.Tips.UnitTest.Adapter, Version=10.0.0.0, Culture=neutral, PublicKeyToken=b03f5f7f11d50a3a" className="TestProject.ProjectsHelperTest, TestProject, Version=1.0.0.0, Culture=neutral, PublicKeyToken=null" name="CreateFilterModelTest" />
    </UnitTest>
    <UnitTest name="GetFuncAndVarTest" storage="e:\информация\проекты\поиск работы\itransition\projectswatcher\projectwatcher\testproject\bin\debug\testproject.dll" id="e4ee5135-d52c-e831-1731-99027035f03a">
      <Execution id="0f6e0597-5f31-44f8-b529-c56ba4a83162" />
      <TestMethod codeBase="E:/информация/Проекты/поиск работы/itransition/ProjectsWatcher/ProjectWatcher/TestProject/bin/Debug/TestProject.DLL" adapterTypeName="Microsoft.VisualStudio.TestTools.TestTypes.Unit.UnitTestAdapter, Microsoft.VisualStudio.QualityTools.Tips.UnitTest.Adapter, Version=10.0.0.0, Culture=neutral, PublicKeyToken=b03f5f7f11d50a3a" className="TestProject.ProjectsHelperTest, TestProject, Version=1.0.0.0, Culture=neutral, PublicKeyToken=null" name="GetFuncAndVarTest" />
    </UnitTest>
    <UnitTest name="GetFunctionsTest" storage="e:\информация\проекты\поиск работы\itransition\projectswatcher\projectwatcher\testproject\bin\debug\testproject.dll" id="067bc254-eb01-e54b-b1b0-617ef6ab44e1">
      <Execution id="b9a612c9-a58d-4182-a20e-506172e21303" />
      <TestMethod codeBase="E:/информация/Проекты/поиск работы/itransition/ProjectsWatcher/ProjectWatcher/TestProject/bin/Debug/TestProject.DLL" adapterTypeName="Microsoft.VisualStudio.TestTools.TestTypes.Unit.UnitTestAdapter, Microsoft.VisualStudio.QualityTools.Tips.UnitTest.Adapter, Version=10.0.0.0, Culture=neutral, PublicKeyToken=b03f5f7f11d50a3a" className="TestProject.ProjectsHelperTest, TestProject, Version=1.0.0.0, Culture=neutral, PublicKeyToken=null" name="GetFunctionsTest" />
    </UnitTest>
    <UnitTest name="SetValuesIntoFormulasTest" storage="e:\информация\проекты\поиск работы\itransition\projectswatcher\projectwatcher\testproject\bin\debug\testproject.dll" id="15097f91-037d-e8d1-b5f3-56560dcfdece">
      <Execution id="bc68f2a2-aa34-46e9-952e-6a9ac0f3fbdc" />
      <TestMethod codeBase="E:/информация/Проекты/поиск работы/itransition/ProjectsWatcher/ProjectWatcher/TestProject/bin/Debug/TestProject.DLL" adapterTypeName="Microsoft.VisualStudio.TestTools.TestTypes.Unit.UnitTestAdapter, Microsoft.VisualStudio.QualityTools.Tips.UnitTest.Adapter, Version=10.0.0.0, Culture=neutral, PublicKeyToken=b03f5f7f11d50a3a" className="TestProject.ProjectsHelperTest, TestProject, Version=1.0.0.0, Culture=neutral, PublicKeyToken=null" name="SetValuesIntoFormulasTest" />
    </UnitTest>
    <UnitTest name="GetVariablesTest" storage="e:\информация\проекты\поиск работы\itransition\projectswatcher\projectwatcher\testproject\bin\debug\testproject.dll" id="41a1eb7c-2590-e013-66f1-5e5b6213345a">
      <Execution id="69c64194-e8ac-49d1-b75c-3170d37814f7" />
      <TestMethod codeBase="E:/информация/Проекты/поиск работы/itransition/ProjectsWatcher/ProjectWatcher/TestProject/bin/Debug/TestProject.DLL" adapterTypeName="Microsoft.VisualStudio.TestTools.TestTypes.Unit.UnitTestAdapter, Microsoft.VisualStudio.QualityTools.Tips.UnitTest.Adapter, Version=10.0.0.0, Culture=neutral, PublicKeyToken=b03f5f7f11d50a3a" className="TestProject.ProjectsHelperTest, TestProject, Version=1.0.0.0, Culture=neutral, PublicKeyToken=null" name="GetVariablesTest" />
    </UnitTest>
    <UnitTest name="WriteTableToStreamTest" storage="e:\информация\проекты\поиск работы\itransition\projectswatcher\projectwatcher\testproject\bin\debug\testproject.dll" id="cc9b992a-8382-3e35-026c-2aae599a2f3c">
      <Execution id="c1e46a09-d0b1-4759-bdd7-112e2988408c" />
      <TestMethod codeBase="E:/информация/Проекты/поиск работы/itransition/ProjectsWatcher/ProjectWatcher/TestProject/bin/Debug/TestProject.DLL" adapterTypeName="Microsoft.VisualStudio.TestTools.TestTypes.Unit.UnitTestAdapter, Microsoft.VisualStudio.QualityTools.Tips.UnitTest.Adapter, Version=10.0.0.0, Culture=neutral, PublicKeyToken=b03f5f7f11d50a3a" className="TestProject.ProjectsHelperTest, TestProject, Version=1.0.0.0, Culture=neutral, PublicKeyToken=null" name="WriteTableToStreamTest" />
    </UnitTest>
    <UnitTest name="GetRequestBuilderTest" storage="e:\информация\проекты\поиск работы\itransition\projectswatcher\projectwatcher\testproject\bin\debug\testproject.dll" id="1e142c3d-c55c-6d86-e41b-fc3cedd943ea">
      <Execution id="91c8e984-2e5a-4d93-b06e-15facad12a1b" />
      <TestMethod codeBase="E:/информация/Проекты/поиск работы/itransition/ProjectsWatcher/ProjectWatcher/TestProject/bin/Debug/TestProject.DLL" adapterTypeName="Microsoft.VisualStudio.TestTools.TestTypes.Unit.UnitTestAdapter, Microsoft.VisualStudio.QualityTools.Tips.UnitTest.Adapter, Version=10.0.0.0, Culture=neutral, PublicKeyToken=b03f5f7f11d50a3a" className="TestProject.ProjectsHelperTest, TestProject, Version=1.0.0.0, Culture=neutral, PublicKeyToken=null" name="GetRequestBuilderTest" />
    </UnitTest>
    <UnitTest name="StringToColumnExceptionTest" storage="e:\информация\проекты\поиск работы\itransition\projectswatcher\projectwatcher\testproject\bin\debug\testproject.dll" id="f9ef6d41-1239-8f52-3dfb-a0a832532c16">
      <Execution id="9a1173ac-c674-4be2-9dc4-f05778d1a0b7" />
      <TestMethod codeBase="E:/информация/Проекты/поиск работы/itransition/ProjectsWatcher/ProjectWatcher/TestProject/bin/Debug/TestProject.DLL" adapterTypeName="Microsoft.VisualStudio.TestTools.TestTypes.Unit.UnitTestAdapter, Microsoft.VisualStudio.QualityTools.Tips.UnitTest.Adapter, Version=10.0.0.0, Culture=neutral, PublicKeyToken=b03f5f7f11d50a3a" className="TestProject.ProjectsHelperTest, TestProject, Version=1.0.0.0, Culture=neutral, PublicKeyToken=null" name="StringToColumnExceptionTest" />
    </UnitTest>
    <UnitTest name="GetFunctionsAndVariablesTest" storage="e:\информация\проекты\поиск работы\itransition\projectswatcher\projectwatcher\testproject\bin\debug\testproject.dll" id="6b322db4-52bb-b761-35a2-88784156fad4">
      <Execution id="3f07adca-3b45-4805-a8a4-d9cbaa3b8ae5" />
      <TestMethod codeBase="E:/информация/Проекты/поиск работы/itransition/ProjectsWatcher/ProjectWatcher/TestProject/bin/Debug/TestProject.DLL" adapterTypeName="Microsoft.VisualStudio.TestTools.TestTypes.Unit.UnitTestAdapter, Microsoft.VisualStudio.QualityTools.Tips.UnitTest.Adapter, Version=10.0.0.0, Culture=neutral, PublicKeyToken=b03f5f7f11d50a3a" className="TestProject.ProjectsHelperTest, TestProject, Version=1.0.0.0, Culture=neutral, PublicKeyToken=null" name="GetFunctionsAndVariablesTest" />
    </UnitTest>
  </TestDefinitions>
  <TestLists>
    <TestList name="Results Not in a List" id="8c84fa94-04c1-424b-9868-57a2d4851a1d" />
    <TestList name="All Loaded Results" id="19431567-8539-422a-85d7-44ee4e166bda" />
  </TestLists>
  <TestEntries>
    <TestEntry testId="f9ef6d41-1239-8f52-3dfb-a0a832532c16" executionId="9a1173ac-c674-4be2-9dc4-f05778d1a0b7" testListId="8c84fa94-04c1-424b-9868-57a2d4851a1d" />
    <TestEntry testId="e4ee5135-d52c-e831-1731-99027035f03a" executionId="0f6e0597-5f31-44f8-b529-c56ba4a83162" testListId="8c84fa94-04c1-424b-9868-57a2d4851a1d" />
    <TestEntry testId="ef00f901-fd6a-b75c-5f01-f2fa43dfda91" executionId="9d280633-9e3e-42ce-a41f-31b04286c21b" testListId="8c84fa94-04c1-424b-9868-57a2d4851a1d" />
    <TestEntry testId="3bf54a8a-3985-7233-1816-155c4f3016be" executionId="d5b48fc5-dfae-4dfc-a045-e70f64972f4c" testListId="8c84fa94-04c1-424b-9868-57a2d4851a1d" />
    <TestEntry testId="b7f7d50f-7580-9f38-5947-a3a34adaf952" executionId="bd7fd3f9-adcc-4ab2-bfff-157683a01b6a" testListId="8c84fa94-04c1-424b-9868-57a2d4851a1d" />
    <TestEntry testId="19af2c87-2e28-0ae7-52ee-e6e5a46fbe1b" executionId="2fc9251b-38cf-41ba-bf0a-941f181d87ec" testListId="8c84fa94-04c1-424b-9868-57a2d4851a1d" />
    <TestEntry testId="067bc254-eb01-e54b-b1b0-617ef6ab44e1" executionId="b9a612c9-a58d-4182-a20e-506172e21303" testListId="8c84fa94-04c1-424b-9868-57a2d4851a1d" />
    <TestEntry testId="6b322db4-52bb-b761-35a2-88784156fad4" executionId="3f07adca-3b45-4805-a8a4-d9cbaa3b8ae5" testListId="8c84fa94-04c1-424b-9868-57a2d4851a1d" />
    <TestEntry testId="1e142c3d-c55c-6d86-e41b-fc3cedd943ea" executionId="91c8e984-2e5a-4d93-b06e-15facad12a1b" testListId="8c84fa94-04c1-424b-9868-57a2d4851a1d" />
    <TestEntry testId="41a1eb7c-2590-e013-66f1-5e5b6213345a" executionId="69c64194-e8ac-49d1-b75c-3170d37814f7" testListId="8c84fa94-04c1-424b-9868-57a2d4851a1d" />
    <TestEntry testId="15097f91-037d-e8d1-b5f3-56560dcfdece" executionId="bc68f2a2-aa34-46e9-952e-6a9ac0f3fbdc" testListId="8c84fa94-04c1-424b-9868-57a2d4851a1d" />
    <TestEntry testId="5e6eb382-3c25-c34d-109c-e268ac443ad8" executionId="1c19be6c-df6a-4439-8701-c510ec1c5b4b" testListId="8c84fa94-04c1-424b-9868-57a2d4851a1d" />
    <TestEntry testId="cc9b992a-8382-3e35-026c-2aae599a2f3c" executionId="c1e46a09-d0b1-4759-bdd7-112e2988408c" testListId="8c84fa94-04c1-424b-9868-57a2d4851a1d" />
  </TestEntries>
  <Results>
    <UnitTestResult executionId="9a1173ac-c674-4be2-9dc4-f05778d1a0b7" testId="f9ef6d41-1239-8f52-3dfb-a0a832532c16" testName="StringToColumnExceptionTest" computerName="ХП" duration="00:00:01.9272231" startTime="2012-01-18T18:06:58.1065873+02:00" endTime="2012-01-18T18:07:01.6357892+02:00" testType="13cdc9d9-ddb5-4fa4-a97d-d965ccfc6d4b" outcome="Passed" testListId="8c84fa94-04c1-424b-9868-57a2d4851a1d" relativeResultsDirectory="9a1173ac-c674-4be2-9dc4-f05778d1a0b7">
    </UnitTestResult>
    <UnitTestResult executionId="0f6e0597-5f31-44f8-b529-c56ba4a83162" testId="e4ee5135-d52c-e831-1731-99027035f03a" testName="GetFuncAndVarTest" computerName="ХП" duration="00:00:00.0028818" startTime="2012-01-18T18:07:01.6597905+02:00" endTime="2012-01-18T18:07:01.6827919+02:00" testType="13cdc9d9-ddb5-4fa4-a97d-d965ccfc6d4b" outcome="Passed" testListId="8c84fa94-04c1-424b-9868-57a2d4851a1d" relativeResultsDirectory="0f6e0597-5f31-44f8-b529-c56ba4a83162">
    </UnitTestResult>
    <UnitTestResult executionId="9d280633-9e3e-42ce-a41f-31b04286c21b" testId="ef00f901-fd6a-b75c-5f01-f2fa43dfda91" testName="RequestBuilderTest" computerName="ХП" duration="00:00:00.0250989" startTime="2012-01-18T18:07:01.6997928+02:00" endTime="2012-01-18T18:07:01.7417952+02:00" testType="13cdc9d9-ddb5-4fa4-a97d-d965ccfc6d4b" outcome="Passed" testListId="8c84fa94-04c1-424b-9868-57a2d4851a1d" relativeResultsDirectory="9d280633-9e3e-42ce-a41f-31b04286c21b">
    </UnitTestResult>
    <UnitTestResult executionId="d5b48fc5-dfae-4dfc-a045-e70f64972f4c" testId="3bf54a8a-3985-7233-1816-155c4f3016be" testName="CreateFilterModelTest" computerName="ХП" duration="00:00:00.0241522" startTime="2012-01-18T18:07:01.7547960+02:00" endTime="2012-01-18T18:07:01.7967984+02:00" testType="13cdc9d9-ddb5-4fa4-a97d-d965ccfc6d4b" outcome="Passed" testListId="8c84fa94-04c1-424b-9868-57a2d4851a1d" relativeResultsDirectory="d5b48fc5-dfae-4dfc-a045-e70f64972f4c">
    </UnitTestResult>
    <UnitTestResult executionId="bd7fd3f9-adcc-4ab2-bfff-157683a01b6a" testId="b7f7d50f-7580-9f38-5947-a3a34adaf952" testName="CreateFooterModelTest" computerName="ХП" duration="00:00:00.0017709" startTime="2012-01-18T18:07:01.8217998+02:00" endTime="2012-01-18T18:07:01.8428010+02:00" testType="13cdc9d9-ddb5-4fa4-a97d-d965ccfc6d4b" outcome="Passed" testListId="8c84fa94-04c1-424b-9868-57a2d4851a1d" relativeResultsDirectory="bd7fd3f9-adcc-4ab2-bfff-157683a01b6a">
    </UnitTestResult>
    <UnitTestResult executionId="2fc9251b-38cf-41ba-bf0a-941f181d87ec" testId="19af2c87-2e28-0ae7-52ee-e6e5a46fbe1b" testName="DeleteFunctionsTest" computerName="ХП" duration="00:00:00.0018830" startTime="2012-01-18T18:07:01.8648023+02:00" endTime="2012-01-18T18:07:01.8908038+02:00" testType="13cdc9d9-ddb5-4fa4-a97d-d965ccfc6d4b" outcome="Passed" testListId="8c84fa94-04c1-424b-9868-57a2d4851a1d" relativeResultsDirectory="2fc9251b-38cf-41ba-bf0a-941f181d87ec">
    </UnitTestResult>
    <UnitTestResult executionId="b9a612c9-a58d-4182-a20e-506172e21303" testId="067bc254-eb01-e54b-b1b0-617ef6ab44e1" testName="GetFunctionsTest" computerName="ХП" duration="00:00:00.0011427" startTime="2012-01-18T18:07:01.9218055+02:00" endTime="2012-01-18T18:07:01.9448068+02:00" testType="13cdc9d9-ddb5-4fa4-a97d-d965ccfc6d4b" outcome="Passed" testListId="8c84fa94-04c1-424b-9868-57a2d4851a1d" relativeResultsDirectory="b9a612c9-a58d-4182-a20e-506172e21303">
    </UnitTestResult>
    <UnitTestResult executionId="3f07adca-3b45-4805-a8a4-d9cbaa3b8ae5" testId="6b322db4-52bb-b761-35a2-88784156fad4" testName="GetFunctionsAndVariablesTest" computerName="ХП" duration="00:00:00.0008078" startTime="2012-01-18T18:07:01.9608078+02:00" endTime="2012-01-18T18:07:01.9798088+02:00" testType="13cdc9d9-ddb5-4fa4-a97d-d965ccfc6d4b" outcome="Passed" testListId="8c84fa94-04c1-424b-9868-57a2d4851a1d" relativeResultsDirectory="3f07adca-3b45-4805-a8a4-d9cbaa3b8ae5">
    </UnitTestResult>
    <UnitTestResult executionId="91c8e984-2e5a-4d93-b06e-15facad12a1b" testId="1e142c3d-c55c-6d86-e41b-fc3cedd943ea" testName="GetRequestBuilderTest" computerName="ХП" duration="00:00:00.0856882" startTime="2012-01-18T18:07:01.9948097+02:00" endTime="2012-01-18T18:07:02.1028159+02:00" testType="13cdc9d9-ddb5-4fa4-a97d-d965ccfc6d4b" outcome="Passed" testListId="8c84fa94-04c1-424b-9868-57a2d4851a1d" relativeResultsDirectory="91c8e984-2e5a-4d93-b06e-15facad12a1b">
    </UnitTestResult>
    <UnitTestResult executionId="69c64194-e8ac-49d1-b75c-3170d37814f7" testId="41a1eb7c-2590-e013-66f1-5e5b6213345a" testName="GetVariablesTest" computerName="ХП" duration="00:00:00.0011365" startTime="2012-01-18T18:07:02.1328176+02:00" endTime="2012-01-18T18:07:02.1518187+02:00" testType="13cdc9d9-ddb5-4fa4-a97d-d965ccfc6d4b" outcome="Passed" testListId="8c84fa94-04c1-424b-9868-57a2d4851a1d" relativeResultsDirectory="69c64194-e8ac-49d1-b75c-3170d37814f7">
    </UnitTestResult>
    <UnitTestResult executionId="bc68f2a2-aa34-46e9-952e-6a9ac0f3fbdc" testId="15097f91-037d-e8d1-b5f3-56560dcfdece" testName="SetValuesIntoFormulasTest" computerName="ХП" duration="00:00:40.1472963" startTime="2012-01-18T18:07:02.2048217+02:00" endTime="2012-01-18T18:07:42.3521180+02:00" testType="13cdc9d9-ddb5-4fa4-a97d-d965ccfc6d4b" outcome="Aborted" testListId="8c84fa94-04c1-424b-9868-57a2d4851a1d" relativeResultsDirectory="bc68f2a2-aa34-46e9-952e-6a9ac0f3fbdc">
    </UnitTestResult>
    <UnitTestResult executionId="1c19be6c-df6a-4439-8701-c510ec1c5b4b" testId="5e6eb382-3c25-c34d-109c-e268ac443ad8" testName="StringToColumnTest" computerName="ХП" testType="13cdc9d9-ddb5-4fa4-a97d-d965ccfc6d4b" outcome="NotExecuted" testListId="8c84fa94-04c1-424b-9868-57a2d4851a1d" relativeResultsDirectory="1c19be6c-df6a-4439-8701-c510ec1c5b4b">
    </UnitTestResult>
    <UnitTestResult executionId="c1e46a09-d0b1-4759-bdd7-112e2988408c" testId="cc9b992a-8382-3e35-026c-2aae599a2f3c" testName="WriteTableToStreamTest" computerName="ХП" testType="13cdc9d9-ddb5-4fa4-a97d-d965ccfc6d4b" outcome="NotExecuted" testListId="8c84fa94-04c1-424b-9868-57a2d4851a1d" relativeResultsDirectory="c1e46a09-d0b1-4759-bdd7-112e2988408c">
    </UnitTestResult>
  </Results>
</TestRun>