<?xml version="1.0" encoding="UTF-8"?>
<TestRun id="d357b072-f95c-4e88-9398-a1b0df421036" name="Dmitry@ХП 2012-01-21 00:55:52" runUser="ХП\Dmitry" xmlns="http://microsoft.com/schemas/VisualStudio/TeamTest/2010">
  <TestSettings name="Local" id="744b2588-026e-462a-817a-acbe96aacba9">
    <Description>These are default test settings for a local test run.</Description>
    <Deployment enabled="false" runDeploymentRoot="Dmitry_ХП 2012-01-21 00_55_52">
      <DeploymentItem filename="E:\информация\Проекты\поиск работы\itransition\ProjectsWatcher\ProjectWatcher\packages\EntityFramework.4.1.10331.0\lib\EntityFramework.dll" />
      <DeploymentItem filename="E:\информация\Проекты\поиск работы\itransition\ProjectsWatcher\ProjectWatcher\DAL\bin\Debug\DAL.dll" />
      <DeploymentItem filename="E:\информация\Проекты\поиск работы\itransition\ProjectsWatcher\ProjectWatcher\TestProject\bin\Debug\anrControls.Markdown.NET.dll" />
      <DeploymentItem filename="E:\информация\Проекты\поиск работы\itransition\ProjectsWatcher\ProjectWatcher\ExternalLibs\NMock2.dll" />
      <DeploymentItem filename="E:\информация\Проекты\поиск работы\itransition\ProjectsWatcher\ProjectWatcher\Validation\bin\Debug\Validation.dll" />
      <DeploymentItem filename="E:\информация\Проекты\поиск работы\itransition\ProjectsWatcher\ProjectWatcher\ProjectWatcher\bin\ProjectWatcher.dll" />
      <DeploymentItem filename="E:\информация\Проекты\поиск работы\itransition\ProjectsWatcher\ProjectWatcher\Authorization\bin\Debug\Authorization.dll" />
      <DeploymentItem filename="E:\информация\Проекты\поиск работы\itransition\ProjectsWatcher\ProjectWatcher\ExternalLibs\Rhino.Mocks.dll" />
    </Deployment>
    <Execution>
      <TestTypeSpecific />
      <AgentRule name="Execution Agents">
      </AgentRule>
    </Execution>
  </TestSettings>
  <Times creation="2012-01-21T00:55:52.6027237+02:00" queuing="2012-01-21T00:55:59.1790998+02:00" start="2012-01-21T00:55:59.6521269+02:00" finish="2012-01-21T00:56:04.4504013+02:00" />
  <ResultSummary outcome="Failed">
    <Counters total="19" executed="19" passed="17" error="0" failed="2" timeout="0" aborted="0" inconclusive="0" passedButRunAborted="0" notRunnable="0" notExecuted="0" disconnected="0" warning="0" completed="0" inProgress="0" pending="0" />
  </ResultSummary>
  <TestDefinitions>
    <UnitTest name="DeleteFunctionsTest" storage="e:\информация\проекты\поиск работы\itransition\projectswatcher\projectwatcher\testproject\bin\debug\testproject.dll" id="19af2c87-2e28-0ae7-52ee-e6e5a46fbe1b">
      <Execution id="7d92f7d9-5361-48e3-9965-5aef6577a18c" />
      <TestMethod codeBase="E:/информация/Проекты/поиск работы/itransition/ProjectsWatcher/ProjectWatcher/TestProject/bin/Debug/TestProject.DLL" adapterTypeName="Microsoft.VisualStudio.TestTools.TestTypes.Unit.UnitTestAdapter, Microsoft.VisualStudio.QualityTools.Tips.UnitTest.Adapter, Version=10.0.0.0, Culture=neutral, PublicKeyToken=b03f5f7f11d50a3a" className="TestProject.ProjectsHelperTest, TestProject, Version=1.0.0.0, Culture=neutral, PublicKeyToken=null" name="DeleteFunctionsTest" />
    </UnitTest>
    <UnitTest name="RequestBuilderTest" storage="e:\информация\проекты\поиск работы\itransition\projectswatcher\projectwatcher\testproject\bin\debug\testproject.dll" id="ef00f901-fd6a-b75c-5f01-f2fa43dfda91">
      <Execution id="a00329f0-c145-4393-9e51-8d3094ab5b10" />
      <TestMethod codeBase="E:/информация/Проекты/поиск работы/itransition/ProjectsWatcher/ProjectWatcher/TestProject/bin/Debug/TestProject.DLL" adapterTypeName="Microsoft.VisualStudio.TestTools.TestTypes.Unit.UnitTestAdapter, Microsoft.VisualStudio.QualityTools.Tips.UnitTest.Adapter, Version=10.0.0.0, Culture=neutral, PublicKeyToken=b03f5f7f11d50a3a" className="TestProject.ProjectsHelperTest, TestProject, Version=1.0.0.0, Culture=neutral, PublicKeyToken=null" name="RequestBuilderTest" />
    </UnitTest>
    <UnitTest name="CreateFooterModelTest" storage="e:\информация\проекты\поиск работы\itransition\projectswatcher\projectwatcher\testproject\bin\debug\testproject.dll" id="b7f7d50f-7580-9f38-5947-a3a34adaf952">
      <Execution id="bf27cac5-4861-48ea-aac2-ca003992ed94" />
      <TestMethod codeBase="E:/информация/Проекты/поиск работы/itransition/ProjectsWatcher/ProjectWatcher/TestProject/bin/Debug/TestProject.DLL" adapterTypeName="Microsoft.VisualStudio.TestTools.TestTypes.Unit.UnitTestAdapter, Microsoft.VisualStudio.QualityTools.Tips.UnitTest.Adapter, Version=10.0.0.0, Culture=neutral, PublicKeyToken=b03f5f7f11d50a3a" className="TestProject.ProjectsHelperTest, TestProject, Version=1.0.0.0, Culture=neutral, PublicKeyToken=null" name="CreateFooterModelTest" />
    </UnitTest>
    <UnitTest name="CreateNewPropertyTest2" storage="e:\информация\проекты\поиск работы\itransition\projectswatcher\projectwatcher\testproject\bin\debug\testproject.dll" id="c6bcfdc2-241a-5176-35fd-177c19f841f3">
      <Execution id="bf490355-c2ae-4c44-b568-a5fbfe15c6e2" />
      <TestMethod codeBase="E:/информация/Проекты/поиск работы/itransition/ProjectsWatcher/ProjectWatcher/TestProject/bin/Debug/TestProject.DLL" adapterTypeName="Microsoft.VisualStudio.TestTools.TestTypes.Unit.UnitTestAdapter, Microsoft.VisualStudio.QualityTools.Tips.UnitTest.Adapter, Version=10.0.0.0, Culture=neutral, PublicKeyToken=b03f5f7f11d50a3a" className="TestProject.ProjectsReaderTest, TestProject, Version=1.0.0.0, Culture=neutral, PublicKeyToken=null" name="CreateNewPropertyTest2" />
    </UnitTest>
    <UnitTest name="StringToColumnTest" storage="e:\информация\проекты\поиск работы\itransition\projectswatcher\projectwatcher\testproject\bin\debug\testproject.dll" id="5e6eb382-3c25-c34d-109c-e268ac443ad8">
      <Execution id="6ef81ad1-d769-4063-9488-86873c35d3bd" />
      <TestMethod codeBase="E:/информация/Проекты/поиск работы/itransition/ProjectsWatcher/ProjectWatcher/TestProject/bin/Debug/TestProject.DLL" adapterTypeName="Microsoft.VisualStudio.TestTools.TestTypes.Unit.UnitTestAdapter, Microsoft.VisualStudio.QualityTools.Tips.UnitTest.Adapter, Version=10.0.0.0, Culture=neutral, PublicKeyToken=b03f5f7f11d50a3a" className="TestProject.ProjectsHelperTest, TestProject, Version=1.0.0.0, Culture=neutral, PublicKeyToken=null" name="StringToColumnTest" />
    </UnitTest>
    <UnitTest name="GetPropertiesDefinitionsTest" storage="e:\информация\проекты\поиск работы\itransition\projectswatcher\projectwatcher\testproject\bin\debug\testproject.dll" id="3fadbe7c-8122-8645-3fe8-e0598248f416">
      <Execution id="fcaa1089-9e7c-40f6-8726-061ca766e404" />
      <TestMethod codeBase="E:/информация/Проекты/поиск работы/itransition/ProjectsWatcher/ProjectWatcher/TestProject/bin/Debug/TestProject.DLL" adapterTypeName="Microsoft.VisualStudio.TestTools.TestTypes.Unit.UnitTestAdapter, Microsoft.VisualStudio.QualityTools.Tips.UnitTest.Adapter, Version=10.0.0.0, Culture=neutral, PublicKeyToken=b03f5f7f11d50a3a" className="TestProject.ProjectsReaderTest, TestProject, Version=1.0.0.0, Culture=neutral, PublicKeyToken=null" name="GetPropertiesDefinitionsTest" />
    </UnitTest>
    <UnitTest name="CreateFilterModelTest" storage="e:\информация\проекты\поиск работы\itransition\projectswatcher\projectwatcher\testproject\bin\debug\testproject.dll" id="3bf54a8a-3985-7233-1816-155c4f3016be">
      <Execution id="8df4fe80-1f31-4d81-bc1d-4ae0d9eb13f4" />
      <TestMethod codeBase="E:/информация/Проекты/поиск работы/itransition/ProjectsWatcher/ProjectWatcher/TestProject/bin/Debug/TestProject.DLL" adapterTypeName="Microsoft.VisualStudio.TestTools.TestTypes.Unit.UnitTestAdapter, Microsoft.VisualStudio.QualityTools.Tips.UnitTest.Adapter, Version=10.0.0.0, Culture=neutral, PublicKeyToken=b03f5f7f11d50a3a" className="TestProject.ProjectsHelperTest, TestProject, Version=1.0.0.0, Culture=neutral, PublicKeyToken=null" name="CreateFilterModelTest" />
    </UnitTest>
    <UnitTest name="GetFuncAndVarTest" storage="e:\информация\проекты\поиск работы\itransition\projectswatcher\projectwatcher\testproject\bin\debug\testproject.dll" id="e4ee5135-d52c-e831-1731-99027035f03a">
      <Execution id="36de601b-7271-4cdc-9891-d58495326ae4" />
      <TestMethod codeBase="E:/информация/Проекты/поиск работы/itransition/ProjectsWatcher/ProjectWatcher/TestProject/bin/Debug/TestProject.DLL" adapterTypeName="Microsoft.VisualStudio.TestTools.TestTypes.Unit.UnitTestAdapter, Microsoft.VisualStudio.QualityTools.Tips.UnitTest.Adapter, Version=10.0.0.0, Culture=neutral, PublicKeyToken=b03f5f7f11d50a3a" className="TestProject.ProjectsHelperTest, TestProject, Version=1.0.0.0, Culture=neutral, PublicKeyToken=null" name="GetFuncAndVarTest" />
    </UnitTest>
    <UnitTest name="FormCSVFileTest" storage="e:\информация\проекты\поиск работы\itransition\projectswatcher\projectwatcher\testproject\bin\debug\testproject.dll" id="c073fbef-a541-181b-a5d4-d06f138e9cab">
      <Execution id="1b11b078-a844-43f6-bd3f-3c3b96c3fdbd" />
      <TestMethod codeBase="E:/информация/Проекты/поиск работы/itransition/ProjectsWatcher/ProjectWatcher/TestProject/bin/Debug/TestProject.DLL" adapterTypeName="Microsoft.VisualStudio.TestTools.TestTypes.Unit.UnitTestAdapter, Microsoft.VisualStudio.QualityTools.Tips.UnitTest.Adapter, Version=10.0.0.0, Culture=neutral, PublicKeyToken=b03f5f7f11d50a3a" className="TestProject.ProjectsHelperTest, TestProject, Version=1.0.0.0, Culture=neutral, PublicKeyToken=null" name="FormCSVFileTest" />
    </UnitTest>
    <UnitTest name="GetFunctionsTest" storage="e:\информация\проекты\поиск работы\itransition\projectswatcher\projectwatcher\testproject\bin\debug\testproject.dll" id="067bc254-eb01-e54b-b1b0-617ef6ab44e1">
      <Execution id="61ab4ea5-d83c-4419-aa28-872992c66032" />
      <TestMethod codeBase="E:/информация/Проекты/поиск работы/itransition/ProjectsWatcher/ProjectWatcher/TestProject/bin/Debug/TestProject.DLL" adapterTypeName="Microsoft.VisualStudio.TestTools.TestTypes.Unit.UnitTestAdapter, Microsoft.VisualStudio.QualityTools.Tips.UnitTest.Adapter, Version=10.0.0.0, Culture=neutral, PublicKeyToken=b03f5f7f11d50a3a" className="TestProject.ProjectsHelperTest, TestProject, Version=1.0.0.0, Culture=neutral, PublicKeyToken=null" name="GetFunctionsTest" />
    </UnitTest>
    <UnitTest name="SetValuesIntoFormulasTest" storage="e:\информация\проекты\поиск работы\itransition\projectswatcher\projectwatcher\testproject\bin\debug\testproject.dll" id="15097f91-037d-e8d1-b5f3-56560dcfdece">
      <Execution id="14cc34e1-8859-4266-81ed-10a482bd42be" />
      <TestMethod codeBase="E:/информация/Проекты/поиск работы/itransition/ProjectsWatcher/ProjectWatcher/TestProject/bin/Debug/TestProject.DLL" adapterTypeName="Microsoft.VisualStudio.TestTools.TestTypes.Unit.UnitTestAdapter, Microsoft.VisualStudio.QualityTools.Tips.UnitTest.Adapter, Version=10.0.0.0, Culture=neutral, PublicKeyToken=b03f5f7f11d50a3a" className="TestProject.ProjectsHelperTest, TestProject, Version=1.0.0.0, Culture=neutral, PublicKeyToken=null" name="SetValuesIntoFormulasTest" />
    </UnitTest>
    <UnitTest name="GetVariablesTest" storage="e:\информация\проекты\поиск работы\itransition\projectswatcher\projectwatcher\testproject\bin\debug\testproject.dll" id="41a1eb7c-2590-e013-66f1-5e5b6213345a">
      <Execution id="228d1f21-908c-4efd-9e2d-8559fc73b786" />
      <TestMethod codeBase="E:/информация/Проекты/поиск работы/itransition/ProjectsWatcher/ProjectWatcher/TestProject/bin/Debug/TestProject.DLL" adapterTypeName="Microsoft.VisualStudio.TestTools.TestTypes.Unit.UnitTestAdapter, Microsoft.VisualStudio.QualityTools.Tips.UnitTest.Adapter, Version=10.0.0.0, Culture=neutral, PublicKeyToken=b03f5f7f11d50a3a" className="TestProject.ProjectsHelperTest, TestProject, Version=1.0.0.0, Culture=neutral, PublicKeyToken=null" name="GetVariablesTest" />
    </UnitTest>
    <UnitTest name="CreateNewPropertyTest3" storage="e:\информация\проекты\поиск работы\itransition\projectswatcher\projectwatcher\testproject\bin\debug\testproject.dll" id="c7536d31-0bc6-a379-5d57-b2fcc3ad9f2c">
      <Execution id="df26d410-a99c-421c-8aca-9c16acd77fac" />
      <TestMethod codeBase="E:/информация/Проекты/поиск работы/itransition/ProjectsWatcher/ProjectWatcher/TestProject/bin/Debug/TestProject.DLL" adapterTypeName="Microsoft.VisualStudio.TestTools.TestTypes.Unit.UnitTestAdapter, Microsoft.VisualStudio.QualityTools.Tips.UnitTest.Adapter, Version=10.0.0.0, Culture=neutral, PublicKeyToken=b03f5f7f11d50a3a" className="TestProject.ProjectsReaderTest, TestProject, Version=1.0.0.0, Culture=neutral, PublicKeyToken=null" name="CreateNewPropertyTest3" />
    </UnitTest>
    <UnitTest name="GetRequestBuilderTest" storage="e:\информация\проекты\поиск работы\itransition\projectswatcher\projectwatcher\testproject\bin\debug\testproject.dll" id="1e142c3d-c55c-6d86-e41b-fc3cedd943ea">
      <Execution id="6f71f424-c259-4e67-808a-3161dac92d26" />
      <TestMethod codeBase="E:/информация/Проекты/поиск работы/itransition/ProjectsWatcher/ProjectWatcher/TestProject/bin/Debug/TestProject.DLL" adapterTypeName="Microsoft.VisualStudio.TestTools.TestTypes.Unit.UnitTestAdapter, Microsoft.VisualStudio.QualityTools.Tips.UnitTest.Adapter, Version=10.0.0.0, Culture=neutral, PublicKeyToken=b03f5f7f11d50a3a" className="TestProject.ProjectsHelperTest, TestProject, Version=1.0.0.0, Culture=neutral, PublicKeyToken=null" name="GetRequestBuilderTest" />
    </UnitTest>
    <UnitTest name="StringToColumnExceptionTest" storage="e:\информация\проекты\поиск работы\itransition\projectswatcher\projectwatcher\testproject\bin\debug\testproject.dll" id="f9ef6d41-1239-8f52-3dfb-a0a832532c16">
      <Execution id="cffd0f8d-2e7a-44f9-9a79-754e846234a8" />
      <TestMethod codeBase="E:/информация/Проекты/поиск работы/itransition/ProjectsWatcher/ProjectWatcher/TestProject/bin/Debug/TestProject.DLL" adapterTypeName="Microsoft.VisualStudio.TestTools.TestTypes.Unit.UnitTestAdapter, Microsoft.VisualStudio.QualityTools.Tips.UnitTest.Adapter, Version=10.0.0.0, Culture=neutral, PublicKeyToken=b03f5f7f11d50a3a" className="TestProject.ProjectsHelperTest, TestProject, Version=1.0.0.0, Culture=neutral, PublicKeyToken=null" name="StringToColumnExceptionTest" />
    </UnitTest>
    <UnitTest name="GetFunctionsAndVariablesTest" storage="e:\информация\проекты\поиск работы\itransition\projectswatcher\projectwatcher\testproject\bin\debug\testproject.dll" id="6b322db4-52bb-b761-35a2-88784156fad4">
      <Execution id="9f812f27-9c3c-44bf-8996-1a68a5f42796" />
      <TestMethod codeBase="E:/информация/Проекты/поиск работы/itransition/ProjectsWatcher/ProjectWatcher/TestProject/bin/Debug/TestProject.DLL" adapterTypeName="Microsoft.VisualStudio.TestTools.TestTypes.Unit.UnitTestAdapter, Microsoft.VisualStudio.QualityTools.Tips.UnitTest.Adapter, Version=10.0.0.0, Culture=neutral, PublicKeyToken=b03f5f7f11d50a3a" className="TestProject.ProjectsHelperTest, TestProject, Version=1.0.0.0, Culture=neutral, PublicKeyToken=null" name="GetFunctionsAndVariablesTest" />
    </UnitTest>
    <UnitTest name="CreateNewPropertyTest1" storage="e:\информация\проекты\поиск работы\itransition\projectswatcher\projectwatcher\testproject\bin\debug\testproject.dll" id="7695b576-139d-70b4-ee1c-475101dc4178">
      <Execution id="26dc3ec0-397c-4d94-a9c0-fbc0895cf32a" />
      <TestMethod codeBase="E:/информация/Проекты/поиск работы/itransition/ProjectsWatcher/ProjectWatcher/TestProject/bin/Debug/TestProject.DLL" adapterTypeName="Microsoft.VisualStudio.TestTools.TestTypes.Unit.UnitTestAdapter, Microsoft.VisualStudio.QualityTools.Tips.UnitTest.Adapter, Version=10.0.0.0, Culture=neutral, PublicKeyToken=b03f5f7f11d50a3a" className="TestProject.ProjectsReaderTest, TestProject, Version=1.0.0.0, Culture=neutral, PublicKeyToken=null" name="CreateNewPropertyTest1" />
    </UnitTest>
    <UnitTest name="CreateExportDataTest" storage="e:\информация\проекты\поиск работы\itransition\projectswatcher\projectwatcher\testproject\bin\debug\testproject.dll" id="4cca512c-3df2-ed2f-b893-3ab183a0f8a1">
      <Execution id="d85c3dc0-ed25-4d30-9d06-2bae1e8501a0" />
      <TestMethod codeBase="E:/информация/Проекты/поиск работы/itransition/ProjectsWatcher/ProjectWatcher/TestProject/bin/Debug/TestProject.DLL" adapterTypeName="Microsoft.VisualStudio.TestTools.TestTypes.Unit.UnitTestAdapter, Microsoft.VisualStudio.QualityTools.Tips.UnitTest.Adapter, Version=10.0.0.0, Culture=neutral, PublicKeyToken=b03f5f7f11d50a3a" className="TestProject.ProjectsHelperTest, TestProject, Version=1.0.0.0, Culture=neutral, PublicKeyToken=null" name="CreateExportDataTest" />
    </UnitTest>
    <UnitTest name="GetProjectTest" storage="e:\информация\проекты\поиск работы\itransition\projectswatcher\projectwatcher\testproject\bin\debug\testproject.dll" id="3cc554ee-dc1d-1d98-3159-a14f45ff35c7">
      <Execution id="67577120-29ed-4f9a-9323-c814b01a5e6c" />
      <TestMethod codeBase="E:/информация/Проекты/поиск работы/itransition/ProjectsWatcher/ProjectWatcher/TestProject/bin/Debug/TestProject.DLL" adapterTypeName="Microsoft.VisualStudio.TestTools.TestTypes.Unit.UnitTestAdapter, Microsoft.VisualStudio.QualityTools.Tips.UnitTest.Adapter, Version=10.0.0.0, Culture=neutral, PublicKeyToken=b03f5f7f11d50a3a" className="TestProject.ProjectsReaderTest, TestProject, Version=1.0.0.0, Culture=neutral, PublicKeyToken=null" name="GetProjectTest" />
    </UnitTest>
  </TestDefinitions>
  <TestLists>
    <TestList name="Results Not in a List" id="8c84fa94-04c1-424b-9868-57a2d4851a1d" />
    <TestList name="All Loaded Results" id="19431567-8539-422a-85d7-44ee4e166bda" />
  </TestLists>
  <TestEntries>
    <TestEntry testId="f9ef6d41-1239-8f52-3dfb-a0a832532c16" executionId="cffd0f8d-2e7a-44f9-9a79-754e846234a8" testListId="8c84fa94-04c1-424b-9868-57a2d4851a1d" />
    <TestEntry testId="e4ee5135-d52c-e831-1731-99027035f03a" executionId="36de601b-7271-4cdc-9891-d58495326ae4" testListId="8c84fa94-04c1-424b-9868-57a2d4851a1d" />
    <TestEntry testId="ef00f901-fd6a-b75c-5f01-f2fa43dfda91" executionId="a00329f0-c145-4393-9e51-8d3094ab5b10" testListId="8c84fa94-04c1-424b-9868-57a2d4851a1d" />
    <TestEntry testId="3bf54a8a-3985-7233-1816-155c4f3016be" executionId="8df4fe80-1f31-4d81-bc1d-4ae0d9eb13f4" testListId="8c84fa94-04c1-424b-9868-57a2d4851a1d" />
    <TestEntry testId="b7f7d50f-7580-9f38-5947-a3a34adaf952" executionId="bf27cac5-4861-48ea-aac2-ca003992ed94" testListId="8c84fa94-04c1-424b-9868-57a2d4851a1d" />
    <TestEntry testId="19af2c87-2e28-0ae7-52ee-e6e5a46fbe1b" executionId="7d92f7d9-5361-48e3-9965-5aef6577a18c" testListId="8c84fa94-04c1-424b-9868-57a2d4851a1d" />
    <TestEntry testId="067bc254-eb01-e54b-b1b0-617ef6ab44e1" executionId="61ab4ea5-d83c-4419-aa28-872992c66032" testListId="8c84fa94-04c1-424b-9868-57a2d4851a1d" />
    <TestEntry testId="6b322db4-52bb-b761-35a2-88784156fad4" executionId="9f812f27-9c3c-44bf-8996-1a68a5f42796" testListId="8c84fa94-04c1-424b-9868-57a2d4851a1d" />
    <TestEntry testId="1e142c3d-c55c-6d86-e41b-fc3cedd943ea" executionId="6f71f424-c259-4e67-808a-3161dac92d26" testListId="8c84fa94-04c1-424b-9868-57a2d4851a1d" />
    <TestEntry testId="41a1eb7c-2590-e013-66f1-5e5b6213345a" executionId="228d1f21-908c-4efd-9e2d-8559fc73b786" testListId="8c84fa94-04c1-424b-9868-57a2d4851a1d" />
    <TestEntry testId="15097f91-037d-e8d1-b5f3-56560dcfdece" executionId="14cc34e1-8859-4266-81ed-10a482bd42be" testListId="8c84fa94-04c1-424b-9868-57a2d4851a1d" />
    <TestEntry testId="5e6eb382-3c25-c34d-109c-e268ac443ad8" executionId="6ef81ad1-d769-4063-9488-86873c35d3bd" testListId="8c84fa94-04c1-424b-9868-57a2d4851a1d" />
    <TestEntry testId="4cca512c-3df2-ed2f-b893-3ab183a0f8a1" executionId="d85c3dc0-ed25-4d30-9d06-2bae1e8501a0" testListId="8c84fa94-04c1-424b-9868-57a2d4851a1d" />
    <TestEntry testId="c073fbef-a541-181b-a5d4-d06f138e9cab" executionId="1b11b078-a844-43f6-bd3f-3c3b96c3fdbd" testListId="8c84fa94-04c1-424b-9868-57a2d4851a1d" />
    <TestEntry testId="3fadbe7c-8122-8645-3fe8-e0598248f416" executionId="fcaa1089-9e7c-40f6-8726-061ca766e404" testListId="8c84fa94-04c1-424b-9868-57a2d4851a1d" />
    <TestEntry testId="7695b576-139d-70b4-ee1c-475101dc4178" executionId="26dc3ec0-397c-4d94-a9c0-fbc0895cf32a" testListId="8c84fa94-04c1-424b-9868-57a2d4851a1d" />
    <TestEntry testId="c6bcfdc2-241a-5176-35fd-177c19f841f3" executionId="bf490355-c2ae-4c44-b568-a5fbfe15c6e2" testListId="8c84fa94-04c1-424b-9868-57a2d4851a1d" />
    <TestEntry testId="c7536d31-0bc6-a379-5d57-b2fcc3ad9f2c" executionId="df26d410-a99c-421c-8aca-9c16acd77fac" testListId="8c84fa94-04c1-424b-9868-57a2d4851a1d" />
    <TestEntry testId="3cc554ee-dc1d-1d98-3159-a14f45ff35c7" executionId="67577120-29ed-4f9a-9323-c814b01a5e6c" testListId="8c84fa94-04c1-424b-9868-57a2d4851a1d" />
  </TestEntries>
  <Results>
    <UnitTestResult executionId="cffd0f8d-2e7a-44f9-9a79-754e846234a8" testId="f9ef6d41-1239-8f52-3dfb-a0a832532c16" testName="StringToColumnExceptionTest" computerName="ХП" duration="00:00:00.0452337" startTime="2012-01-21T00:55:59.7301314+02:00" endTime="2012-01-21T00:56:00.3811686+02:00" testType="13cdc9d9-ddb5-4fa4-a97d-d965ccfc6d4b" outcome="Passed" testListId="8c84fa94-04c1-424b-9868-57a2d4851a1d" relativeResultsDirectory="cffd0f8d-2e7a-44f9-9a79-754e846234a8">
    </UnitTestResult>
    <UnitTestResult executionId="36de601b-7271-4cdc-9891-d58495326ae4" testId="e4ee5135-d52c-e831-1731-99027035f03a" testName="GetFuncAndVarTest" computerName="ХП" duration="00:00:00.0030016" startTime="2012-01-21T00:56:00.3931693+02:00" endTime="2012-01-21T00:56:00.4091702+02:00" testType="13cdc9d9-ddb5-4fa4-a97d-d965ccfc6d4b" outcome="Passed" testListId="8c84fa94-04c1-424b-9868-57a2d4851a1d" relativeResultsDirectory="36de601b-7271-4cdc-9891-d58495326ae4">
    </UnitTestResult>
    <UnitTestResult executionId="a00329f0-c145-4393-9e51-8d3094ab5b10" testId="ef00f901-fd6a-b75c-5f01-f2fa43dfda91" testName="RequestBuilderTest" computerName="ХП" duration="00:00:00.0085852" startTime="2012-01-21T00:56:00.4191708+02:00" endTime="2012-01-21T00:56:00.4401720+02:00" testType="13cdc9d9-ddb5-4fa4-a97d-d965ccfc6d4b" outcome="Passed" testListId="8c84fa94-04c1-424b-9868-57a2d4851a1d" relativeResultsDirectory="a00329f0-c145-4393-9e51-8d3094ab5b10">
    </UnitTestResult>
    <UnitTestResult executionId="8df4fe80-1f31-4d81-bc1d-4ae0d9eb13f4" testId="3bf54a8a-3985-7233-1816-155c4f3016be" testName="CreateFilterModelTest" computerName="ХП" duration="00:00:00.0147335" startTime="2012-01-21T00:56:00.4431721+02:00" endTime="2012-01-21T00:56:00.4651734+02:00" testType="13cdc9d9-ddb5-4fa4-a97d-d965ccfc6d4b" outcome="Passed" testListId="8c84fa94-04c1-424b-9868-57a2d4851a1d" relativeResultsDirectory="8df4fe80-1f31-4d81-bc1d-4ae0d9eb13f4">
    </UnitTestResult>
    <UnitTestResult executionId="bf27cac5-4861-48ea-aac2-ca003992ed94" testId="b7f7d50f-7580-9f38-5947-a3a34adaf952" testName="CreateFooterModelTest" computerName="ХП" duration="00:00:00.0040676" startTime="2012-01-21T00:56:00.4711737+02:00" endTime="2012-01-21T00:56:00.4871747+02:00" testType="13cdc9d9-ddb5-4fa4-a97d-d965ccfc6d4b" outcome="Passed" testListId="8c84fa94-04c1-424b-9868-57a2d4851a1d" relativeResultsDirectory="bf27cac5-4861-48ea-aac2-ca003992ed94">
    </UnitTestResult>
    <UnitTestResult executionId="7d92f7d9-5361-48e3-9965-5aef6577a18c" testId="19af2c87-2e28-0ae7-52ee-e6e5a46fbe1b" testName="DeleteFunctionsTest" computerName="ХП" duration="00:00:00.0022045" startTime="2012-01-21T00:56:00.4991754+02:00" endTime="2012-01-21T00:56:00.5081759+02:00" testType="13cdc9d9-ddb5-4fa4-a97d-d965ccfc6d4b" outcome="Passed" testListId="8c84fa94-04c1-424b-9868-57a2d4851a1d" relativeResultsDirectory="7d92f7d9-5361-48e3-9965-5aef6577a18c">
    </UnitTestResult>
    <UnitTestResult executionId="61ab4ea5-d83c-4419-aa28-872992c66032" testId="067bc254-eb01-e54b-b1b0-617ef6ab44e1" testName="GetFunctionsTest" computerName="ХП" duration="00:00:00.0012517" startTime="2012-01-21T00:56:00.5181764+02:00" endTime="2012-01-21T00:56:00.5271770+02:00" testType="13cdc9d9-ddb5-4fa4-a97d-d965ccfc6d4b" outcome="Passed" testListId="8c84fa94-04c1-424b-9868-57a2d4851a1d" relativeResultsDirectory="61ab4ea5-d83c-4419-aa28-872992c66032">
    </UnitTestResult>
    <UnitTestResult executionId="9f812f27-9c3c-44bf-8996-1a68a5f42796" testId="6b322db4-52bb-b761-35a2-88784156fad4" testName="GetFunctionsAndVariablesTest" computerName="ХП" duration="00:00:00.0007126" startTime="2012-01-21T00:56:00.5391776+02:00" endTime="2012-01-21T00:56:00.5491782+02:00" testType="13cdc9d9-ddb5-4fa4-a97d-d965ccfc6d4b" outcome="Passed" testListId="8c84fa94-04c1-424b-9868-57a2d4851a1d" relativeResultsDirectory="9f812f27-9c3c-44bf-8996-1a68a5f42796">
    </UnitTestResult>
    <UnitTestResult executionId="6f71f424-c259-4e67-808a-3161dac92d26" testId="1e142c3d-c55c-6d86-e41b-fc3cedd943ea" testName="GetRequestBuilderTest" computerName="ХП" duration="00:00:00.0385714" startTime="2012-01-21T00:56:00.5551786+02:00" endTime="2012-01-21T00:56:00.6001811+02:00" testType="13cdc9d9-ddb5-4fa4-a97d-d965ccfc6d4b" outcome="Passed" testListId="8c84fa94-04c1-424b-9868-57a2d4851a1d" relativeResultsDirectory="6f71f424-c259-4e67-808a-3161dac92d26">
    </UnitTestResult>
    <UnitTestResult executionId="228d1f21-908c-4efd-9e2d-8559fc73b786" testId="41a1eb7c-2590-e013-66f1-5e5b6213345a" testName="GetVariablesTest" computerName="ХП" duration="00:00:00.0011242" startTime="2012-01-21T00:56:00.6051814+02:00" endTime="2012-01-21T00:56:00.6141819+02:00" testType="13cdc9d9-ddb5-4fa4-a97d-d965ccfc6d4b" outcome="Passed" testListId="8c84fa94-04c1-424b-9868-57a2d4851a1d" relativeResultsDirectory="228d1f21-908c-4efd-9e2d-8559fc73b786">
    </UnitTestResult>
    <UnitTestResult executionId="14cc34e1-8859-4266-81ed-10a482bd42be" testId="15097f91-037d-e8d1-b5f3-56560dcfdece" testName="SetValuesIntoFormulasTest" computerName="ХП" duration="00:00:00.0083389" startTime="2012-01-21T00:56:00.6191822+02:00" endTime="2012-01-21T00:56:00.6351831+02:00" testType="13cdc9d9-ddb5-4fa4-a97d-d965ccfc6d4b" outcome="Passed" testListId="8c84fa94-04c1-424b-9868-57a2d4851a1d" relativeResultsDirectory="14cc34e1-8859-4266-81ed-10a482bd42be">
    </UnitTestResult>
    <UnitTestResult executionId="6ef81ad1-d769-4063-9488-86873c35d3bd" testId="5e6eb382-3c25-c34d-109c-e268ac443ad8" testName="StringToColumnTest" computerName="ХП" duration="00:00:00.0021487" startTime="2012-01-21T00:56:00.6401834+02:00" endTime="2012-01-21T00:56:00.6511840+02:00" testType="13cdc9d9-ddb5-4fa4-a97d-d965ccfc6d4b" outcome="Passed" testListId="8c84fa94-04c1-424b-9868-57a2d4851a1d" relativeResultsDirectory="6ef81ad1-d769-4063-9488-86873c35d3bd">
    </UnitTestResult>
    <UnitTestResult executionId="d85c3dc0-ed25-4d30-9d06-2bae1e8501a0" testId="4cca512c-3df2-ed2f-b893-3ab183a0f8a1" testName="CreateExportDataTest" computerName="ХП" duration="00:00:00.0032182" startTime="2012-01-21T00:56:00.6551843+02:00" endTime="2012-01-21T00:56:00.6681850+02:00" testType="13cdc9d9-ddb5-4fa4-a97d-d965ccfc6d4b" outcome="Passed" testListId="8c84fa94-04c1-424b-9868-57a2d4851a1d" relativeResultsDirectory="d85c3dc0-ed25-4d30-9d06-2bae1e8501a0">
    </UnitTestResult>
    <UnitTestResult executionId="1b11b078-a844-43f6-bd3f-3c3b96c3fdbd" testId="c073fbef-a541-181b-a5d4-d06f138e9cab" testName="FormCSVFileTest" computerName="ХП" duration="00:00:00.0010997" startTime="2012-01-21T00:56:00.6731853+02:00" endTime="2012-01-21T00:56:00.6821858+02:00" testType="13cdc9d9-ddb5-4fa4-a97d-d965ccfc6d4b" outcome="Passed" testListId="8c84fa94-04c1-424b-9868-57a2d4851a1d" relativeResultsDirectory="1b11b078-a844-43f6-bd3f-3c3b96c3fdbd">
    </UnitTestResult>
    <UnitTestResult executionId="fcaa1089-9e7c-40f6-8726-061ca766e404" testId="3fadbe7c-8122-8645-3fe8-e0598248f416" testName="GetPropertiesDefinitionsTest" computerName="ХП" duration="00:00:00.0017355" startTime="2012-01-21T00:56:00.6871861+02:00" endTime="2012-01-21T00:56:03.6043530+02:00" testType="13cdc9d9-ddb5-4fa4-a97d-d965ccfc6d4b" outcome="Passed" testListId="8c84fa94-04c1-424b-9868-57a2d4851a1d" relativeResultsDirectory="fcaa1089-9e7c-40f6-8726-061ca766e404">
    </UnitTestResult>
    <UnitTestResult executionId="26dc3ec0-397c-4d94-a9c0-fbc0895cf32a" testId="7695b576-139d-70b4-ee1c-475101dc4178" testName="CreateNewPropertyTest1" computerName="ХП" duration="00:00:00.6051600" startTime="2012-01-21T00:56:03.6113534+02:00" endTime="2012-01-21T00:56:04.2233884+02:00" testType="13cdc9d9-ddb5-4fa4-a97d-d965ccfc6d4b" outcome="Failed" testListId="8c84fa94-04c1-424b-9868-57a2d4851a1d" relativeResultsDirectory="26dc3ec0-397c-4d94-a9c0-fbc0895cf32a">
      <Output>
        <StdOut>NHibernate: INSERT INTO Properties (SystemName, DisplayName, Type) VALUES (@p0, @p1, @p2);@p0 = 'latin_only' [Type: String (4000)], @p1 = 'Можно даже кирилическое название' [Type: String (4000)], @p2 = 'Percentage' [Type: String (4000)]</StdOut>
        <ErrorInfo>
          <Message>Test method TestProject.ProjectsReaderTest.CreateNewPropertyTest1 threw exception: 
DAL.BadSystemNameException: Выдано исключение типа "DAL.BadSystemNameException".</Message>
          <StackTrace>    в DAL.ProjectsReader.CreateNewProperty(String name, String systemName, String type, String[] availableValues) в E:\информация\Проекты\поиск работы\itransition\ProjectsWatcher\ProjectWatcher\DAL\ProjectsReader.cs:строка 110
   в TestProject.ProjectsReaderTest.CreateNewPropertyTest1() в E:\информация\Проекты\поиск работы\itransition\ProjectsWatcher\ProjectWatcher\TestProject\ProjectsReaderTest.cs:строка 95
</StackTrace>
        </ErrorInfo>
      </Output>
    </UnitTestResult>
    <UnitTestResult executionId="bf490355-c2ae-4c44-b568-a5fbfe15c6e2" testId="c6bcfdc2-241a-5176-35fd-177c19f841f3" testName="CreateNewPropertyTest2" computerName="ХП" duration="00:00:00.0005606" startTime="2012-01-21T00:56:04.2273886+02:00" endTime="2012-01-21T00:56:04.2353890+02:00" testType="13cdc9d9-ddb5-4fa4-a97d-d965ccfc6d4b" outcome="Passed" testListId="8c84fa94-04c1-424b-9868-57a2d4851a1d" relativeResultsDirectory="bf490355-c2ae-4c44-b568-a5fbfe15c6e2">
    </UnitTestResult>
    <UnitTestResult executionId="df26d410-a99c-421c-8aca-9c16acd77fac" testId="c7536d31-0bc6-a379-5d57-b2fcc3ad9f2c" testName="CreateNewPropertyTest3" computerName="ХП" duration="00:00:00.0008124" startTime="2012-01-21T00:56:04.2383892+02:00" endTime="2012-01-21T00:56:04.2553902+02:00" testType="13cdc9d9-ddb5-4fa4-a97d-d965ccfc6d4b" outcome="Passed" testListId="8c84fa94-04c1-424b-9868-57a2d4851a1d" relativeResultsDirectory="df26d410-a99c-421c-8aca-9c16acd77fac">
    </UnitTestResult>
    <UnitTestResult executionId="67577120-29ed-4f9a-9323-c814b01a5e6c" testId="3cc554ee-dc1d-1d98-3159-a14f45ff35c7" testName="GetProjectTest" computerName="ХП" duration="00:00:00.0243693" startTime="2012-01-21T00:56:04.2613905+02:00" endTime="2012-01-21T00:56:04.2923923+02:00" testType="13cdc9d9-ddb5-4fa4-a97d-d965ccfc6d4b" outcome="Failed" testListId="8c84fa94-04c1-424b-9868-57a2d4851a1d" relativeResultsDirectory="67577120-29ed-4f9a-9323-c814b01a5e6c">
      <Output>
        <ErrorInfo>
          <Message>Assert.IsNotNull failed. </Message>
          <StackTrace>   в TestProject.ProjectsReaderTest.GetProjectTest() в E:\информация\Проекты\поиск работы\itransition\ProjectsWatcher\ProjectWatcher\TestProject\ProjectsReaderTest.cs:строка 145
</StackTrace>
        </ErrorInfo>
      </Output>
    </UnitTestResult>
  </Results>
</TestRun>