<?xml version="1.0" encoding="UTF-8"?>
<TestRun id="28c8fe7d-3900-48f5-a941-34969bc7e28c" name="Dmitry@ХП 2012-01-19 13:11:20" runUser="ХП\Dmitry" xmlns="http://microsoft.com/schemas/VisualStudio/TeamTest/2010">
  <TestSettings name="Local" id="744b2588-026e-462a-817a-acbe96aacba9">
    <Description>These are default test settings for a local test run.</Description>
    <Deployment enabled="false" runDeploymentRoot="Dmitry_ХП 2012-01-19 13_11_20">
      <DeploymentItem filename="E:\информация\Проекты\поиск работы\itransition\ProjectsWatcher\ProjectWatcher\ExternalLibs\Rhino.Mocks.dll" />
      <DeploymentItem filename="E:\информация\Проекты\поиск работы\itransition\ProjectsWatcher\ProjectWatcher\packages\EntityFramework.4.1.10331.0\lib\EntityFramework.dll" />
      <DeploymentItem filename="E:\информация\Проекты\поиск работы\itransition\ProjectsWatcher\ProjectWatcher\ExternalLibs\NMock2.dll" />
      <DeploymentItem filename="E:\информация\Проекты\поиск работы\itransition\ProjectsWatcher\ProjectWatcher\Authorization\bin\Debug\Authorization.dll" />
      <DeploymentItem filename="E:\информация\Проекты\поиск работы\itransition\ProjectsWatcher\ProjectWatcher\ProjectWatcher\bin\ProjectWatcher.dll" />
      <DeploymentItem filename="E:\информация\Проекты\поиск работы\itransition\ProjectsWatcher\ProjectWatcher\TestProject\bin\Debug\anrControls.Markdown.NET.dll" />
      <DeploymentItem filename="E:\информация\Проекты\поиск работы\itransition\ProjectsWatcher\ProjectWatcher\DAL\bin\Debug\DAL.dll" />
    </Deployment>
    <Execution>
      <TestTypeSpecific />
      <AgentRule name="Execution Agents">
      </AgentRule>
    </Execution>
  </TestSettings>
  <Times creation="2012-01-19T13:11:20.4393958+02:00" queuing="2012-01-19T13:11:30.6585103+02:00" start="2012-01-19T13:11:31.2045164+02:00" finish="2012-01-19T13:12:05.3688990+02:00" />
  <ResultSummary outcome="Failed">
    <Counters total="18" executed="18" passed="16" error="0" failed="2" timeout="0" aborted="0" inconclusive="0" passedButRunAborted="0" notRunnable="0" notExecuted="0" disconnected="0" warning="0" completed="0" inProgress="0" pending="0" />
  </ResultSummary>
  <TestDefinitions>
    <UnitTest name="DeleteFunctionsTest" storage="e:\информация\проекты\поиск работы\itransition\projectswatcher\projectwatcher\testproject\bin\debug\testproject.dll" id="19af2c87-2e28-0ae7-52ee-e6e5a46fbe1b">
      <Execution id="34e61523-d416-4b86-aac0-52646497364f" />
      <TestMethod codeBase="E:/информация/Проекты/поиск работы/itransition/ProjectsWatcher/ProjectWatcher/TestProject/bin/Debug/TestProject.DLL" adapterTypeName="Microsoft.VisualStudio.TestTools.TestTypes.Unit.UnitTestAdapter, Microsoft.VisualStudio.QualityTools.Tips.UnitTest.Adapter, Version=10.0.0.0, Culture=neutral, PublicKeyToken=b03f5f7f11d50a3a" className="TestProject.ProjectsHelperTest, TestProject, Version=1.0.0.0, Culture=neutral, PublicKeyToken=null" name="DeleteFunctionsTest" />
    </UnitTest>
    <UnitTest name="RequestBuilderTest" storage="e:\информация\проекты\поиск работы\itransition\projectswatcher\projectwatcher\testproject\bin\debug\testproject.dll" id="ef00f901-fd6a-b75c-5f01-f2fa43dfda91">
      <Execution id="f6c394ff-8604-4f53-8a28-35e4c49bb073" />
      <TestMethod codeBase="E:/информация/Проекты/поиск работы/itransition/ProjectsWatcher/ProjectWatcher/TestProject/bin/Debug/TestProject.DLL" adapterTypeName="Microsoft.VisualStudio.TestTools.TestTypes.Unit.UnitTestAdapter, Microsoft.VisualStudio.QualityTools.Tips.UnitTest.Adapter, Version=10.0.0.0, Culture=neutral, PublicKeyToken=b03f5f7f11d50a3a" className="TestProject.ProjectsHelperTest, TestProject, Version=1.0.0.0, Culture=neutral, PublicKeyToken=null" name="RequestBuilderTest" />
    </UnitTest>
    <UnitTest name="CreateFooterModelTest" storage="e:\информация\проекты\поиск работы\itransition\projectswatcher\projectwatcher\testproject\bin\debug\testproject.dll" id="b7f7d50f-7580-9f38-5947-a3a34adaf952">
      <Execution id="e689ec7b-5422-4c54-8503-c986be381fbd" />
      <TestMethod codeBase="E:/информация/Проекты/поиск работы/itransition/ProjectsWatcher/ProjectWatcher/TestProject/bin/Debug/TestProject.DLL" adapterTypeName="Microsoft.VisualStudio.TestTools.TestTypes.Unit.UnitTestAdapter, Microsoft.VisualStudio.QualityTools.Tips.UnitTest.Adapter, Version=10.0.0.0, Culture=neutral, PublicKeyToken=b03f5f7f11d50a3a" className="TestProject.ProjectsHelperTest, TestProject, Version=1.0.0.0, Culture=neutral, PublicKeyToken=null" name="CreateFooterModelTest" />
    </UnitTest>
    <UnitTest name="StringToColumnTest" storage="e:\информация\проекты\поиск работы\itransition\projectswatcher\projectwatcher\testproject\bin\debug\testproject.dll" id="5e6eb382-3c25-c34d-109c-e268ac443ad8">
      <Execution id="cd12cd27-ab58-42bb-8b21-f39478f2e79e" />
      <TestMethod codeBase="E:/информация/Проекты/поиск работы/itransition/ProjectsWatcher/ProjectWatcher/TestProject/bin/Debug/TestProject.DLL" adapterTypeName="Microsoft.VisualStudio.TestTools.TestTypes.Unit.UnitTestAdapter, Microsoft.VisualStudio.QualityTools.Tips.UnitTest.Adapter, Version=10.0.0.0, Culture=neutral, PublicKeyToken=b03f5f7f11d50a3a" className="TestProject.ProjectsHelperTest, TestProject, Version=1.0.0.0, Culture=neutral, PublicKeyToken=null" name="StringToColumnTest" />
    </UnitTest>
    <UnitTest name="GetPropertiesDefinitionsTest" storage="e:\информация\проекты\поиск работы\itransition\projectswatcher\projectwatcher\testproject\bin\debug\testproject.dll" id="3fadbe7c-8122-8645-3fe8-e0598248f416">
      <Execution id="6147f005-12dd-4b07-ac67-1304f0fe478b" />
      <TestMethod codeBase="E:/информация/Проекты/поиск работы/itransition/ProjectsWatcher/ProjectWatcher/TestProject/bin/Debug/TestProject.DLL" adapterTypeName="Microsoft.VisualStudio.TestTools.TestTypes.Unit.UnitTestAdapter, Microsoft.VisualStudio.QualityTools.Tips.UnitTest.Adapter, Version=10.0.0.0, Culture=neutral, PublicKeyToken=b03f5f7f11d50a3a" className="TestProject.ProjectsReaderTest, TestProject, Version=1.0.0.0, Culture=neutral, PublicKeyToken=null" name="GetPropertiesDefinitionsTest" />
    </UnitTest>
    <UnitTest name="CreateFilterModelTest" storage="e:\информация\проекты\поиск работы\itransition\projectswatcher\projectwatcher\testproject\bin\debug\testproject.dll" id="3bf54a8a-3985-7233-1816-155c4f3016be">
      <Execution id="949f4d44-ea10-4c16-bd96-b9814d8db595" />
      <TestMethod codeBase="E:/информация/Проекты/поиск работы/itransition/ProjectsWatcher/ProjectWatcher/TestProject/bin/Debug/TestProject.DLL" adapterTypeName="Microsoft.VisualStudio.TestTools.TestTypes.Unit.UnitTestAdapter, Microsoft.VisualStudio.QualityTools.Tips.UnitTest.Adapter, Version=10.0.0.0, Culture=neutral, PublicKeyToken=b03f5f7f11d50a3a" className="TestProject.ProjectsHelperTest, TestProject, Version=1.0.0.0, Culture=neutral, PublicKeyToken=null" name="CreateFilterModelTest" />
    </UnitTest>
    <UnitTest name="GetFuncAndVarTest" storage="e:\информация\проекты\поиск работы\itransition\projectswatcher\projectwatcher\testproject\bin\debug\testproject.dll" id="e4ee5135-d52c-e831-1731-99027035f03a">
      <Execution id="2789e5e3-c406-414a-939b-9690fc382803" />
      <TestMethod codeBase="E:/информация/Проекты/поиск работы/itransition/ProjectsWatcher/ProjectWatcher/TestProject/bin/Debug/TestProject.DLL" adapterTypeName="Microsoft.VisualStudio.TestTools.TestTypes.Unit.UnitTestAdapter, Microsoft.VisualStudio.QualityTools.Tips.UnitTest.Adapter, Version=10.0.0.0, Culture=neutral, PublicKeyToken=b03f5f7f11d50a3a" className="TestProject.ProjectsHelperTest, TestProject, Version=1.0.0.0, Culture=neutral, PublicKeyToken=null" name="GetFuncAndVarTest" />
    </UnitTest>
    <UnitTest name="FormCSVFileTest" storage="e:\информация\проекты\поиск работы\itransition\projectswatcher\projectwatcher\testproject\bin\debug\testproject.dll" id="c073fbef-a541-181b-a5d4-d06f138e9cab">
      <Execution id="8a0e03f1-2575-4b98-9bc5-8089add4632b" />
      <TestMethod codeBase="E:/информация/Проекты/поиск работы/itransition/ProjectsWatcher/ProjectWatcher/TestProject/bin/Debug/TestProject.DLL" adapterTypeName="Microsoft.VisualStudio.TestTools.TestTypes.Unit.UnitTestAdapter, Microsoft.VisualStudio.QualityTools.Tips.UnitTest.Adapter, Version=10.0.0.0, Culture=neutral, PublicKeyToken=b03f5f7f11d50a3a" className="TestProject.ProjectsHelperTest, TestProject, Version=1.0.0.0, Culture=neutral, PublicKeyToken=null" name="FormCSVFileTest" />
    </UnitTest>
    <UnitTest name="GetFunctionsTest" storage="e:\информация\проекты\поиск работы\itransition\projectswatcher\projectwatcher\testproject\bin\debug\testproject.dll" id="067bc254-eb01-e54b-b1b0-617ef6ab44e1">
      <Execution id="49e85205-a96d-4a3a-ac4e-bbfb4736c1bd" />
      <TestMethod codeBase="E:/информация/Проекты/поиск работы/itransition/ProjectsWatcher/ProjectWatcher/TestProject/bin/Debug/TestProject.DLL" adapterTypeName="Microsoft.VisualStudio.TestTools.TestTypes.Unit.UnitTestAdapter, Microsoft.VisualStudio.QualityTools.Tips.UnitTest.Adapter, Version=10.0.0.0, Culture=neutral, PublicKeyToken=b03f5f7f11d50a3a" className="TestProject.ProjectsHelperTest, TestProject, Version=1.0.0.0, Culture=neutral, PublicKeyToken=null" name="GetFunctionsTest" />
    </UnitTest>
    <UnitTest name="CreateNewPropertyTest" storage="e:\информация\проекты\поиск работы\itransition\projectswatcher\projectwatcher\testproject\bin\debug\testproject.dll" id="1f56f60c-0246-0e1b-9b51-e09fa0bc6b66">
      <Execution id="053bfb32-2c0a-468a-bd74-8b4580ee52e6" />
      <TestMethod codeBase="E:/информация/Проекты/поиск работы/itransition/ProjectsWatcher/ProjectWatcher/TestProject/bin/Debug/TestProject.DLL" adapterTypeName="Microsoft.VisualStudio.TestTools.TestTypes.Unit.UnitTestAdapter, Microsoft.VisualStudio.QualityTools.Tips.UnitTest.Adapter, Version=10.0.0.0, Culture=neutral, PublicKeyToken=b03f5f7f11d50a3a" className="TestProject.ProjectsReaderTest, TestProject, Version=1.0.0.0, Culture=neutral, PublicKeyToken=null" name="CreateNewPropertyTest" />
    </UnitTest>
    <UnitTest name="SetValuesIntoFormulasTest" storage="e:\информация\проекты\поиск работы\itransition\projectswatcher\projectwatcher\testproject\bin\debug\testproject.dll" id="15097f91-037d-e8d1-b5f3-56560dcfdece">
      <Execution id="65fcbe0f-9f14-4984-8fab-370e6bad90f1" />
      <TestMethod codeBase="E:/информация/Проекты/поиск работы/itransition/ProjectsWatcher/ProjectWatcher/TestProject/bin/Debug/TestProject.DLL" adapterTypeName="Microsoft.VisualStudio.TestTools.TestTypes.Unit.UnitTestAdapter, Microsoft.VisualStudio.QualityTools.Tips.UnitTest.Adapter, Version=10.0.0.0, Culture=neutral, PublicKeyToken=b03f5f7f11d50a3a" className="TestProject.ProjectsHelperTest, TestProject, Version=1.0.0.0, Culture=neutral, PublicKeyToken=null" name="SetValuesIntoFormulasTest" />
    </UnitTest>
    <UnitTest name="GetVariablesTest" storage="e:\информация\проекты\поиск работы\itransition\projectswatcher\projectwatcher\testproject\bin\debug\testproject.dll" id="41a1eb7c-2590-e013-66f1-5e5b6213345a">
      <Execution id="7dbb181f-62ad-4902-9625-d74ec4c28f7e" />
      <TestMethod codeBase="E:/информация/Проекты/поиск работы/itransition/ProjectsWatcher/ProjectWatcher/TestProject/bin/Debug/TestProject.DLL" adapterTypeName="Microsoft.VisualStudio.TestTools.TestTypes.Unit.UnitTestAdapter, Microsoft.VisualStudio.QualityTools.Tips.UnitTest.Adapter, Version=10.0.0.0, Culture=neutral, PublicKeyToken=b03f5f7f11d50a3a" className="TestProject.ProjectsHelperTest, TestProject, Version=1.0.0.0, Culture=neutral, PublicKeyToken=null" name="GetVariablesTest" />
    </UnitTest>
    <UnitTest name="WriteDataToStreamTest" storage="e:\информация\проекты\поиск работы\itransition\projectswatcher\projectwatcher\testproject\bin\debug\testproject.dll" id="c90ec8f8-c348-7505-c10d-ca60a4e7f9a7">
      <Execution id="a77df9d1-8817-4748-884c-512f31df63c1" />
      <TestMethod codeBase="E:/информация/Проекты/поиск работы/itransition/ProjectsWatcher/ProjectWatcher/TestProject/bin/Debug/TestProject.DLL" adapterTypeName="Microsoft.VisualStudio.TestTools.TestTypes.Unit.UnitTestAdapter, Microsoft.VisualStudio.QualityTools.Tips.UnitTest.Adapter, Version=10.0.0.0, Culture=neutral, PublicKeyToken=b03f5f7f11d50a3a" className="TestProject.ProjectsHelperTest, TestProject, Version=1.0.0.0, Culture=neutral, PublicKeyToken=null" name="WriteDataToStreamTest" />
    </UnitTest>
    <UnitTest name="GetRequestBuilderTest" storage="e:\информация\проекты\поиск работы\itransition\projectswatcher\projectwatcher\testproject\bin\debug\testproject.dll" id="1e142c3d-c55c-6d86-e41b-fc3cedd943ea">
      <Execution id="78ab8c0d-cbdb-4637-8065-8243af7556cb" />
      <TestMethod codeBase="E:/информация/Проекты/поиск работы/itransition/ProjectsWatcher/ProjectWatcher/TestProject/bin/Debug/TestProject.DLL" adapterTypeName="Microsoft.VisualStudio.TestTools.TestTypes.Unit.UnitTestAdapter, Microsoft.VisualStudio.QualityTools.Tips.UnitTest.Adapter, Version=10.0.0.0, Culture=neutral, PublicKeyToken=b03f5f7f11d50a3a" className="TestProject.ProjectsHelperTest, TestProject, Version=1.0.0.0, Culture=neutral, PublicKeyToken=null" name="GetRequestBuilderTest" />
    </UnitTest>
    <UnitTest name="StringToColumnExceptionTest" storage="e:\информация\проекты\поиск работы\itransition\projectswatcher\projectwatcher\testproject\bin\debug\testproject.dll" id="f9ef6d41-1239-8f52-3dfb-a0a832532c16">
      <Execution id="826c92ac-ad60-4638-a500-4260c59bfea4" />
      <TestMethod codeBase="E:/информация/Проекты/поиск работы/itransition/ProjectsWatcher/ProjectWatcher/TestProject/bin/Debug/TestProject.DLL" adapterTypeName="Microsoft.VisualStudio.TestTools.TestTypes.Unit.UnitTestAdapter, Microsoft.VisualStudio.QualityTools.Tips.UnitTest.Adapter, Version=10.0.0.0, Culture=neutral, PublicKeyToken=b03f5f7f11d50a3a" className="TestProject.ProjectsHelperTest, TestProject, Version=1.0.0.0, Culture=neutral, PublicKeyToken=null" name="StringToColumnExceptionTest" />
    </UnitTest>
    <UnitTest name="GetFunctionsAndVariablesTest" storage="e:\информация\проекты\поиск работы\itransition\projectswatcher\projectwatcher\testproject\bin\debug\testproject.dll" id="6b322db4-52bb-b761-35a2-88784156fad4">
      <Execution id="24f41338-2138-46fa-9b8b-8d1777856b5d" />
      <TestMethod codeBase="E:/информация/Проекты/поиск работы/itransition/ProjectsWatcher/ProjectWatcher/TestProject/bin/Debug/TestProject.DLL" adapterTypeName="Microsoft.VisualStudio.TestTools.TestTypes.Unit.UnitTestAdapter, Microsoft.VisualStudio.QualityTools.Tips.UnitTest.Adapter, Version=10.0.0.0, Culture=neutral, PublicKeyToken=b03f5f7f11d50a3a" className="TestProject.ProjectsHelperTest, TestProject, Version=1.0.0.0, Culture=neutral, PublicKeyToken=null" name="GetFunctionsAndVariablesTest" />
    </UnitTest>
    <UnitTest name="CreateExportDataTest" storage="e:\информация\проекты\поиск работы\itransition\projectswatcher\projectwatcher\testproject\bin\debug\testproject.dll" id="4cca512c-3df2-ed2f-b893-3ab183a0f8a1">
      <Execution id="8417bc21-6f84-4c1a-a4aa-753624be0f55" />
      <TestMethod codeBase="E:/информация/Проекты/поиск работы/itransition/ProjectsWatcher/ProjectWatcher/TestProject/bin/Debug/TestProject.DLL" adapterTypeName="Microsoft.VisualStudio.TestTools.TestTypes.Unit.UnitTestAdapter, Microsoft.VisualStudio.QualityTools.Tips.UnitTest.Adapter, Version=10.0.0.0, Culture=neutral, PublicKeyToken=b03f5f7f11d50a3a" className="TestProject.ProjectsHelperTest, TestProject, Version=1.0.0.0, Culture=neutral, PublicKeyToken=null" name="CreateExportDataTest" />
    </UnitTest>
    <UnitTest name="GetProjectTest" storage="e:\информация\проекты\поиск работы\itransition\projectswatcher\projectwatcher\testproject\bin\debug\testproject.dll" id="3cc554ee-dc1d-1d98-3159-a14f45ff35c7">
      <Execution id="dd86281c-b38e-4b6d-bc76-517e594bcd05" />
      <TestMethod codeBase="E:/информация/Проекты/поиск работы/itransition/ProjectsWatcher/ProjectWatcher/TestProject/bin/Debug/TestProject.DLL" adapterTypeName="Microsoft.VisualStudio.TestTools.TestTypes.Unit.UnitTestAdapter, Microsoft.VisualStudio.QualityTools.Tips.UnitTest.Adapter, Version=10.0.0.0, Culture=neutral, PublicKeyToken=b03f5f7f11d50a3a" className="TestProject.ProjectsReaderTest, TestProject, Version=1.0.0.0, Culture=neutral, PublicKeyToken=null" name="GetProjectTest" />
    </UnitTest>
  </TestDefinitions>
  <TestLists>
    <TestList name="Results Not in a List" id="8c84fa94-04c1-424b-9868-57a2d4851a1d" />
    <TestList name="All Loaded Results" id="19431567-8539-422a-85d7-44ee4e166bda" />
  </TestLists>
  <TestEntries>
    <TestEntry testId="f9ef6d41-1239-8f52-3dfb-a0a832532c16" executionId="826c92ac-ad60-4638-a500-4260c59bfea4" testListId="8c84fa94-04c1-424b-9868-57a2d4851a1d" />
    <TestEntry testId="e4ee5135-d52c-e831-1731-99027035f03a" executionId="2789e5e3-c406-414a-939b-9690fc382803" testListId="8c84fa94-04c1-424b-9868-57a2d4851a1d" />
    <TestEntry testId="ef00f901-fd6a-b75c-5f01-f2fa43dfda91" executionId="f6c394ff-8604-4f53-8a28-35e4c49bb073" testListId="8c84fa94-04c1-424b-9868-57a2d4851a1d" />
    <TestEntry testId="3bf54a8a-3985-7233-1816-155c4f3016be" executionId="949f4d44-ea10-4c16-bd96-b9814d8db595" testListId="8c84fa94-04c1-424b-9868-57a2d4851a1d" />
    <TestEntry testId="b7f7d50f-7580-9f38-5947-a3a34adaf952" executionId="e689ec7b-5422-4c54-8503-c986be381fbd" testListId="8c84fa94-04c1-424b-9868-57a2d4851a1d" />
    <TestEntry testId="19af2c87-2e28-0ae7-52ee-e6e5a46fbe1b" executionId="34e61523-d416-4b86-aac0-52646497364f" testListId="8c84fa94-04c1-424b-9868-57a2d4851a1d" />
    <TestEntry testId="067bc254-eb01-e54b-b1b0-617ef6ab44e1" executionId="49e85205-a96d-4a3a-ac4e-bbfb4736c1bd" testListId="8c84fa94-04c1-424b-9868-57a2d4851a1d" />
    <TestEntry testId="6b322db4-52bb-b761-35a2-88784156fad4" executionId="24f41338-2138-46fa-9b8b-8d1777856b5d" testListId="8c84fa94-04c1-424b-9868-57a2d4851a1d" />
    <TestEntry testId="1e142c3d-c55c-6d86-e41b-fc3cedd943ea" executionId="78ab8c0d-cbdb-4637-8065-8243af7556cb" testListId="8c84fa94-04c1-424b-9868-57a2d4851a1d" />
    <TestEntry testId="41a1eb7c-2590-e013-66f1-5e5b6213345a" executionId="7dbb181f-62ad-4902-9625-d74ec4c28f7e" testListId="8c84fa94-04c1-424b-9868-57a2d4851a1d" />
    <TestEntry testId="15097f91-037d-e8d1-b5f3-56560dcfdece" executionId="65fcbe0f-9f14-4984-8fab-370e6bad90f1" testListId="8c84fa94-04c1-424b-9868-57a2d4851a1d" />
    <TestEntry testId="5e6eb382-3c25-c34d-109c-e268ac443ad8" executionId="cd12cd27-ab58-42bb-8b21-f39478f2e79e" testListId="8c84fa94-04c1-424b-9868-57a2d4851a1d" />
    <TestEntry testId="3fadbe7c-8122-8645-3fe8-e0598248f416" executionId="6147f005-12dd-4b07-ac67-1304f0fe478b" testListId="8c84fa94-04c1-424b-9868-57a2d4851a1d" />
    <TestEntry testId="1f56f60c-0246-0e1b-9b51-e09fa0bc6b66" executionId="053bfb32-2c0a-468a-bd74-8b4580ee52e6" testListId="8c84fa94-04c1-424b-9868-57a2d4851a1d" />
    <TestEntry testId="3cc554ee-dc1d-1d98-3159-a14f45ff35c7" executionId="dd86281c-b38e-4b6d-bc76-517e594bcd05" testListId="8c84fa94-04c1-424b-9868-57a2d4851a1d" />
    <TestEntry testId="4cca512c-3df2-ed2f-b893-3ab183a0f8a1" executionId="8417bc21-6f84-4c1a-a4aa-753624be0f55" testListId="8c84fa94-04c1-424b-9868-57a2d4851a1d" />
    <TestEntry testId="c90ec8f8-c348-7505-c10d-ca60a4e7f9a7" executionId="a77df9d1-8817-4748-884c-512f31df63c1" testListId="8c84fa94-04c1-424b-9868-57a2d4851a1d" />
    <TestEntry testId="c073fbef-a541-181b-a5d4-d06f138e9cab" executionId="8a0e03f1-2575-4b98-9bc5-8089add4632b" testListId="8c84fa94-04c1-424b-9868-57a2d4851a1d" />
  </TestEntries>
  <Results>
    <UnitTestResult executionId="826c92ac-ad60-4638-a500-4260c59bfea4" testId="f9ef6d41-1239-8f52-3dfb-a0a832532c16" testName="StringToColumnExceptionTest" computerName="ХП" duration="00:00:03.7408174" startTime="2012-01-19T13:11:31.5415202+02:00" endTime="2012-01-19T13:11:36.5325761+02:00" testType="13cdc9d9-ddb5-4fa4-a97d-d965ccfc6d4b" outcome="Passed" testListId="8c84fa94-04c1-424b-9868-57a2d4851a1d" relativeResultsDirectory="826c92ac-ad60-4638-a500-4260c59bfea4">
    </UnitTestResult>
    <UnitTestResult executionId="2789e5e3-c406-414a-939b-9690fc382803" testId="e4ee5135-d52c-e831-1731-99027035f03a" testName="GetFuncAndVarTest" computerName="ХП" duration="00:00:00.0028675" startTime="2012-01-19T13:11:36.5705765+02:00" endTime="2012-01-19T13:11:36.5935768+02:00" testType="13cdc9d9-ddb5-4fa4-a97d-d965ccfc6d4b" outcome="Passed" testListId="8c84fa94-04c1-424b-9868-57a2d4851a1d" relativeResultsDirectory="2789e5e3-c406-414a-939b-9690fc382803">
    </UnitTestResult>
    <UnitTestResult executionId="f6c394ff-8604-4f53-8a28-35e4c49bb073" testId="ef00f901-fd6a-b75c-5f01-f2fa43dfda91" testName="RequestBuilderTest" computerName="ХП" duration="00:00:00.0657749" startTime="2012-01-19T13:11:36.6065769+02:00" endTime="2012-01-19T13:11:36.6965779+02:00" testType="13cdc9d9-ddb5-4fa4-a97d-d965ccfc6d4b" outcome="Passed" testListId="8c84fa94-04c1-424b-9868-57a2d4851a1d" relativeResultsDirectory="f6c394ff-8604-4f53-8a28-35e4c49bb073">
    </UnitTestResult>
    <UnitTestResult executionId="949f4d44-ea10-4c16-bd96-b9814d8db595" testId="3bf54a8a-3985-7233-1816-155c4f3016be" testName="CreateFilterModelTest" computerName="ХП" duration="00:00:00.0246694" startTime="2012-01-19T13:11:36.7315783+02:00" endTime="2012-01-19T13:11:36.7805789+02:00" testType="13cdc9d9-ddb5-4fa4-a97d-d965ccfc6d4b" outcome="Passed" testListId="8c84fa94-04c1-424b-9868-57a2d4851a1d" relativeResultsDirectory="949f4d44-ea10-4c16-bd96-b9814d8db595">
    </UnitTestResult>
    <UnitTestResult executionId="e689ec7b-5422-4c54-8503-c986be381fbd" testId="b7f7d50f-7580-9f38-5947-a3a34adaf952" testName="CreateFooterModelTest" computerName="ХП" duration="00:00:00.0024431" startTime="2012-01-19T13:11:36.8065792+02:00" endTime="2012-01-19T13:11:36.8245794+02:00" testType="13cdc9d9-ddb5-4fa4-a97d-d965ccfc6d4b" outcome="Passed" testListId="8c84fa94-04c1-424b-9868-57a2d4851a1d" relativeResultsDirectory="e689ec7b-5422-4c54-8503-c986be381fbd">
    </UnitTestResult>
    <UnitTestResult executionId="34e61523-d416-4b86-aac0-52646497364f" testId="19af2c87-2e28-0ae7-52ee-e6e5a46fbe1b" testName="DeleteFunctionsTest" computerName="ХП" duration="00:00:00.0019127" startTime="2012-01-19T13:11:36.8345795+02:00" endTime="2012-01-19T13:11:36.8585797+02:00" testType="13cdc9d9-ddb5-4fa4-a97d-d965ccfc6d4b" outcome="Passed" testListId="8c84fa94-04c1-424b-9868-57a2d4851a1d" relativeResultsDirectory="34e61523-d416-4b86-aac0-52646497364f">
    </UnitTestResult>
    <UnitTestResult executionId="49e85205-a96d-4a3a-ac4e-bbfb4736c1bd" testId="067bc254-eb01-e54b-b1b0-617ef6ab44e1" testName="GetFunctionsTest" computerName="ХП" duration="00:00:00.0020330" startTime="2012-01-19T13:11:36.8785800+02:00" endTime="2012-01-19T13:11:36.9125803+02:00" testType="13cdc9d9-ddb5-4fa4-a97d-d965ccfc6d4b" outcome="Passed" testListId="8c84fa94-04c1-424b-9868-57a2d4851a1d" relativeResultsDirectory="49e85205-a96d-4a3a-ac4e-bbfb4736c1bd">
    </UnitTestResult>
    <UnitTestResult executionId="24f41338-2138-46fa-9b8b-8d1777856b5d" testId="6b322db4-52bb-b761-35a2-88784156fad4" testName="GetFunctionsAndVariablesTest" computerName="ХП" duration="00:00:00.0008053" startTime="2012-01-19T13:11:36.9275805+02:00" endTime="2012-01-19T13:11:36.9455807+02:00" testType="13cdc9d9-ddb5-4fa4-a97d-d965ccfc6d4b" outcome="Passed" testListId="8c84fa94-04c1-424b-9868-57a2d4851a1d" relativeResultsDirectory="24f41338-2138-46fa-9b8b-8d1777856b5d">
    </UnitTestResult>
    <UnitTestResult executionId="78ab8c0d-cbdb-4637-8065-8243af7556cb" testId="1e142c3d-c55c-6d86-e41b-fc3cedd943ea" testName="GetRequestBuilderTest" computerName="ХП" duration="00:00:00.0776112" startTime="2012-01-19T13:11:36.9585809+02:00" endTime="2012-01-19T13:11:37.0535819+02:00" testType="13cdc9d9-ddb5-4fa4-a97d-d965ccfc6d4b" outcome="Passed" testListId="8c84fa94-04c1-424b-9868-57a2d4851a1d" relativeResultsDirectory="78ab8c0d-cbdb-4637-8065-8243af7556cb">
    </UnitTestResult>
    <UnitTestResult executionId="7dbb181f-62ad-4902-9625-d74ec4c28f7e" testId="41a1eb7c-2590-e013-66f1-5e5b6213345a" testName="GetVariablesTest" computerName="ХП" duration="00:00:00.0018395" startTime="2012-01-19T13:11:37.0775822+02:00" endTime="2012-01-19T13:11:37.0985824+02:00" testType="13cdc9d9-ddb5-4fa4-a97d-d965ccfc6d4b" outcome="Passed" testListId="8c84fa94-04c1-424b-9868-57a2d4851a1d" relativeResultsDirectory="7dbb181f-62ad-4902-9625-d74ec4c28f7e">
    </UnitTestResult>
    <UnitTestResult executionId="65fcbe0f-9f14-4984-8fab-370e6bad90f1" testId="15097f91-037d-e8d1-b5f3-56560dcfdece" testName="SetValuesIntoFormulasTest" computerName="ХП" duration="00:00:00.0304870" startTime="2012-01-19T13:11:37.1225827+02:00" endTime="2012-01-19T13:11:37.1835834+02:00" testType="13cdc9d9-ddb5-4fa4-a97d-d965ccfc6d4b" outcome="Passed" testListId="8c84fa94-04c1-424b-9868-57a2d4851a1d" relativeResultsDirectory="65fcbe0f-9f14-4984-8fab-370e6bad90f1">
    </UnitTestResult>
    <UnitTestResult executionId="cd12cd27-ab58-42bb-8b21-f39478f2e79e" testId="5e6eb382-3c25-c34d-109c-e268ac443ad8" testName="StringToColumnTest" computerName="ХП" duration="00:00:02.1402513" startTime="2012-01-19T13:11:37.2035836+02:00" endTime="2012-01-19T13:11:39.3686078+02:00" testType="13cdc9d9-ddb5-4fa4-a97d-d965ccfc6d4b" outcome="Passed" testListId="8c84fa94-04c1-424b-9868-57a2d4851a1d" relativeResultsDirectory="cd12cd27-ab58-42bb-8b21-f39478f2e79e">
    </UnitTestResult>
    <UnitTestResult executionId="6147f005-12dd-4b07-ac67-1304f0fe478b" testId="3fadbe7c-8122-8645-3fe8-e0598248f416" testName="GetPropertiesDefinitionsTest" computerName="ХП" duration="00:00:00.0028680" startTime="2012-01-19T13:11:39.3956082+02:00" endTime="2012-01-19T13:11:39.4156084+02:00" testType="13cdc9d9-ddb5-4fa4-a97d-d965ccfc6d4b" outcome="Passed" testListId="8c84fa94-04c1-424b-9868-57a2d4851a1d" relativeResultsDirectory="6147f005-12dd-4b07-ac67-1304f0fe478b">
    </UnitTestResult>
    <UnitTestResult executionId="053bfb32-2c0a-468a-bd74-8b4580ee52e6" testId="1f56f60c-0246-0e1b-9b51-e09fa0bc6b66" testName="CreateNewPropertyTest" computerName="ХП" duration="00:00:21.3625911" startTime="2012-01-19T13:11:39.4276085+02:00" endTime="2012-01-19T13:12:00.8648486+02:00" testType="13cdc9d9-ddb5-4fa4-a97d-d965ccfc6d4b" outcome="Failed" testListId="8c84fa94-04c1-424b-9868-57a2d4851a1d" relativeResultsDirectory="053bfb32-2c0a-468a-bd74-8b4580ee52e6">
      <Output>
        <ErrorInfo>
          <Message>Assert.IsTrue failed. </Message>
          <StackTrace>   в TestProject.ProjectsReaderTest.CreateNewPropertyTest() в E:\информация\Проекты\поиск работы\itransition\ProjectsWatcher\ProjectWatcher\TestProject\ProjectsReaderTest.cs:строка 105
</StackTrace>
        </ErrorInfo>
      </Output>
    </UnitTestResult>
    <UnitTestResult executionId="dd86281c-b38e-4b6d-bc76-517e594bcd05" testId="3cc554ee-dc1d-1d98-3159-a14f45ff35c7" testName="GetProjectTest" computerName="ХП" duration="00:00:04.0066572" startTime="2012-01-19T13:12:00.9188492+02:00" endTime="2012-01-19T13:12:04.9518944+02:00" testType="13cdc9d9-ddb5-4fa4-a97d-d965ccfc6d4b" outcome="Failed" testListId="8c84fa94-04c1-424b-9868-57a2d4851a1d" relativeResultsDirectory="dd86281c-b38e-4b6d-bc76-517e594bcd05">
      <Output>
        <ErrorInfo>
          <Message>Assert.IsNotNull failed. </Message>
          <StackTrace>   в TestProject.ProjectsReaderTest.GetProjectTest() в E:\информация\Проекты\поиск работы\itransition\ProjectsWatcher\ProjectWatcher\TestProject\ProjectsReaderTest.cs:строка 140
</StackTrace>
        </ErrorInfo>
      </Output>
    </UnitTestResult>
    <UnitTestResult executionId="8417bc21-6f84-4c1a-a4aa-753624be0f55" testId="4cca512c-3df2-ed2f-b893-3ab183a0f8a1" testName="CreateExportDataTest" computerName="ХП" duration="00:00:00.0056455" startTime="2012-01-19T13:12:04.9698946+02:00" endTime="2012-01-19T13:12:04.9948949+02:00" testType="13cdc9d9-ddb5-4fa4-a97d-d965ccfc6d4b" outcome="Passed" testListId="8c84fa94-04c1-424b-9868-57a2d4851a1d" relativeResultsDirectory="8417bc21-6f84-4c1a-a4aa-753624be0f55">
    </UnitTestResult>
    <UnitTestResult executionId="a77df9d1-8817-4748-884c-512f31df63c1" testId="c90ec8f8-c348-7505-c10d-ca60a4e7f9a7" testName="WriteDataToStreamTest" computerName="ХП" duration="00:00:00.0009701" startTime="2012-01-19T13:12:05.0068950+02:00" endTime="2012-01-19T13:12:05.0268952+02:00" testType="13cdc9d9-ddb5-4fa4-a97d-d965ccfc6d4b" outcome="Passed" testListId="8c84fa94-04c1-424b-9868-57a2d4851a1d" relativeResultsDirectory="a77df9d1-8817-4748-884c-512f31df63c1">
    </UnitTestResult>
    <UnitTestResult executionId="8a0e03f1-2575-4b98-9bc5-8089add4632b" testId="c073fbef-a541-181b-a5d4-d06f138e9cab" testName="FormCSVFileTest" computerName="ХП" duration="00:00:00.0012010" startTime="2012-01-19T13:12:05.0388954+02:00" endTime="2012-01-19T13:12:05.0588956+02:00" testType="13cdc9d9-ddb5-4fa4-a97d-d965ccfc6d4b" outcome="Passed" testListId="8c84fa94-04c1-424b-9868-57a2d4851a1d" relativeResultsDirectory="8a0e03f1-2575-4b98-9bc5-8089add4632b">
    </UnitTestResult>
  </Results>
</TestRun>